[2025-05-08T15:18:21.154+0000] {local_task_job_runner.py:120} INFO - ::group::Pre task execution logs
[2025-05-08T15:18:21.200+0000] {taskinstance.py:2076} INFO - Dependencies all met for dep_context=non-requeueable deps ti=<TaskInstance: e_commerce_dw_etl_decorator.load.load_dim_sellers manual__2025-05-08T15:17:25.111912+00:00 [queued]>
[2025-05-08T15:18:21.215+0000] {taskinstance.py:2076} INFO - Dependencies all met for dep_context=requeueable deps ti=<TaskInstance: e_commerce_dw_etl_decorator.load.load_dim_sellers manual__2025-05-08T15:17:25.111912+00:00 [queued]>
[2025-05-08T15:18:21.216+0000] {taskinstance.py:2306} INFO - Starting attempt 1 of 1
[2025-05-08T15:18:21.249+0000] {taskinstance.py:2330} INFO - Executing <Task(PythonOperator): load.load_dim_sellers> on 2025-05-08 15:17:25.111912+00:00
[2025-05-08T15:18:21.263+0000] {standard_task_runner.py:63} INFO - Started process 12229 to run task
[2025-05-08T15:18:21.269+0000] {standard_task_runner.py:90} INFO - Running: ['***', 'tasks', 'run', 'e_commerce_dw_etl_decorator', 'load.load_dim_sellers', 'manual__2025-05-08T15:17:25.111912+00:00', '--job-id', '152', '--raw', '--subdir', 'DAGS_FOLDER/ecommerce_dw_dag.py', '--cfg-path', '/tmp/tmp6nxsh0ih']
[2025-05-08T15:18:21.273+0000] {standard_task_runner.py:91} INFO - Job 152: Subtask load.load_dim_sellers
[2025-05-08T15:18:21.376+0000] {task_command.py:426} INFO - Running <TaskInstance: e_commerce_dw_etl_decorator.load.load_dim_sellers manual__2025-05-08T15:17:25.111912+00:00 [running]> on host ebff8b55cad8
[2025-05-08T15:18:21.508+0000] {taskinstance.py:2648} INFO - Exporting env vars: AIRFLOW_CTX_DAG_OWNER='***' AIRFLOW_CTX_DAG_ID='e_commerce_dw_etl_decorator' AIRFLOW_CTX_TASK_ID='load.load_dim_sellers' AIRFLOW_CTX_EXECUTION_DATE='2025-05-08T15:17:25.111912+00:00' AIRFLOW_CTX_TRY_NUMBER='1' AIRFLOW_CTX_DAG_RUN_ID='manual__2025-05-08T15:17:25.111912+00:00'
[2025-05-08T15:18:21.510+0000] {taskinstance.py:430} INFO - ::endgroup::
[2025-05-08T15:18:21.512+0000] {logging_mixin.py:188} INFO - Loading latest file: /tmp/dim_sellers_08May2025.parquet
[2025-05-08T15:18:21.616+0000] {base.py:84} INFO - Using connection ID 'postgres' for task execution.
[2025-05-08T15:18:22.327+0000] {logging_mixin.py:188} INFO - Loaded data to dim_sellers successfully.
[2025-05-08T15:18:22.328+0000] {python.py:237} INFO - Done. Returned value was: None
[2025-05-08T15:18:22.330+0000] {taskinstance.py:441} INFO - ::group::Post task execution logs
[2025-05-08T15:18:22.346+0000] {taskinstance.py:1206} INFO - Marking task as SUCCESS. dag_id=e_commerce_dw_etl_decorator, task_id=load.load_dim_sellers, run_id=manual__2025-05-08T15:17:25.111912+00:00, execution_date=20250508T151725, start_date=20250508T151821, end_date=20250508T151822
[2025-05-08T15:18:22.421+0000] {local_task_job_runner.py:240} INFO - Task exited with return code 0
[2025-05-08T15:18:22.453+0000] {taskinstance.py:3503} INFO - 0 downstream tasks scheduled from follow-on schedule check
[2025-05-08T15:18:22.457+0000] {local_task_job_runner.py:222} INFO - ::endgroup::
