[2025-05-09T07:06:43.981+0000] {processor.py:161} INFO - Started process (PID=189) to work on /opt/airflow/dags/dag_with_taskflow_api.py
[2025-05-09T07:06:43.984+0000] {processor.py:830} INFO - Processing file /opt/airflow/dags/dag_with_taskflow_api.py for tasks to queue
[2025-05-09T07:06:43.989+0000] {logging_mixin.py:188} INFO - [2025-05-09T07:06:43.988+0000] {dagbag.py:545} INFO - Filling up the DagBag from /opt/airflow/dags/dag_with_taskflow_api.py
[2025-05-09T07:06:44.051+0000] {processor.py:840} INFO - DAG(s) 'dag_with_taskflow_api' retrieved from /opt/airflow/dags/dag_with_taskflow_api.py
[2025-05-09T07:06:44.376+0000] {logging_mixin.py:188} INFO - [2025-05-09T07:06:44.376+0000] {dag.py:3096} INFO - Sync 1 DAGs
[2025-05-09T07:06:44.406+0000] {logging_mixin.py:188} INFO - [2025-05-09T07:06:44.406+0000] {dag.py:3954} INFO - Setting next_dagrun for dag_with_taskflow_api to 2025-05-08 00:00:00+00:00, run_after=2025-05-09 00:00:00+00:00
[2025-05-09T07:06:44.445+0000] {processor.py:183} INFO - Processing /opt/airflow/dags/dag_with_taskflow_api.py took 0.475 seconds
[2025-05-09T07:07:14.911+0000] {processor.py:161} INFO - Started process (PID=237) to work on /opt/airflow/dags/dag_with_taskflow_api.py
[2025-05-09T07:07:14.913+0000] {processor.py:830} INFO - Processing file /opt/airflow/dags/dag_with_taskflow_api.py for tasks to queue
[2025-05-09T07:07:14.918+0000] {logging_mixin.py:188} INFO - [2025-05-09T07:07:14.917+0000] {dagbag.py:545} INFO - Filling up the DagBag from /opt/airflow/dags/dag_with_taskflow_api.py
[2025-05-09T07:07:14.956+0000] {processor.py:840} INFO - DAG(s) 'dag_with_taskflow_api' retrieved from /opt/airflow/dags/dag_with_taskflow_api.py
[2025-05-09T07:07:14.997+0000] {logging_mixin.py:188} INFO - [2025-05-09T07:07:14.997+0000] {dag.py:3096} INFO - Sync 1 DAGs
[2025-05-09T07:07:15.036+0000] {logging_mixin.py:188} INFO - [2025-05-09T07:07:15.035+0000] {dag.py:3954} INFO - Setting next_dagrun for dag_with_taskflow_api to 2025-05-09 00:00:00+00:00, run_after=2025-05-10 00:00:00+00:00
[2025-05-09T07:07:15.057+0000] {processor.py:183} INFO - Processing /opt/airflow/dags/dag_with_taskflow_api.py took 0.157 seconds
[2025-05-09T07:07:45.171+0000] {processor.py:161} INFO - Started process (PID=297) to work on /opt/airflow/dags/dag_with_taskflow_api.py
[2025-05-09T07:07:45.172+0000] {processor.py:830} INFO - Processing file /opt/airflow/dags/dag_with_taskflow_api.py for tasks to queue
[2025-05-09T07:07:45.175+0000] {logging_mixin.py:188} INFO - [2025-05-09T07:07:45.174+0000] {dagbag.py:545} INFO - Filling up the DagBag from /opt/airflow/dags/dag_with_taskflow_api.py
[2025-05-09T07:07:45.211+0000] {processor.py:840} INFO - DAG(s) 'dag_with_taskflow_api' retrieved from /opt/airflow/dags/dag_with_taskflow_api.py
[2025-05-09T07:07:45.243+0000] {logging_mixin.py:188} INFO - [2025-05-09T07:07:45.243+0000] {dag.py:3096} INFO - Sync 1 DAGs
[2025-05-09T07:07:45.276+0000] {logging_mixin.py:188} INFO - [2025-05-09T07:07:45.276+0000] {dag.py:3954} INFO - Setting next_dagrun for dag_with_taskflow_api to 2025-05-09 00:00:00+00:00, run_after=2025-05-10 00:00:00+00:00
[2025-05-09T07:07:45.303+0000] {processor.py:183} INFO - Processing /opt/airflow/dags/dag_with_taskflow_api.py took 0.140 seconds
[2025-05-09T07:08:15.474+0000] {processor.py:161} INFO - Started process (PID=423) to work on /opt/airflow/dags/dag_with_taskflow_api.py
[2025-05-09T07:08:15.475+0000] {processor.py:830} INFO - Processing file /opt/airflow/dags/dag_with_taskflow_api.py for tasks to queue
[2025-05-09T07:08:15.478+0000] {logging_mixin.py:188} INFO - [2025-05-09T07:08:15.477+0000] {dagbag.py:545} INFO - Filling up the DagBag from /opt/airflow/dags/dag_with_taskflow_api.py
[2025-05-09T07:08:15.512+0000] {processor.py:840} INFO - DAG(s) 'dag_with_taskflow_api' retrieved from /opt/airflow/dags/dag_with_taskflow_api.py
[2025-05-09T07:08:15.544+0000] {logging_mixin.py:188} INFO - [2025-05-09T07:08:15.544+0000] {dag.py:3096} INFO - Sync 1 DAGs
[2025-05-09T07:08:15.572+0000] {logging_mixin.py:188} INFO - [2025-05-09T07:08:15.572+0000] {dag.py:3954} INFO - Setting next_dagrun for dag_with_taskflow_api to 2025-05-09 00:00:00+00:00, run_after=2025-05-10 00:00:00+00:00
[2025-05-09T07:08:15.599+0000] {processor.py:183} INFO - Processing /opt/airflow/dags/dag_with_taskflow_api.py took 0.130 seconds
[2025-05-09T07:08:45.676+0000] {processor.py:161} INFO - Started process (PID=454) to work on /opt/airflow/dags/dag_with_taskflow_api.py
[2025-05-09T07:08:45.677+0000] {processor.py:830} INFO - Processing file /opt/airflow/dags/dag_with_taskflow_api.py for tasks to queue
[2025-05-09T07:08:45.680+0000] {logging_mixin.py:188} INFO - [2025-05-09T07:08:45.680+0000] {dagbag.py:545} INFO - Filling up the DagBag from /opt/airflow/dags/dag_with_taskflow_api.py
[2025-05-09T07:08:45.721+0000] {processor.py:840} INFO - DAG(s) 'dag_with_taskflow_api' retrieved from /opt/airflow/dags/dag_with_taskflow_api.py
[2025-05-09T07:08:45.756+0000] {logging_mixin.py:188} INFO - [2025-05-09T07:08:45.756+0000] {dag.py:3096} INFO - Sync 1 DAGs
[2025-05-09T07:08:45.782+0000] {logging_mixin.py:188} INFO - [2025-05-09T07:08:45.781+0000] {dag.py:3954} INFO - Setting next_dagrun for dag_with_taskflow_api to 2025-05-09 00:00:00+00:00, run_after=2025-05-10 00:00:00+00:00
[2025-05-09T07:08:45.803+0000] {processor.py:183} INFO - Processing /opt/airflow/dags/dag_with_taskflow_api.py took 0.137 seconds
[2025-05-09T07:09:15.892+0000] {processor.py:161} INFO - Started process (PID=490) to work on /opt/airflow/dags/dag_with_taskflow_api.py
[2025-05-09T07:09:15.893+0000] {processor.py:830} INFO - Processing file /opt/airflow/dags/dag_with_taskflow_api.py for tasks to queue
[2025-05-09T07:09:15.895+0000] {logging_mixin.py:188} INFO - [2025-05-09T07:09:15.894+0000] {dagbag.py:545} INFO - Filling up the DagBag from /opt/airflow/dags/dag_with_taskflow_api.py
[2025-05-09T07:09:15.921+0000] {processor.py:840} INFO - DAG(s) 'dag_with_taskflow_api' retrieved from /opt/airflow/dags/dag_with_taskflow_api.py
[2025-05-09T07:09:15.954+0000] {logging_mixin.py:188} INFO - [2025-05-09T07:09:15.954+0000] {dag.py:3096} INFO - Sync 1 DAGs
[2025-05-09T07:09:15.979+0000] {logging_mixin.py:188} INFO - [2025-05-09T07:09:15.979+0000] {dag.py:3954} INFO - Setting next_dagrun for dag_with_taskflow_api to 2025-05-09 00:00:00+00:00, run_after=2025-05-10 00:00:00+00:00
[2025-05-09T07:09:15.996+0000] {processor.py:183} INFO - Processing /opt/airflow/dags/dag_with_taskflow_api.py took 0.110 seconds
[2025-05-09T07:09:46.087+0000] {processor.py:161} INFO - Started process (PID=516) to work on /opt/airflow/dags/dag_with_taskflow_api.py
[2025-05-09T07:09:46.088+0000] {processor.py:830} INFO - Processing file /opt/airflow/dags/dag_with_taskflow_api.py for tasks to queue
[2025-05-09T07:09:46.089+0000] {logging_mixin.py:188} INFO - [2025-05-09T07:09:46.089+0000] {dagbag.py:545} INFO - Filling up the DagBag from /opt/airflow/dags/dag_with_taskflow_api.py
[2025-05-09T07:09:46.120+0000] {processor.py:840} INFO - DAG(s) 'dag_with_taskflow_api' retrieved from /opt/airflow/dags/dag_with_taskflow_api.py
[2025-05-09T07:09:46.153+0000] {logging_mixin.py:188} INFO - [2025-05-09T07:09:46.152+0000] {dag.py:3096} INFO - Sync 1 DAGs
[2025-05-09T07:09:46.177+0000] {logging_mixin.py:188} INFO - [2025-05-09T07:09:46.177+0000] {dag.py:3954} INFO - Setting next_dagrun for dag_with_taskflow_api to 2025-05-09 00:00:00+00:00, run_after=2025-05-10 00:00:00+00:00
[2025-05-09T07:09:46.201+0000] {processor.py:183} INFO - Processing /opt/airflow/dags/dag_with_taskflow_api.py took 0.122 seconds
[2025-05-09T07:10:16.306+0000] {processor.py:161} INFO - Started process (PID=553) to work on /opt/airflow/dags/dag_with_taskflow_api.py
[2025-05-09T07:10:16.307+0000] {processor.py:830} INFO - Processing file /opt/airflow/dags/dag_with_taskflow_api.py for tasks to queue
[2025-05-09T07:10:16.310+0000] {logging_mixin.py:188} INFO - [2025-05-09T07:10:16.309+0000] {dagbag.py:545} INFO - Filling up the DagBag from /opt/airflow/dags/dag_with_taskflow_api.py
[2025-05-09T07:10:16.344+0000] {processor.py:840} INFO - DAG(s) 'dag_with_taskflow_api' retrieved from /opt/airflow/dags/dag_with_taskflow_api.py
[2025-05-09T07:10:16.378+0000] {logging_mixin.py:188} INFO - [2025-05-09T07:10:16.378+0000] {dag.py:3096} INFO - Sync 1 DAGs
[2025-05-09T07:10:16.413+0000] {logging_mixin.py:188} INFO - [2025-05-09T07:10:16.413+0000] {dag.py:3954} INFO - Setting next_dagrun for dag_with_taskflow_api to 2025-05-09 00:00:00+00:00, run_after=2025-05-10 00:00:00+00:00
[2025-05-09T07:10:16.441+0000] {processor.py:183} INFO - Processing /opt/airflow/dags/dag_with_taskflow_api.py took 0.140 seconds
[2025-05-09T07:10:46.617+0000] {processor.py:161} INFO - Started process (PID=579) to work on /opt/airflow/dags/dag_with_taskflow_api.py
[2025-05-09T07:10:46.619+0000] {processor.py:830} INFO - Processing file /opt/airflow/dags/dag_with_taskflow_api.py for tasks to queue
[2025-05-09T07:10:46.622+0000] {logging_mixin.py:188} INFO - [2025-05-09T07:10:46.621+0000] {dagbag.py:545} INFO - Filling up the DagBag from /opt/airflow/dags/dag_with_taskflow_api.py
[2025-05-09T07:10:46.655+0000] {processor.py:840} INFO - DAG(s) 'dag_with_taskflow_api' retrieved from /opt/airflow/dags/dag_with_taskflow_api.py
[2025-05-09T07:10:46.691+0000] {logging_mixin.py:188} INFO - [2025-05-09T07:10:46.691+0000] {dag.py:3096} INFO - Sync 1 DAGs
[2025-05-09T07:10:46.716+0000] {logging_mixin.py:188} INFO - [2025-05-09T07:10:46.716+0000] {dag.py:3954} INFO - Setting next_dagrun for dag_with_taskflow_api to 2025-05-09 00:00:00+00:00, run_after=2025-05-10 00:00:00+00:00
[2025-05-09T07:10:46.740+0000] {processor.py:183} INFO - Processing /opt/airflow/dags/dag_with_taskflow_api.py took 0.132 seconds
[2025-05-09T07:11:16.835+0000] {processor.py:161} INFO - Started process (PID=610) to work on /opt/airflow/dags/dag_with_taskflow_api.py
[2025-05-09T07:11:16.837+0000] {processor.py:830} INFO - Processing file /opt/airflow/dags/dag_with_taskflow_api.py for tasks to queue
[2025-05-09T07:11:16.840+0000] {logging_mixin.py:188} INFO - [2025-05-09T07:11:16.840+0000] {dagbag.py:545} INFO - Filling up the DagBag from /opt/airflow/dags/dag_with_taskflow_api.py
[2025-05-09T07:11:16.878+0000] {processor.py:840} INFO - DAG(s) 'dag_with_taskflow_api' retrieved from /opt/airflow/dags/dag_with_taskflow_api.py
[2025-05-09T07:11:16.919+0000] {logging_mixin.py:188} INFO - [2025-05-09T07:11:16.919+0000] {dag.py:3096} INFO - Sync 1 DAGs
[2025-05-09T07:11:16.945+0000] {logging_mixin.py:188} INFO - [2025-05-09T07:11:16.944+0000] {dag.py:3954} INFO - Setting next_dagrun for dag_with_taskflow_api to 2025-05-09 00:00:00+00:00, run_after=2025-05-10 00:00:00+00:00
[2025-05-09T07:11:16.968+0000] {processor.py:183} INFO - Processing /opt/airflow/dags/dag_with_taskflow_api.py took 0.141 seconds
[2025-05-09T07:11:47.276+0000] {processor.py:161} INFO - Started process (PID=641) to work on /opt/airflow/dags/dag_with_taskflow_api.py
[2025-05-09T07:11:47.277+0000] {processor.py:830} INFO - Processing file /opt/airflow/dags/dag_with_taskflow_api.py for tasks to queue
[2025-05-09T07:11:47.279+0000] {logging_mixin.py:188} INFO - [2025-05-09T07:11:47.279+0000] {dagbag.py:545} INFO - Filling up the DagBag from /opt/airflow/dags/dag_with_taskflow_api.py
[2025-05-09T07:11:47.309+0000] {processor.py:840} INFO - DAG(s) 'dag_with_taskflow_api' retrieved from /opt/airflow/dags/dag_with_taskflow_api.py
[2025-05-09T07:11:47.341+0000] {logging_mixin.py:188} INFO - [2025-05-09T07:11:47.340+0000] {dag.py:3096} INFO - Sync 1 DAGs
[2025-05-09T07:11:47.365+0000] {logging_mixin.py:188} INFO - [2025-05-09T07:11:47.364+0000] {dag.py:3954} INFO - Setting next_dagrun for dag_with_taskflow_api to 2025-05-09 00:00:00+00:00, run_after=2025-05-10 00:00:00+00:00
[2025-05-09T07:11:47.383+0000] {processor.py:183} INFO - Processing /opt/airflow/dags/dag_with_taskflow_api.py took 0.114 seconds
[2025-05-09T07:12:17.456+0000] {processor.py:161} INFO - Started process (PID=677) to work on /opt/airflow/dags/dag_with_taskflow_api.py
[2025-05-09T07:12:17.457+0000] {processor.py:830} INFO - Processing file /opt/airflow/dags/dag_with_taskflow_api.py for tasks to queue
[2025-05-09T07:12:17.459+0000] {logging_mixin.py:188} INFO - [2025-05-09T07:12:17.458+0000] {dagbag.py:545} INFO - Filling up the DagBag from /opt/airflow/dags/dag_with_taskflow_api.py
[2025-05-09T07:12:17.488+0000] {processor.py:840} INFO - DAG(s) 'dag_with_taskflow_api' retrieved from /opt/airflow/dags/dag_with_taskflow_api.py
[2025-05-09T07:12:17.516+0000] {logging_mixin.py:188} INFO - [2025-05-09T07:12:17.516+0000] {dag.py:3096} INFO - Sync 1 DAGs
[2025-05-09T07:12:17.540+0000] {logging_mixin.py:188} INFO - [2025-05-09T07:12:17.539+0000] {dag.py:3954} INFO - Setting next_dagrun for dag_with_taskflow_api to 2025-05-09 00:00:00+00:00, run_after=2025-05-10 00:00:00+00:00
[2025-05-09T07:12:17.559+0000] {processor.py:183} INFO - Processing /opt/airflow/dags/dag_with_taskflow_api.py took 0.109 seconds
[2025-05-09T07:12:47.825+0000] {processor.py:161} INFO - Started process (PID=703) to work on /opt/airflow/dags/dag_with_taskflow_api.py
[2025-05-09T07:12:47.826+0000] {processor.py:830} INFO - Processing file /opt/airflow/dags/dag_with_taskflow_api.py for tasks to queue
[2025-05-09T07:12:47.828+0000] {logging_mixin.py:188} INFO - [2025-05-09T07:12:47.827+0000] {dagbag.py:545} INFO - Filling up the DagBag from /opt/airflow/dags/dag_with_taskflow_api.py
[2025-05-09T07:12:47.867+0000] {processor.py:840} INFO - DAG(s) 'dag_with_taskflow_api' retrieved from /opt/airflow/dags/dag_with_taskflow_api.py
[2025-05-09T07:12:47.902+0000] {logging_mixin.py:188} INFO - [2025-05-09T07:12:47.902+0000] {dag.py:3096} INFO - Sync 1 DAGs
[2025-05-09T07:12:47.928+0000] {logging_mixin.py:188} INFO - [2025-05-09T07:12:47.927+0000] {dag.py:3954} INFO - Setting next_dagrun for dag_with_taskflow_api to 2025-05-09 00:00:00+00:00, run_after=2025-05-10 00:00:00+00:00
[2025-05-09T07:12:47.950+0000] {processor.py:183} INFO - Processing /opt/airflow/dags/dag_with_taskflow_api.py took 0.133 seconds
[2025-05-09T07:13:18.861+0000] {processor.py:161} INFO - Started process (PID=734) to work on /opt/airflow/dags/dag_with_taskflow_api.py
[2025-05-09T07:13:18.863+0000] {processor.py:830} INFO - Processing file /opt/airflow/dags/dag_with_taskflow_api.py for tasks to queue
[2025-05-09T07:13:18.865+0000] {logging_mixin.py:188} INFO - [2025-05-09T07:13:18.865+0000] {dagbag.py:545} INFO - Filling up the DagBag from /opt/airflow/dags/dag_with_taskflow_api.py
[2025-05-09T07:13:18.937+0000] {processor.py:840} INFO - DAG(s) 'dag_with_taskflow_api' retrieved from /opt/airflow/dags/dag_with_taskflow_api.py
[2025-05-09T07:13:19.021+0000] {logging_mixin.py:188} INFO - [2025-05-09T07:13:19.021+0000] {dag.py:3096} INFO - Sync 1 DAGs
[2025-05-09T07:13:19.057+0000] {logging_mixin.py:188} INFO - [2025-05-09T07:13:19.057+0000] {dag.py:3954} INFO - Setting next_dagrun for dag_with_taskflow_api to 2025-05-09 00:00:00+00:00, run_after=2025-05-10 00:00:00+00:00
[2025-05-09T07:13:19.097+0000] {processor.py:183} INFO - Processing /opt/airflow/dags/dag_with_taskflow_api.py took 0.245 seconds
[2025-05-09T07:13:49.207+0000] {processor.py:161} INFO - Started process (PID=766) to work on /opt/airflow/dags/dag_with_taskflow_api.py
[2025-05-09T07:13:49.208+0000] {processor.py:830} INFO - Processing file /opt/airflow/dags/dag_with_taskflow_api.py for tasks to queue
[2025-05-09T07:13:49.209+0000] {logging_mixin.py:188} INFO - [2025-05-09T07:13:49.209+0000] {dagbag.py:545} INFO - Filling up the DagBag from /opt/airflow/dags/dag_with_taskflow_api.py
[2025-05-09T07:13:49.240+0000] {processor.py:840} INFO - DAG(s) 'dag_with_taskflow_api' retrieved from /opt/airflow/dags/dag_with_taskflow_api.py
[2025-05-09T07:13:49.273+0000] {logging_mixin.py:188} INFO - [2025-05-09T07:13:49.273+0000] {dag.py:3096} INFO - Sync 1 DAGs
[2025-05-09T07:13:49.297+0000] {logging_mixin.py:188} INFO - [2025-05-09T07:13:49.297+0000] {dag.py:3954} INFO - Setting next_dagrun for dag_with_taskflow_api to 2025-05-09 00:00:00+00:00, run_after=2025-05-10 00:00:00+00:00
[2025-05-09T07:13:49.319+0000] {processor.py:183} INFO - Processing /opt/airflow/dags/dag_with_taskflow_api.py took 0.119 seconds
[2025-05-09T07:14:19.428+0000] {processor.py:161} INFO - Started process (PID=802) to work on /opt/airflow/dags/dag_with_taskflow_api.py
[2025-05-09T07:14:19.429+0000] {processor.py:830} INFO - Processing file /opt/airflow/dags/dag_with_taskflow_api.py for tasks to queue
[2025-05-09T07:14:19.430+0000] {logging_mixin.py:188} INFO - [2025-05-09T07:14:19.430+0000] {dagbag.py:545} INFO - Filling up the DagBag from /opt/airflow/dags/dag_with_taskflow_api.py
[2025-05-09T07:14:19.459+0000] {processor.py:840} INFO - DAG(s) 'dag_with_taskflow_api' retrieved from /opt/airflow/dags/dag_with_taskflow_api.py
[2025-05-09T07:14:19.490+0000] {logging_mixin.py:188} INFO - [2025-05-09T07:14:19.489+0000] {dag.py:3096} INFO - Sync 1 DAGs
[2025-05-09T07:14:19.516+0000] {logging_mixin.py:188} INFO - [2025-05-09T07:14:19.516+0000] {dag.py:3954} INFO - Setting next_dagrun for dag_with_taskflow_api to 2025-05-09 00:00:00+00:00, run_after=2025-05-10 00:00:00+00:00
[2025-05-09T07:14:19.537+0000] {processor.py:183} INFO - Processing /opt/airflow/dags/dag_with_taskflow_api.py took 0.116 seconds
[2025-05-09T07:14:49.586+0000] {processor.py:161} INFO - Started process (PID=828) to work on /opt/airflow/dags/dag_with_taskflow_api.py
[2025-05-09T07:14:49.587+0000] {processor.py:830} INFO - Processing file /opt/airflow/dags/dag_with_taskflow_api.py for tasks to queue
[2025-05-09T07:14:49.589+0000] {logging_mixin.py:188} INFO - [2025-05-09T07:14:49.588+0000] {dagbag.py:545} INFO - Filling up the DagBag from /opt/airflow/dags/dag_with_taskflow_api.py
[2025-05-09T07:14:49.620+0000] {processor.py:840} INFO - DAG(s) 'dag_with_taskflow_api' retrieved from /opt/airflow/dags/dag_with_taskflow_api.py
[2025-05-09T07:14:49.654+0000] {logging_mixin.py:188} INFO - [2025-05-09T07:14:49.654+0000] {dag.py:3096} INFO - Sync 1 DAGs
[2025-05-09T07:14:49.679+0000] {logging_mixin.py:188} INFO - [2025-05-09T07:14:49.679+0000] {dag.py:3954} INFO - Setting next_dagrun for dag_with_taskflow_api to 2025-05-09 00:00:00+00:00, run_after=2025-05-10 00:00:00+00:00
[2025-05-09T07:14:49.701+0000] {processor.py:183} INFO - Processing /opt/airflow/dags/dag_with_taskflow_api.py took 0.121 seconds
[2025-05-09T07:15:19.864+0000] {processor.py:161} INFO - Started process (PID=859) to work on /opt/airflow/dags/dag_with_taskflow_api.py
[2025-05-09T07:15:19.865+0000] {processor.py:830} INFO - Processing file /opt/airflow/dags/dag_with_taskflow_api.py for tasks to queue
[2025-05-09T07:15:19.866+0000] {logging_mixin.py:188} INFO - [2025-05-09T07:15:19.866+0000] {dagbag.py:545} INFO - Filling up the DagBag from /opt/airflow/dags/dag_with_taskflow_api.py
[2025-05-09T07:15:19.903+0000] {processor.py:840} INFO - DAG(s) 'dag_with_taskflow_api' retrieved from /opt/airflow/dags/dag_with_taskflow_api.py
[2025-05-09T07:15:19.936+0000] {logging_mixin.py:188} INFO - [2025-05-09T07:15:19.935+0000] {dag.py:3096} INFO - Sync 1 DAGs
[2025-05-09T07:15:19.959+0000] {logging_mixin.py:188} INFO - [2025-05-09T07:15:19.959+0000] {dag.py:3954} INFO - Setting next_dagrun for dag_with_taskflow_api to 2025-05-09 00:00:00+00:00, run_after=2025-05-10 00:00:00+00:00
[2025-05-09T07:15:19.980+0000] {processor.py:183} INFO - Processing /opt/airflow/dags/dag_with_taskflow_api.py took 0.122 seconds
[2025-05-09T07:15:50.196+0000] {processor.py:161} INFO - Started process (PID=890) to work on /opt/airflow/dags/dag_with_taskflow_api.py
[2025-05-09T07:15:50.197+0000] {processor.py:830} INFO - Processing file /opt/airflow/dags/dag_with_taskflow_api.py for tasks to queue
[2025-05-09T07:15:50.200+0000] {logging_mixin.py:188} INFO - [2025-05-09T07:15:50.199+0000] {dagbag.py:545} INFO - Filling up the DagBag from /opt/airflow/dags/dag_with_taskflow_api.py
[2025-05-09T07:15:50.250+0000] {processor.py:840} INFO - DAG(s) 'dag_with_taskflow_api' retrieved from /opt/airflow/dags/dag_with_taskflow_api.py
[2025-05-09T07:15:50.315+0000] {logging_mixin.py:188} INFO - [2025-05-09T07:15:50.314+0000] {dag.py:3096} INFO - Sync 1 DAGs
[2025-05-09T07:15:50.364+0000] {logging_mixin.py:188} INFO - [2025-05-09T07:15:50.363+0000] {dag.py:3954} INFO - Setting next_dagrun for dag_with_taskflow_api to 2025-05-09 00:00:00+00:00, run_after=2025-05-10 00:00:00+00:00
[2025-05-09T07:15:50.407+0000] {processor.py:183} INFO - Processing /opt/airflow/dags/dag_with_taskflow_api.py took 0.223 seconds
[2025-05-09T07:16:20.539+0000] {processor.py:161} INFO - Started process (PID=927) to work on /opt/airflow/dags/dag_with_taskflow_api.py
[2025-05-09T07:16:20.540+0000] {processor.py:830} INFO - Processing file /opt/airflow/dags/dag_with_taskflow_api.py for tasks to queue
[2025-05-09T07:16:20.542+0000] {logging_mixin.py:188} INFO - [2025-05-09T07:16:20.542+0000] {dagbag.py:545} INFO - Filling up the DagBag from /opt/airflow/dags/dag_with_taskflow_api.py
[2025-05-09T07:16:20.576+0000] {processor.py:840} INFO - DAG(s) 'dag_with_taskflow_api' retrieved from /opt/airflow/dags/dag_with_taskflow_api.py
[2025-05-09T07:16:20.607+0000] {logging_mixin.py:188} INFO - [2025-05-09T07:16:20.607+0000] {dag.py:3096} INFO - Sync 1 DAGs
[2025-05-09T07:16:20.634+0000] {logging_mixin.py:188} INFO - [2025-05-09T07:16:20.633+0000] {dag.py:3954} INFO - Setting next_dagrun for dag_with_taskflow_api to 2025-05-09 00:00:00+00:00, run_after=2025-05-10 00:00:00+00:00
[2025-05-09T07:16:20.657+0000] {processor.py:183} INFO - Processing /opt/airflow/dags/dag_with_taskflow_api.py took 0.125 seconds
[2025-05-09T07:16:50.875+0000] {processor.py:161} INFO - Started process (PID=953) to work on /opt/airflow/dags/dag_with_taskflow_api.py
[2025-05-09T07:16:50.876+0000] {processor.py:830} INFO - Processing file /opt/airflow/dags/dag_with_taskflow_api.py for tasks to queue
[2025-05-09T07:16:50.878+0000] {logging_mixin.py:188} INFO - [2025-05-09T07:16:50.877+0000] {dagbag.py:545} INFO - Filling up the DagBag from /opt/airflow/dags/dag_with_taskflow_api.py
[2025-05-09T07:16:50.907+0000] {processor.py:840} INFO - DAG(s) 'dag_with_taskflow_api' retrieved from /opt/airflow/dags/dag_with_taskflow_api.py
[2025-05-09T07:16:50.936+0000] {logging_mixin.py:188} INFO - [2025-05-09T07:16:50.936+0000] {dag.py:3096} INFO - Sync 1 DAGs
[2025-05-09T07:16:50.960+0000] {logging_mixin.py:188} INFO - [2025-05-09T07:16:50.960+0000] {dag.py:3954} INFO - Setting next_dagrun for dag_with_taskflow_api to 2025-05-09 00:00:00+00:00, run_after=2025-05-10 00:00:00+00:00
[2025-05-09T07:16:50.989+0000] {processor.py:183} INFO - Processing /opt/airflow/dags/dag_with_taskflow_api.py took 0.121 seconds
[2025-05-09T07:17:21.101+0000] {processor.py:161} INFO - Started process (PID=984) to work on /opt/airflow/dags/dag_with_taskflow_api.py
[2025-05-09T07:17:21.103+0000] {processor.py:830} INFO - Processing file /opt/airflow/dags/dag_with_taskflow_api.py for tasks to queue
[2025-05-09T07:17:21.106+0000] {logging_mixin.py:188} INFO - [2025-05-09T07:17:21.105+0000] {dagbag.py:545} INFO - Filling up the DagBag from /opt/airflow/dags/dag_with_taskflow_api.py
[2025-05-09T07:17:21.141+0000] {processor.py:840} INFO - DAG(s) 'dag_with_taskflow_api' retrieved from /opt/airflow/dags/dag_with_taskflow_api.py
[2025-05-09T07:17:21.191+0000] {logging_mixin.py:188} INFO - [2025-05-09T07:17:21.191+0000] {dag.py:3096} INFO - Sync 1 DAGs
[2025-05-09T07:17:21.222+0000] {logging_mixin.py:188} INFO - [2025-05-09T07:17:21.222+0000] {dag.py:3954} INFO - Setting next_dagrun for dag_with_taskflow_api to 2025-05-09 00:00:00+00:00, run_after=2025-05-10 00:00:00+00:00
[2025-05-09T07:17:21.250+0000] {processor.py:183} INFO - Processing /opt/airflow/dags/dag_with_taskflow_api.py took 0.156 seconds
[2025-05-09T07:17:52.067+0000] {processor.py:161} INFO - Started process (PID=1015) to work on /opt/airflow/dags/dag_with_taskflow_api.py
[2025-05-09T07:17:52.068+0000] {processor.py:830} INFO - Processing file /opt/airflow/dags/dag_with_taskflow_api.py for tasks to queue
[2025-05-09T07:17:52.070+0000] {logging_mixin.py:188} INFO - [2025-05-09T07:17:52.070+0000] {dagbag.py:545} INFO - Filling up the DagBag from /opt/airflow/dags/dag_with_taskflow_api.py
[2025-05-09T07:17:52.104+0000] {processor.py:840} INFO - DAG(s) 'dag_with_taskflow_api' retrieved from /opt/airflow/dags/dag_with_taskflow_api.py
[2025-05-09T07:17:52.135+0000] {logging_mixin.py:188} INFO - [2025-05-09T07:17:52.134+0000] {dag.py:3096} INFO - Sync 1 DAGs
[2025-05-09T07:17:52.157+0000] {logging_mixin.py:188} INFO - [2025-05-09T07:17:52.156+0000] {dag.py:3954} INFO - Setting next_dagrun for dag_with_taskflow_api to 2025-05-09 00:00:00+00:00, run_after=2025-05-10 00:00:00+00:00
[2025-05-09T07:17:52.175+0000] {processor.py:183} INFO - Processing /opt/airflow/dags/dag_with_taskflow_api.py took 0.113 seconds
[2025-05-09T07:18:22.244+0000] {processor.py:161} INFO - Started process (PID=1046) to work on /opt/airflow/dags/dag_with_taskflow_api.py
[2025-05-09T07:18:22.245+0000] {processor.py:830} INFO - Processing file /opt/airflow/dags/dag_with_taskflow_api.py for tasks to queue
[2025-05-09T07:18:22.248+0000] {logging_mixin.py:188} INFO - [2025-05-09T07:18:22.247+0000] {dagbag.py:545} INFO - Filling up the DagBag from /opt/airflow/dags/dag_with_taskflow_api.py
[2025-05-09T07:18:22.283+0000] {processor.py:840} INFO - DAG(s) 'dag_with_taskflow_api' retrieved from /opt/airflow/dags/dag_with_taskflow_api.py
[2025-05-09T07:18:22.318+0000] {logging_mixin.py:188} INFO - [2025-05-09T07:18:22.318+0000] {dag.py:3096} INFO - Sync 1 DAGs
[2025-05-09T07:18:22.343+0000] {logging_mixin.py:188} INFO - [2025-05-09T07:18:22.343+0000] {dag.py:3954} INFO - Setting next_dagrun for dag_with_taskflow_api to 2025-05-09 00:00:00+00:00, run_after=2025-05-10 00:00:00+00:00
[2025-05-09T07:18:22.368+0000] {processor.py:183} INFO - Processing /opt/airflow/dags/dag_with_taskflow_api.py took 0.132 seconds
[2025-05-09T07:18:53.268+0000] {processor.py:161} INFO - Started process (PID=1077) to work on /opt/airflow/dags/dag_with_taskflow_api.py
[2025-05-09T07:18:53.269+0000] {processor.py:830} INFO - Processing file /opt/airflow/dags/dag_with_taskflow_api.py for tasks to queue
[2025-05-09T07:18:53.270+0000] {logging_mixin.py:188} INFO - [2025-05-09T07:18:53.270+0000] {dagbag.py:545} INFO - Filling up the DagBag from /opt/airflow/dags/dag_with_taskflow_api.py
[2025-05-09T07:18:53.299+0000] {processor.py:840} INFO - DAG(s) 'dag_with_taskflow_api' retrieved from /opt/airflow/dags/dag_with_taskflow_api.py
[2025-05-09T07:18:53.328+0000] {logging_mixin.py:188} INFO - [2025-05-09T07:18:53.327+0000] {dag.py:3096} INFO - Sync 1 DAGs
[2025-05-09T07:18:53.352+0000] {logging_mixin.py:188} INFO - [2025-05-09T07:18:53.351+0000] {dag.py:3954} INFO - Setting next_dagrun for dag_with_taskflow_api to 2025-05-09 00:00:00+00:00, run_after=2025-05-10 00:00:00+00:00
[2025-05-09T07:18:53.373+0000] {processor.py:183} INFO - Processing /opt/airflow/dags/dag_with_taskflow_api.py took 0.112 seconds
[2025-05-09T07:19:24.161+0000] {processor.py:161} INFO - Started process (PID=1108) to work on /opt/airflow/dags/dag_with_taskflow_api.py
[2025-05-09T07:19:24.164+0000] {processor.py:830} INFO - Processing file /opt/airflow/dags/dag_with_taskflow_api.py for tasks to queue
[2025-05-09T07:19:24.168+0000] {logging_mixin.py:188} INFO - [2025-05-09T07:19:24.167+0000] {dagbag.py:545} INFO - Filling up the DagBag from /opt/airflow/dags/dag_with_taskflow_api.py
[2025-05-09T07:19:24.214+0000] {processor.py:840} INFO - DAG(s) 'dag_with_taskflow_api' retrieved from /opt/airflow/dags/dag_with_taskflow_api.py
[2025-05-09T07:19:24.253+0000] {logging_mixin.py:188} INFO - [2025-05-09T07:19:24.252+0000] {dag.py:3096} INFO - Sync 1 DAGs
[2025-05-09T07:19:24.282+0000] {logging_mixin.py:188} INFO - [2025-05-09T07:19:24.281+0000] {dag.py:3954} INFO - Setting next_dagrun for dag_with_taskflow_api to 2025-05-09 00:00:00+00:00, run_after=2025-05-10 00:00:00+00:00
[2025-05-09T07:19:24.308+0000] {processor.py:183} INFO - Processing /opt/airflow/dags/dag_with_taskflow_api.py took 0.158 seconds
[2025-05-09T07:19:54.387+0000] {processor.py:161} INFO - Started process (PID=1139) to work on /opt/airflow/dags/dag_with_taskflow_api.py
[2025-05-09T07:19:54.389+0000] {processor.py:830} INFO - Processing file /opt/airflow/dags/dag_with_taskflow_api.py for tasks to queue
[2025-05-09T07:19:54.392+0000] {logging_mixin.py:188} INFO - [2025-05-09T07:19:54.391+0000] {dagbag.py:545} INFO - Filling up the DagBag from /opt/airflow/dags/dag_with_taskflow_api.py
[2025-05-09T07:19:54.435+0000] {processor.py:840} INFO - DAG(s) 'dag_with_taskflow_api' retrieved from /opt/airflow/dags/dag_with_taskflow_api.py
[2025-05-09T07:19:54.484+0000] {logging_mixin.py:188} INFO - [2025-05-09T07:19:54.483+0000] {dag.py:3096} INFO - Sync 1 DAGs
[2025-05-09T07:19:54.527+0000] {logging_mixin.py:188} INFO - [2025-05-09T07:19:54.526+0000] {dag.py:3954} INFO - Setting next_dagrun for dag_with_taskflow_api to 2025-05-09 00:00:00+00:00, run_after=2025-05-10 00:00:00+00:00
[2025-05-09T07:19:54.548+0000] {processor.py:183} INFO - Processing /opt/airflow/dags/dag_with_taskflow_api.py took 0.176 seconds
[2025-05-09T07:20:24.615+0000] {processor.py:161} INFO - Started process (PID=1175) to work on /opt/airflow/dags/dag_with_taskflow_api.py
[2025-05-09T07:20:24.616+0000] {processor.py:830} INFO - Processing file /opt/airflow/dags/dag_with_taskflow_api.py for tasks to queue
[2025-05-09T07:20:24.619+0000] {logging_mixin.py:188} INFO - [2025-05-09T07:20:24.618+0000] {dagbag.py:545} INFO - Filling up the DagBag from /opt/airflow/dags/dag_with_taskflow_api.py
[2025-05-09T07:20:24.653+0000] {processor.py:840} INFO - DAG(s) 'dag_with_taskflow_api' retrieved from /opt/airflow/dags/dag_with_taskflow_api.py
[2025-05-09T07:20:24.689+0000] {logging_mixin.py:188} INFO - [2025-05-09T07:20:24.689+0000] {dag.py:3096} INFO - Sync 1 DAGs
[2025-05-09T07:20:24.720+0000] {logging_mixin.py:188} INFO - [2025-05-09T07:20:24.720+0000] {dag.py:3954} INFO - Setting next_dagrun for dag_with_taskflow_api to 2025-05-09 00:00:00+00:00, run_after=2025-05-10 00:00:00+00:00
[2025-05-09T07:20:24.745+0000] {processor.py:183} INFO - Processing /opt/airflow/dags/dag_with_taskflow_api.py took 0.136 seconds
[2025-05-09T07:20:54.867+0000] {processor.py:161} INFO - Started process (PID=1206) to work on /opt/airflow/dags/dag_with_taskflow_api.py
[2025-05-09T07:20:54.868+0000] {processor.py:830} INFO - Processing file /opt/airflow/dags/dag_with_taskflow_api.py for tasks to queue
[2025-05-09T07:20:54.870+0000] {logging_mixin.py:188} INFO - [2025-05-09T07:20:54.869+0000] {dagbag.py:545} INFO - Filling up the DagBag from /opt/airflow/dags/dag_with_taskflow_api.py
[2025-05-09T07:20:54.902+0000] {processor.py:840} INFO - DAG(s) 'dag_with_taskflow_api' retrieved from /opt/airflow/dags/dag_with_taskflow_api.py
[2025-05-09T07:20:54.936+0000] {logging_mixin.py:188} INFO - [2025-05-09T07:20:54.936+0000] {dag.py:3096} INFO - Sync 1 DAGs
[2025-05-09T07:20:54.964+0000] {logging_mixin.py:188} INFO - [2025-05-09T07:20:54.963+0000] {dag.py:3954} INFO - Setting next_dagrun for dag_with_taskflow_api to 2025-05-09 00:00:00+00:00, run_after=2025-05-10 00:00:00+00:00
[2025-05-09T07:20:54.992+0000] {processor.py:183} INFO - Processing /opt/airflow/dags/dag_with_taskflow_api.py took 0.131 seconds
[2025-05-09T07:21:25.940+0000] {processor.py:161} INFO - Started process (PID=1237) to work on /opt/airflow/dags/dag_with_taskflow_api.py
[2025-05-09T07:21:25.941+0000] {processor.py:830} INFO - Processing file /opt/airflow/dags/dag_with_taskflow_api.py for tasks to queue
[2025-05-09T07:21:25.943+0000] {logging_mixin.py:188} INFO - [2025-05-09T07:21:25.943+0000] {dagbag.py:545} INFO - Filling up the DagBag from /opt/airflow/dags/dag_with_taskflow_api.py
[2025-05-09T07:21:25.973+0000] {processor.py:840} INFO - DAG(s) 'dag_with_taskflow_api' retrieved from /opt/airflow/dags/dag_with_taskflow_api.py
[2025-05-09T07:21:26.005+0000] {logging_mixin.py:188} INFO - [2025-05-09T07:21:26.005+0000] {dag.py:3096} INFO - Sync 1 DAGs
[2025-05-09T07:21:26.030+0000] {logging_mixin.py:188} INFO - [2025-05-09T07:21:26.029+0000] {dag.py:3954} INFO - Setting next_dagrun for dag_with_taskflow_api to 2025-05-09 00:00:00+00:00, run_after=2025-05-10 00:00:00+00:00
[2025-05-09T07:21:26.051+0000] {processor.py:183} INFO - Processing /opt/airflow/dags/dag_with_taskflow_api.py took 0.117 seconds
[2025-05-09T07:29:49.531+0000] {processor.py:161} INFO - Started process (PID=189) to work on /opt/airflow/dags/dag_with_taskflow_api.py
[2025-05-09T07:29:49.537+0000] {processor.py:830} INFO - Processing file /opt/airflow/dags/dag_with_taskflow_api.py for tasks to queue
[2025-05-09T07:29:49.542+0000] {logging_mixin.py:188} INFO - [2025-05-09T07:29:49.542+0000] {dagbag.py:545} INFO - Filling up the DagBag from /opt/airflow/dags/dag_with_taskflow_api.py
[2025-05-09T07:29:49.597+0000] {processor.py:840} INFO - DAG(s) 'dag_with_taskflow_api' retrieved from /opt/airflow/dags/dag_with_taskflow_api.py
[2025-05-09T07:29:49.920+0000] {logging_mixin.py:188} INFO - [2025-05-09T07:29:49.919+0000] {dag.py:3096} INFO - Sync 1 DAGs
[2025-05-09T07:29:49.959+0000] {logging_mixin.py:188} INFO - [2025-05-09T07:29:49.959+0000] {dag.py:3954} INFO - Setting next_dagrun for dag_with_taskflow_api to 2025-05-09 00:00:00+00:00, run_after=2025-05-10 00:00:00+00:00
[2025-05-09T07:29:49.992+0000] {processor.py:183} INFO - Processing /opt/airflow/dags/dag_with_taskflow_api.py took 0.477 seconds
[2025-05-09T07:30:20.082+0000] {processor.py:161} INFO - Started process (PID=220) to work on /opt/airflow/dags/dag_with_taskflow_api.py
[2025-05-09T07:30:20.084+0000] {processor.py:830} INFO - Processing file /opt/airflow/dags/dag_with_taskflow_api.py for tasks to queue
[2025-05-09T07:30:20.088+0000] {logging_mixin.py:188} INFO - [2025-05-09T07:30:20.087+0000] {dagbag.py:545} INFO - Filling up the DagBag from /opt/airflow/dags/dag_with_taskflow_api.py
[2025-05-09T07:30:20.131+0000] {processor.py:840} INFO - DAG(s) 'dag_with_taskflow_api' retrieved from /opt/airflow/dags/dag_with_taskflow_api.py
[2025-05-09T07:30:20.173+0000] {logging_mixin.py:188} INFO - [2025-05-09T07:30:20.173+0000] {dag.py:3096} INFO - Sync 1 DAGs
[2025-05-09T07:30:20.202+0000] {logging_mixin.py:188} INFO - [2025-05-09T07:30:20.201+0000] {dag.py:3954} INFO - Setting next_dagrun for dag_with_taskflow_api to 2025-05-09 00:00:00+00:00, run_after=2025-05-10 00:00:00+00:00
[2025-05-09T07:30:20.226+0000] {processor.py:183} INFO - Processing /opt/airflow/dags/dag_with_taskflow_api.py took 0.157 seconds
[2025-05-09T07:30:51.236+0000] {processor.py:161} INFO - Started process (PID=251) to work on /opt/airflow/dags/dag_with_taskflow_api.py
[2025-05-09T07:30:51.237+0000] {processor.py:830} INFO - Processing file /opt/airflow/dags/dag_with_taskflow_api.py for tasks to queue
[2025-05-09T07:30:51.241+0000] {logging_mixin.py:188} INFO - [2025-05-09T07:30:51.240+0000] {dagbag.py:545} INFO - Filling up the DagBag from /opt/airflow/dags/dag_with_taskflow_api.py
[2025-05-09T07:30:51.282+0000] {processor.py:840} INFO - DAG(s) 'dag_with_taskflow_api' retrieved from /opt/airflow/dags/dag_with_taskflow_api.py
[2025-05-09T07:30:51.331+0000] {logging_mixin.py:188} INFO - [2025-05-09T07:30:51.330+0000] {dag.py:3096} INFO - Sync 1 DAGs
[2025-05-09T07:30:51.362+0000] {logging_mixin.py:188} INFO - [2025-05-09T07:30:51.362+0000] {dag.py:3954} INFO - Setting next_dagrun for dag_with_taskflow_api to 2025-05-09 00:00:00+00:00, run_after=2025-05-10 00:00:00+00:00
[2025-05-09T07:30:51.396+0000] {processor.py:183} INFO - Processing /opt/airflow/dags/dag_with_taskflow_api.py took 0.173 seconds
[2025-05-09T07:31:22.387+0000] {processor.py:161} INFO - Started process (PID=288) to work on /opt/airflow/dags/dag_with_taskflow_api.py
[2025-05-09T07:31:22.389+0000] {processor.py:830} INFO - Processing file /opt/airflow/dags/dag_with_taskflow_api.py for tasks to queue
[2025-05-09T07:31:22.393+0000] {logging_mixin.py:188} INFO - [2025-05-09T07:31:22.392+0000] {dagbag.py:545} INFO - Filling up the DagBag from /opt/airflow/dags/dag_with_taskflow_api.py
[2025-05-09T07:31:22.433+0000] {processor.py:840} INFO - DAG(s) 'dag_with_taskflow_api' retrieved from /opt/airflow/dags/dag_with_taskflow_api.py
[2025-05-09T07:31:22.481+0000] {logging_mixin.py:188} INFO - [2025-05-09T07:31:22.480+0000] {dag.py:3096} INFO - Sync 1 DAGs
[2025-05-09T07:31:22.510+0000] {logging_mixin.py:188} INFO - [2025-05-09T07:31:22.510+0000] {dag.py:3954} INFO - Setting next_dagrun for dag_with_taskflow_api to 2025-05-09 00:00:00+00:00, run_after=2025-05-10 00:00:00+00:00
[2025-05-09T07:31:22.533+0000] {processor.py:183} INFO - Processing /opt/airflow/dags/dag_with_taskflow_api.py took 0.156 seconds
[2025-05-09T07:31:53.589+0000] {processor.py:161} INFO - Started process (PID=319) to work on /opt/airflow/dags/dag_with_taskflow_api.py
[2025-05-09T07:31:53.591+0000] {processor.py:830} INFO - Processing file /opt/airflow/dags/dag_with_taskflow_api.py for tasks to queue
[2025-05-09T07:31:53.596+0000] {logging_mixin.py:188} INFO - [2025-05-09T07:31:53.595+0000] {dagbag.py:545} INFO - Filling up the DagBag from /opt/airflow/dags/dag_with_taskflow_api.py
[2025-05-09T07:31:53.680+0000] {processor.py:840} INFO - DAG(s) 'dag_with_taskflow_api' retrieved from /opt/airflow/dags/dag_with_taskflow_api.py
[2025-05-09T07:31:53.793+0000] {logging_mixin.py:188} INFO - [2025-05-09T07:31:53.792+0000] {dag.py:3096} INFO - Sync 1 DAGs
[2025-05-09T07:31:53.914+0000] {logging_mixin.py:188} INFO - [2025-05-09T07:31:53.913+0000] {dag.py:3954} INFO - Setting next_dagrun for dag_with_taskflow_api to 2025-05-09 00:00:00+00:00, run_after=2025-05-10 00:00:00+00:00
[2025-05-09T07:31:53.951+0000] {processor.py:183} INFO - Processing /opt/airflow/dags/dag_with_taskflow_api.py took 0.380 seconds
[2025-05-09T07:32:24.224+0000] {processor.py:161} INFO - Started process (PID=350) to work on /opt/airflow/dags/dag_with_taskflow_api.py
[2025-05-09T07:32:24.226+0000] {processor.py:830} INFO - Processing file /opt/airflow/dags/dag_with_taskflow_api.py for tasks to queue
[2025-05-09T07:32:24.228+0000] {logging_mixin.py:188} INFO - [2025-05-09T07:32:24.228+0000] {dagbag.py:545} INFO - Filling up the DagBag from /opt/airflow/dags/dag_with_taskflow_api.py
[2025-05-09T07:32:24.274+0000] {processor.py:840} INFO - DAG(s) 'dag_with_taskflow_api' retrieved from /opt/airflow/dags/dag_with_taskflow_api.py
[2025-05-09T07:32:24.316+0000] {logging_mixin.py:188} INFO - [2025-05-09T07:32:24.316+0000] {dag.py:3096} INFO - Sync 1 DAGs
[2025-05-09T07:32:24.346+0000] {logging_mixin.py:188} INFO - [2025-05-09T07:32:24.346+0000] {dag.py:3954} INFO - Setting next_dagrun for dag_with_taskflow_api to 2025-05-09 00:00:00+00:00, run_after=2025-05-10 00:00:00+00:00
[2025-05-09T07:32:24.368+0000] {processor.py:183} INFO - Processing /opt/airflow/dags/dag_with_taskflow_api.py took 0.154 seconds
[2025-05-09T07:32:55.231+0000] {processor.py:161} INFO - Started process (PID=381) to work on /opt/airflow/dags/dag_with_taskflow_api.py
[2025-05-09T07:32:55.232+0000] {processor.py:830} INFO - Processing file /opt/airflow/dags/dag_with_taskflow_api.py for tasks to queue
[2025-05-09T07:32:55.233+0000] {logging_mixin.py:188} INFO - [2025-05-09T07:32:55.233+0000] {dagbag.py:545} INFO - Filling up the DagBag from /opt/airflow/dags/dag_with_taskflow_api.py
[2025-05-09T07:32:55.263+0000] {processor.py:840} INFO - DAG(s) 'dag_with_taskflow_api' retrieved from /opt/airflow/dags/dag_with_taskflow_api.py
[2025-05-09T07:32:55.303+0000] {logging_mixin.py:188} INFO - [2025-05-09T07:32:55.302+0000] {dag.py:3096} INFO - Sync 1 DAGs
[2025-05-09T07:32:55.331+0000] {logging_mixin.py:188} INFO - [2025-05-09T07:32:55.331+0000] {dag.py:3954} INFO - Setting next_dagrun for dag_with_taskflow_api to 2025-05-09 00:00:00+00:00, run_after=2025-05-10 00:00:00+00:00
[2025-05-09T07:32:55.352+0000] {processor.py:183} INFO - Processing /opt/airflow/dags/dag_with_taskflow_api.py took 0.126 seconds
[2025-05-09T07:33:26.232+0000] {processor.py:161} INFO - Started process (PID=412) to work on /opt/airflow/dags/dag_with_taskflow_api.py
[2025-05-09T07:33:26.233+0000] {processor.py:830} INFO - Processing file /opt/airflow/dags/dag_with_taskflow_api.py for tasks to queue
[2025-05-09T07:33:26.235+0000] {logging_mixin.py:188} INFO - [2025-05-09T07:33:26.235+0000] {dagbag.py:545} INFO - Filling up the DagBag from /opt/airflow/dags/dag_with_taskflow_api.py
[2025-05-09T07:33:26.264+0000] {processor.py:840} INFO - DAG(s) 'dag_with_taskflow_api' retrieved from /opt/airflow/dags/dag_with_taskflow_api.py
[2025-05-09T07:33:26.297+0000] {logging_mixin.py:188} INFO - [2025-05-09T07:33:26.297+0000] {dag.py:3096} INFO - Sync 1 DAGs
[2025-05-09T07:33:26.323+0000] {logging_mixin.py:188} INFO - [2025-05-09T07:33:26.323+0000] {dag.py:3954} INFO - Setting next_dagrun for dag_with_taskflow_api to 2025-05-09 00:00:00+00:00, run_after=2025-05-10 00:00:00+00:00
[2025-05-09T07:33:26.345+0000] {processor.py:183} INFO - Processing /opt/airflow/dags/dag_with_taskflow_api.py took 0.120 seconds
[2025-05-09T07:33:57.203+0000] {processor.py:161} INFO - Started process (PID=443) to work on /opt/airflow/dags/dag_with_taskflow_api.py
[2025-05-09T07:33:57.204+0000] {processor.py:830} INFO - Processing file /opt/airflow/dags/dag_with_taskflow_api.py for tasks to queue
[2025-05-09T07:33:57.206+0000] {logging_mixin.py:188} INFO - [2025-05-09T07:33:57.206+0000] {dagbag.py:545} INFO - Filling up the DagBag from /opt/airflow/dags/dag_with_taskflow_api.py
[2025-05-09T07:33:57.237+0000] {processor.py:840} INFO - DAG(s) 'dag_with_taskflow_api' retrieved from /opt/airflow/dags/dag_with_taskflow_api.py
[2025-05-09T07:33:57.270+0000] {logging_mixin.py:188} INFO - [2025-05-09T07:33:57.270+0000] {dag.py:3096} INFO - Sync 1 DAGs
[2025-05-09T07:33:57.301+0000] {logging_mixin.py:188} INFO - [2025-05-09T07:33:57.301+0000] {dag.py:3954} INFO - Setting next_dagrun for dag_with_taskflow_api to 2025-05-09 00:00:00+00:00, run_after=2025-05-10 00:00:00+00:00
[2025-05-09T07:33:57.328+0000] {processor.py:183} INFO - Processing /opt/airflow/dags/dag_with_taskflow_api.py took 0.131 seconds
[2025-05-09T07:34:28.342+0000] {processor.py:161} INFO - Started process (PID=474) to work on /opt/airflow/dags/dag_with_taskflow_api.py
[2025-05-09T07:34:28.343+0000] {processor.py:830} INFO - Processing file /opt/airflow/dags/dag_with_taskflow_api.py for tasks to queue
[2025-05-09T07:34:28.345+0000] {logging_mixin.py:188} INFO - [2025-05-09T07:34:28.345+0000] {dagbag.py:545} INFO - Filling up the DagBag from /opt/airflow/dags/dag_with_taskflow_api.py
[2025-05-09T07:34:28.374+0000] {processor.py:840} INFO - DAG(s) 'dag_with_taskflow_api' retrieved from /opt/airflow/dags/dag_with_taskflow_api.py
[2025-05-09T07:34:28.401+0000] {logging_mixin.py:188} INFO - [2025-05-09T07:34:28.401+0000] {dag.py:3096} INFO - Sync 1 DAGs
[2025-05-09T07:34:28.427+0000] {logging_mixin.py:188} INFO - [2025-05-09T07:34:28.426+0000] {dag.py:3954} INFO - Setting next_dagrun for dag_with_taskflow_api to 2025-05-09 00:00:00+00:00, run_after=2025-05-10 00:00:00+00:00
[2025-05-09T07:34:28.448+0000] {processor.py:183} INFO - Processing /opt/airflow/dags/dag_with_taskflow_api.py took 0.112 seconds
[2025-05-09T07:34:58.496+0000] {processor.py:161} INFO - Started process (PID=505) to work on /opt/airflow/dags/dag_with_taskflow_api.py
[2025-05-09T07:34:58.497+0000] {processor.py:830} INFO - Processing file /opt/airflow/dags/dag_with_taskflow_api.py for tasks to queue
[2025-05-09T07:34:58.499+0000] {logging_mixin.py:188} INFO - [2025-05-09T07:34:58.499+0000] {dagbag.py:545} INFO - Filling up the DagBag from /opt/airflow/dags/dag_with_taskflow_api.py
[2025-05-09T07:34:58.527+0000] {processor.py:840} INFO - DAG(s) 'dag_with_taskflow_api' retrieved from /opt/airflow/dags/dag_with_taskflow_api.py
[2025-05-09T07:34:58.553+0000] {logging_mixin.py:188} INFO - [2025-05-09T07:34:58.553+0000] {dag.py:3096} INFO - Sync 1 DAGs
[2025-05-09T07:34:58.575+0000] {logging_mixin.py:188} INFO - [2025-05-09T07:34:58.575+0000] {dag.py:3954} INFO - Setting next_dagrun for dag_with_taskflow_api to 2025-05-09 00:00:00+00:00, run_after=2025-05-10 00:00:00+00:00
[2025-05-09T07:34:58.595+0000] {processor.py:183} INFO - Processing /opt/airflow/dags/dag_with_taskflow_api.py took 0.104 seconds
[2025-05-09T07:35:29.533+0000] {processor.py:161} INFO - Started process (PID=536) to work on /opt/airflow/dags/dag_with_taskflow_api.py
[2025-05-09T07:35:29.534+0000] {processor.py:830} INFO - Processing file /opt/airflow/dags/dag_with_taskflow_api.py for tasks to queue
[2025-05-09T07:35:29.536+0000] {logging_mixin.py:188} INFO - [2025-05-09T07:35:29.536+0000] {dagbag.py:545} INFO - Filling up the DagBag from /opt/airflow/dags/dag_with_taskflow_api.py
[2025-05-09T07:35:29.578+0000] {processor.py:840} INFO - DAG(s) 'dag_with_taskflow_api' retrieved from /opt/airflow/dags/dag_with_taskflow_api.py
[2025-05-09T07:35:29.642+0000] {logging_mixin.py:188} INFO - [2025-05-09T07:35:29.641+0000] {dag.py:3096} INFO - Sync 1 DAGs
[2025-05-09T07:35:29.681+0000] {logging_mixin.py:188} INFO - [2025-05-09T07:35:29.681+0000] {dag.py:3954} INFO - Setting next_dagrun for dag_with_taskflow_api to 2025-05-09 00:00:00+00:00, run_after=2025-05-10 00:00:00+00:00
[2025-05-09T07:35:29.709+0000] {processor.py:183} INFO - Processing /opt/airflow/dags/dag_with_taskflow_api.py took 0.182 seconds
[2025-05-09T07:36:00.457+0000] {processor.py:161} INFO - Started process (PID=567) to work on /opt/airflow/dags/dag_with_taskflow_api.py
[2025-05-09T07:36:00.458+0000] {processor.py:830} INFO - Processing file /opt/airflow/dags/dag_with_taskflow_api.py for tasks to queue
[2025-05-09T07:36:00.459+0000] {logging_mixin.py:188} INFO - [2025-05-09T07:36:00.459+0000] {dagbag.py:545} INFO - Filling up the DagBag from /opt/airflow/dags/dag_with_taskflow_api.py
[2025-05-09T07:36:00.489+0000] {processor.py:840} INFO - DAG(s) 'dag_with_taskflow_api' retrieved from /opt/airflow/dags/dag_with_taskflow_api.py
[2025-05-09T07:36:00.523+0000] {logging_mixin.py:188} INFO - [2025-05-09T07:36:00.522+0000] {dag.py:3096} INFO - Sync 1 DAGs
[2025-05-09T07:36:00.555+0000] {logging_mixin.py:188} INFO - [2025-05-09T07:36:00.555+0000] {dag.py:3954} INFO - Setting next_dagrun for dag_with_taskflow_api to 2025-05-09 00:00:00+00:00, run_after=2025-05-10 00:00:00+00:00
[2025-05-09T07:36:00.583+0000] {processor.py:183} INFO - Processing /opt/airflow/dags/dag_with_taskflow_api.py took 0.133 seconds
[2025-05-09T07:36:31.510+0000] {processor.py:161} INFO - Started process (PID=598) to work on /opt/airflow/dags/dag_with_taskflow_api.py
[2025-05-09T07:36:31.512+0000] {processor.py:830} INFO - Processing file /opt/airflow/dags/dag_with_taskflow_api.py for tasks to queue
[2025-05-09T07:36:31.520+0000] {logging_mixin.py:188} INFO - [2025-05-09T07:36:31.516+0000] {dagbag.py:545} INFO - Filling up the DagBag from /opt/airflow/dags/dag_with_taskflow_api.py
[2025-05-09T07:36:31.562+0000] {processor.py:840} INFO - DAG(s) 'dag_with_taskflow_api' retrieved from /opt/airflow/dags/dag_with_taskflow_api.py
[2025-05-09T07:36:31.600+0000] {logging_mixin.py:188} INFO - [2025-05-09T07:36:31.599+0000] {dag.py:3096} INFO - Sync 1 DAGs
[2025-05-09T07:36:31.634+0000] {logging_mixin.py:188} INFO - [2025-05-09T07:36:31.634+0000] {dag.py:3954} INFO - Setting next_dagrun for dag_with_taskflow_api to 2025-05-09 00:00:00+00:00, run_after=2025-05-10 00:00:00+00:00
[2025-05-09T07:36:31.658+0000] {processor.py:183} INFO - Processing /opt/airflow/dags/dag_with_taskflow_api.py took 0.157 seconds
[2025-05-09T07:37:02.448+0000] {processor.py:161} INFO - Started process (PID=629) to work on /opt/airflow/dags/dag_with_taskflow_api.py
[2025-05-09T07:37:02.449+0000] {processor.py:830} INFO - Processing file /opt/airflow/dags/dag_with_taskflow_api.py for tasks to queue
[2025-05-09T07:37:02.451+0000] {logging_mixin.py:188} INFO - [2025-05-09T07:37:02.450+0000] {dagbag.py:545} INFO - Filling up the DagBag from /opt/airflow/dags/dag_with_taskflow_api.py
[2025-05-09T07:37:02.478+0000] {processor.py:840} INFO - DAG(s) 'dag_with_taskflow_api' retrieved from /opt/airflow/dags/dag_with_taskflow_api.py
[2025-05-09T07:37:02.505+0000] {logging_mixin.py:188} INFO - [2025-05-09T07:37:02.505+0000] {dag.py:3096} INFO - Sync 1 DAGs
[2025-05-09T07:37:02.533+0000] {logging_mixin.py:188} INFO - [2025-05-09T07:37:02.533+0000] {dag.py:3954} INFO - Setting next_dagrun for dag_with_taskflow_api to 2025-05-09 00:00:00+00:00, run_after=2025-05-10 00:00:00+00:00
[2025-05-09T07:37:02.563+0000] {processor.py:183} INFO - Processing /opt/airflow/dags/dag_with_taskflow_api.py took 0.121 seconds
[2025-05-09T07:37:33.612+0000] {processor.py:161} INFO - Started process (PID=660) to work on /opt/airflow/dags/dag_with_taskflow_api.py
[2025-05-09T07:37:33.613+0000] {processor.py:830} INFO - Processing file /opt/airflow/dags/dag_with_taskflow_api.py for tasks to queue
[2025-05-09T07:37:33.615+0000] {logging_mixin.py:188} INFO - [2025-05-09T07:37:33.615+0000] {dagbag.py:545} INFO - Filling up the DagBag from /opt/airflow/dags/dag_with_taskflow_api.py
[2025-05-09T07:37:33.692+0000] {processor.py:840} INFO - DAG(s) 'dag_with_taskflow_api' retrieved from /opt/airflow/dags/dag_with_taskflow_api.py
[2025-05-09T07:37:33.724+0000] {logging_mixin.py:188} INFO - [2025-05-09T07:37:33.723+0000] {dag.py:3096} INFO - Sync 1 DAGs
[2025-05-09T07:37:33.752+0000] {logging_mixin.py:188} INFO - [2025-05-09T07:37:33.752+0000] {dag.py:3954} INFO - Setting next_dagrun for dag_with_taskflow_api to 2025-05-09 00:00:00+00:00, run_after=2025-05-10 00:00:00+00:00
[2025-05-09T07:37:33.780+0000] {processor.py:183} INFO - Processing /opt/airflow/dags/dag_with_taskflow_api.py took 0.174 seconds
[2025-05-09T07:38:04.611+0000] {processor.py:161} INFO - Started process (PID=691) to work on /opt/airflow/dags/dag_with_taskflow_api.py
[2025-05-09T07:38:04.612+0000] {processor.py:830} INFO - Processing file /opt/airflow/dags/dag_with_taskflow_api.py for tasks to queue
[2025-05-09T07:38:04.614+0000] {logging_mixin.py:188} INFO - [2025-05-09T07:38:04.614+0000] {dagbag.py:545} INFO - Filling up the DagBag from /opt/airflow/dags/dag_with_taskflow_api.py
[2025-05-09T07:38:04.660+0000] {processor.py:840} INFO - DAG(s) 'dag_with_taskflow_api' retrieved from /opt/airflow/dags/dag_with_taskflow_api.py
[2025-05-09T07:38:04.692+0000] {logging_mixin.py:188} INFO - [2025-05-09T07:38:04.691+0000] {dag.py:3096} INFO - Sync 1 DAGs
[2025-05-09T07:38:04.722+0000] {logging_mixin.py:188} INFO - [2025-05-09T07:38:04.722+0000] {dag.py:3954} INFO - Setting next_dagrun for dag_with_taskflow_api to 2025-05-09 00:00:00+00:00, run_after=2025-05-10 00:00:00+00:00
[2025-05-09T07:38:04.744+0000] {processor.py:183} INFO - Processing /opt/airflow/dags/dag_with_taskflow_api.py took 0.143 seconds
[2025-05-09T07:38:35.648+0000] {processor.py:161} INFO - Started process (PID=722) to work on /opt/airflow/dags/dag_with_taskflow_api.py
[2025-05-09T07:38:35.649+0000] {processor.py:830} INFO - Processing file /opt/airflow/dags/dag_with_taskflow_api.py for tasks to queue
[2025-05-09T07:38:35.653+0000] {logging_mixin.py:188} INFO - [2025-05-09T07:38:35.652+0000] {dagbag.py:545} INFO - Filling up the DagBag from /opt/airflow/dags/dag_with_taskflow_api.py
[2025-05-09T07:38:35.689+0000] {processor.py:840} INFO - DAG(s) 'dag_with_taskflow_api' retrieved from /opt/airflow/dags/dag_with_taskflow_api.py
[2025-05-09T07:38:35.736+0000] {logging_mixin.py:188} INFO - [2025-05-09T07:38:35.736+0000] {dag.py:3096} INFO - Sync 1 DAGs
[2025-05-09T07:38:35.766+0000] {logging_mixin.py:188} INFO - [2025-05-09T07:38:35.766+0000] {dag.py:3954} INFO - Setting next_dagrun for dag_with_taskflow_api to 2025-05-09 00:00:00+00:00, run_after=2025-05-10 00:00:00+00:00
[2025-05-09T07:38:35.786+0000] {processor.py:183} INFO - Processing /opt/airflow/dags/dag_with_taskflow_api.py took 0.148 seconds
[2025-05-09T07:39:06.669+0000] {processor.py:161} INFO - Started process (PID=753) to work on /opt/airflow/dags/dag_with_taskflow_api.py
[2025-05-09T07:39:06.670+0000] {processor.py:830} INFO - Processing file /opt/airflow/dags/dag_with_taskflow_api.py for tasks to queue
[2025-05-09T07:39:06.671+0000] {logging_mixin.py:188} INFO - [2025-05-09T07:39:06.671+0000] {dagbag.py:545} INFO - Filling up the DagBag from /opt/airflow/dags/dag_with_taskflow_api.py
[2025-05-09T07:39:06.698+0000] {processor.py:840} INFO - DAG(s) 'dag_with_taskflow_api' retrieved from /opt/airflow/dags/dag_with_taskflow_api.py
[2025-05-09T07:39:06.726+0000] {logging_mixin.py:188} INFO - [2025-05-09T07:39:06.726+0000] {dag.py:3096} INFO - Sync 1 DAGs
[2025-05-09T07:39:06.749+0000] {logging_mixin.py:188} INFO - [2025-05-09T07:39:06.749+0000] {dag.py:3954} INFO - Setting next_dagrun for dag_with_taskflow_api to 2025-05-09 00:00:00+00:00, run_after=2025-05-10 00:00:00+00:00
[2025-05-09T07:39:06.773+0000] {processor.py:183} INFO - Processing /opt/airflow/dags/dag_with_taskflow_api.py took 0.111 seconds
[2025-05-09T07:39:36.900+0000] {processor.py:161} INFO - Started process (PID=784) to work on /opt/airflow/dags/dag_with_taskflow_api.py
[2025-05-09T07:39:36.902+0000] {processor.py:830} INFO - Processing file /opt/airflow/dags/dag_with_taskflow_api.py for tasks to queue
[2025-05-09T07:39:36.905+0000] {logging_mixin.py:188} INFO - [2025-05-09T07:39:36.904+0000] {dagbag.py:545} INFO - Filling up the DagBag from /opt/airflow/dags/dag_with_taskflow_api.py
[2025-05-09T07:39:36.939+0000] {processor.py:840} INFO - DAG(s) 'dag_with_taskflow_api' retrieved from /opt/airflow/dags/dag_with_taskflow_api.py
[2025-05-09T07:39:37.003+0000] {logging_mixin.py:188} INFO - [2025-05-09T07:39:37.002+0000] {dag.py:3096} INFO - Sync 1 DAGs
[2025-05-09T07:39:37.080+0000] {logging_mixin.py:188} INFO - [2025-05-09T07:39:37.077+0000] {dag.py:3954} INFO - Setting next_dagrun for dag_with_taskflow_api to 2025-05-09 00:00:00+00:00, run_after=2025-05-10 00:00:00+00:00
[2025-05-09T07:39:37.123+0000] {processor.py:183} INFO - Processing /opt/airflow/dags/dag_with_taskflow_api.py took 0.233 seconds
[2025-05-09T07:40:07.200+0000] {processor.py:161} INFO - Started process (PID=818) to work on /opt/airflow/dags/dag_with_taskflow_api.py
[2025-05-09T07:40:07.201+0000] {processor.py:830} INFO - Processing file /opt/airflow/dags/dag_with_taskflow_api.py for tasks to queue
[2025-05-09T07:40:07.202+0000] {logging_mixin.py:188} INFO - [2025-05-09T07:40:07.202+0000] {dagbag.py:545} INFO - Filling up the DagBag from /opt/airflow/dags/dag_with_taskflow_api.py
[2025-05-09T07:40:07.233+0000] {processor.py:840} INFO - DAG(s) 'dag_with_taskflow_api' retrieved from /opt/airflow/dags/dag_with_taskflow_api.py
[2025-05-09T07:40:07.267+0000] {logging_mixin.py:188} INFO - [2025-05-09T07:40:07.266+0000] {dag.py:3096} INFO - Sync 1 DAGs
[2025-05-09T07:40:07.310+0000] {logging_mixin.py:188} INFO - [2025-05-09T07:40:07.310+0000] {dag.py:3954} INFO - Setting next_dagrun for dag_with_taskflow_api to 2025-05-09 00:00:00+00:00, run_after=2025-05-10 00:00:00+00:00
[2025-05-09T07:40:07.356+0000] {processor.py:183} INFO - Processing /opt/airflow/dags/dag_with_taskflow_api.py took 0.163 seconds
[2025-05-09T07:40:37.420+0000] {processor.py:161} INFO - Started process (PID=851) to work on /opt/airflow/dags/dag_with_taskflow_api.py
[2025-05-09T07:40:37.422+0000] {processor.py:830} INFO - Processing file /opt/airflow/dags/dag_with_taskflow_api.py for tasks to queue
[2025-05-09T07:40:37.425+0000] {logging_mixin.py:188} INFO - [2025-05-09T07:40:37.424+0000] {dagbag.py:545} INFO - Filling up the DagBag from /opt/airflow/dags/dag_with_taskflow_api.py
[2025-05-09T07:40:37.494+0000] {processor.py:840} INFO - DAG(s) 'dag_with_taskflow_api' retrieved from /opt/airflow/dags/dag_with_taskflow_api.py
[2025-05-09T07:40:37.526+0000] {logging_mixin.py:188} INFO - [2025-05-09T07:40:37.525+0000] {dag.py:3096} INFO - Sync 1 DAGs
[2025-05-09T07:40:37.549+0000] {logging_mixin.py:188} INFO - [2025-05-09T07:40:37.548+0000] {dag.py:3954} INFO - Setting next_dagrun for dag_with_taskflow_api to 2025-05-09 00:00:00+00:00, run_after=2025-05-10 00:00:00+00:00
[2025-05-09T07:40:37.572+0000] {processor.py:183} INFO - Processing /opt/airflow/dags/dag_with_taskflow_api.py took 0.159 seconds
[2025-05-09T07:41:08.505+0000] {processor.py:161} INFO - Started process (PID=888) to work on /opt/airflow/dags/dag_with_taskflow_api.py
[2025-05-09T07:41:08.506+0000] {processor.py:830} INFO - Processing file /opt/airflow/dags/dag_with_taskflow_api.py for tasks to queue
[2025-05-09T07:41:08.508+0000] {logging_mixin.py:188} INFO - [2025-05-09T07:41:08.508+0000] {dagbag.py:545} INFO - Filling up the DagBag from /opt/airflow/dags/dag_with_taskflow_api.py
[2025-05-09T07:41:08.540+0000] {processor.py:840} INFO - DAG(s) 'dag_with_taskflow_api' retrieved from /opt/airflow/dags/dag_with_taskflow_api.py
[2025-05-09T07:41:08.578+0000] {logging_mixin.py:188} INFO - [2025-05-09T07:41:08.577+0000] {dag.py:3096} INFO - Sync 1 DAGs
[2025-05-09T07:41:08.607+0000] {logging_mixin.py:188} INFO - [2025-05-09T07:41:08.607+0000] {dag.py:3954} INFO - Setting next_dagrun for dag_with_taskflow_api to 2025-05-09 00:00:00+00:00, run_after=2025-05-10 00:00:00+00:00
[2025-05-09T07:41:08.632+0000] {processor.py:183} INFO - Processing /opt/airflow/dags/dag_with_taskflow_api.py took 0.133 seconds
[2025-05-09T07:41:39.363+0000] {processor.py:161} INFO - Started process (PID=919) to work on /opt/airflow/dags/dag_with_taskflow_api.py
[2025-05-09T07:41:39.366+0000] {processor.py:830} INFO - Processing file /opt/airflow/dags/dag_with_taskflow_api.py for tasks to queue
[2025-05-09T07:41:39.374+0000] {logging_mixin.py:188} INFO - [2025-05-09T07:41:39.373+0000] {dagbag.py:545} INFO - Filling up the DagBag from /opt/airflow/dags/dag_with_taskflow_api.py
[2025-05-09T07:41:39.418+0000] {processor.py:840} INFO - DAG(s) 'dag_with_taskflow_api' retrieved from /opt/airflow/dags/dag_with_taskflow_api.py
[2025-05-09T07:41:39.450+0000] {logging_mixin.py:188} INFO - [2025-05-09T07:41:39.450+0000] {dag.py:3096} INFO - Sync 1 DAGs
[2025-05-09T07:41:39.478+0000] {logging_mixin.py:188} INFO - [2025-05-09T07:41:39.477+0000] {dag.py:3954} INFO - Setting next_dagrun for dag_with_taskflow_api to 2025-05-09 00:00:00+00:00, run_after=2025-05-10 00:00:00+00:00
[2025-05-09T07:41:39.506+0000] {processor.py:183} INFO - Processing /opt/airflow/dags/dag_with_taskflow_api.py took 0.152 seconds
