[2025-05-09T07:06:44.004+0000] {processor.py:161} INFO - Started process (PID=192) to work on /opt/airflow/dags/ecommerce_dw_dag.py
[2025-05-09T07:06:44.006+0000] {processor.py:830} INFO - Processing file /opt/airflow/dags/ecommerce_dw_dag.py for tasks to queue
[2025-05-09T07:06:44.010+0000] {logging_mixin.py:188} INFO - [2025-05-09T07:06:44.009+0000] {dagbag.py:545} INFO - Filling up the DagBag from /opt/airflow/dags/ecommerce_dw_dag.py
[2025-05-09T07:06:44.197+0000] {processor.py:840} INFO - DAG(s) 'e_commerce_dw_etl_decorator' retrieved from /opt/airflow/dags/ecommerce_dw_dag.py
[2025-05-09T07:06:44.385+0000] {logging_mixin.py:188} INFO - [2025-05-09T07:06:44.385+0000] {dag.py:3096} INFO - Sync 1 DAGs
[2025-05-09T07:06:44.411+0000] {logging_mixin.py:188} INFO - [2025-05-09T07:06:44.411+0000] {dag.py:3954} INFO - Setting next_dagrun for e_commerce_dw_etl_decorator to 2025-05-08 00:00:00+00:00, run_after=2025-05-09 00:00:00+00:00
[2025-05-09T07:06:44.450+0000] {processor.py:183} INFO - Processing /opt/airflow/dags/ecommerce_dw_dag.py took 0.462 seconds
[2025-05-09T07:07:14.920+0000] {processor.py:161} INFO - Started process (PID=240) to work on /opt/airflow/dags/ecommerce_dw_dag.py
[2025-05-09T07:07:14.922+0000] {processor.py:830} INFO - Processing file /opt/airflow/dags/ecommerce_dw_dag.py for tasks to queue
[2025-05-09T07:07:14.925+0000] {logging_mixin.py:188} INFO - [2025-05-09T07:07:14.924+0000] {dagbag.py:545} INFO - Filling up the DagBag from /opt/airflow/dags/ecommerce_dw_dag.py
[2025-05-09T07:07:15.005+0000] {processor.py:840} INFO - DAG(s) 'e_commerce_dw_etl_decorator' retrieved from /opt/airflow/dags/ecommerce_dw_dag.py
[2025-05-09T07:07:15.061+0000] {logging_mixin.py:188} INFO - [2025-05-09T07:07:15.060+0000] {dag.py:3096} INFO - Sync 1 DAGs
[2025-05-09T07:07:15.087+0000] {logging_mixin.py:188} INFO - [2025-05-09T07:07:15.087+0000] {dag.py:3954} INFO - Setting next_dagrun for e_commerce_dw_etl_decorator to 2025-05-09 00:00:00+00:00, run_after=2025-05-10 00:00:00+00:00
[2025-05-09T07:07:15.119+0000] {processor.py:183} INFO - Processing /opt/airflow/dags/ecommerce_dw_dag.py took 0.210 seconds
[2025-05-09T07:07:45.359+0000] {processor.py:161} INFO - Started process (PID=308) to work on /opt/airflow/dags/ecommerce_dw_dag.py
[2025-05-09T07:07:45.360+0000] {processor.py:830} INFO - Processing file /opt/airflow/dags/ecommerce_dw_dag.py for tasks to queue
[2025-05-09T07:07:45.361+0000] {logging_mixin.py:188} INFO - [2025-05-09T07:07:45.361+0000] {dagbag.py:545} INFO - Filling up the DagBag from /opt/airflow/dags/ecommerce_dw_dag.py
[2025-05-09T07:07:45.438+0000] {processor.py:840} INFO - DAG(s) 'e_commerce_dw_etl_decorator' retrieved from /opt/airflow/dags/ecommerce_dw_dag.py
[2025-05-09T07:07:45.485+0000] {logging_mixin.py:188} INFO - [2025-05-09T07:07:45.484+0000] {dag.py:3096} INFO - Sync 1 DAGs
[2025-05-09T07:07:45.526+0000] {logging_mixin.py:188} INFO - [2025-05-09T07:07:45.525+0000] {dag.py:3954} INFO - Setting next_dagrun for e_commerce_dw_etl_decorator to 2025-05-09 00:00:00+00:00, run_after=2025-05-10 00:00:00+00:00
[2025-05-09T07:07:45.567+0000] {processor.py:183} INFO - Processing /opt/airflow/dags/ecommerce_dw_dag.py took 0.217 seconds
[2025-05-09T07:08:15.651+0000] {processor.py:161} INFO - Started process (PID=433) to work on /opt/airflow/dags/ecommerce_dw_dag.py
[2025-05-09T07:08:15.652+0000] {processor.py:830} INFO - Processing file /opt/airflow/dags/ecommerce_dw_dag.py for tasks to queue
[2025-05-09T07:08:15.654+0000] {logging_mixin.py:188} INFO - [2025-05-09T07:08:15.654+0000] {dagbag.py:545} INFO - Filling up the DagBag from /opt/airflow/dags/ecommerce_dw_dag.py
[2025-05-09T07:08:15.726+0000] {processor.py:840} INFO - DAG(s) 'e_commerce_dw_etl_decorator' retrieved from /opt/airflow/dags/ecommerce_dw_dag.py
[2025-05-09T07:08:15.763+0000] {logging_mixin.py:188} INFO - [2025-05-09T07:08:15.762+0000] {dag.py:3096} INFO - Sync 1 DAGs
[2025-05-09T07:08:15.785+0000] {logging_mixin.py:188} INFO - [2025-05-09T07:08:15.784+0000] {dag.py:3954} INFO - Setting next_dagrun for e_commerce_dw_etl_decorator to 2025-05-09 00:00:00+00:00, run_after=2025-05-10 00:00:00+00:00
[2025-05-09T07:08:15.811+0000] {processor.py:183} INFO - Processing /opt/airflow/dags/ecommerce_dw_dag.py took 0.166 seconds
[2025-05-09T07:08:46.795+0000] {processor.py:161} INFO - Started process (PID=464) to work on /opt/airflow/dags/ecommerce_dw_dag.py
[2025-05-09T07:08:46.796+0000] {processor.py:830} INFO - Processing file /opt/airflow/dags/ecommerce_dw_dag.py for tasks to queue
[2025-05-09T07:08:46.797+0000] {logging_mixin.py:188} INFO - [2025-05-09T07:08:46.797+0000] {dagbag.py:545} INFO - Filling up the DagBag from /opt/airflow/dags/ecommerce_dw_dag.py
[2025-05-09T07:08:46.872+0000] {processor.py:840} INFO - DAG(s) 'e_commerce_dw_etl_decorator' retrieved from /opt/airflow/dags/ecommerce_dw_dag.py
[2025-05-09T07:08:46.913+0000] {logging_mixin.py:188} INFO - [2025-05-09T07:08:46.913+0000] {dag.py:3096} INFO - Sync 1 DAGs
[2025-05-09T07:08:46.937+0000] {logging_mixin.py:188} INFO - [2025-05-09T07:08:46.937+0000] {dag.py:3954} INFO - Setting next_dagrun for e_commerce_dw_etl_decorator to 2025-05-09 00:00:00+00:00, run_after=2025-05-10 00:00:00+00:00
[2025-05-09T07:08:46.957+0000] {processor.py:183} INFO - Processing /opt/airflow/dags/ecommerce_dw_dag.py took 0.168 seconds
[2025-05-09T07:09:17.069+0000] {processor.py:161} INFO - Started process (PID=495) to work on /opt/airflow/dags/ecommerce_dw_dag.py
[2025-05-09T07:09:17.070+0000] {processor.py:830} INFO - Processing file /opt/airflow/dags/ecommerce_dw_dag.py for tasks to queue
[2025-05-09T07:09:17.072+0000] {logging_mixin.py:188} INFO - [2025-05-09T07:09:17.072+0000] {dagbag.py:545} INFO - Filling up the DagBag from /opt/airflow/dags/ecommerce_dw_dag.py
[2025-05-09T07:09:17.154+0000] {processor.py:840} INFO - DAG(s) 'e_commerce_dw_etl_decorator' retrieved from /opt/airflow/dags/ecommerce_dw_dag.py
[2025-05-09T07:09:17.203+0000] {logging_mixin.py:188} INFO - [2025-05-09T07:09:17.203+0000] {dag.py:3096} INFO - Sync 1 DAGs
[2025-05-09T07:09:17.239+0000] {logging_mixin.py:188} INFO - [2025-05-09T07:09:17.239+0000] {dag.py:3954} INFO - Setting next_dagrun for e_commerce_dw_etl_decorator to 2025-05-09 00:00:00+00:00, run_after=2025-05-10 00:00:00+00:00
[2025-05-09T07:09:17.273+0000] {processor.py:183} INFO - Processing /opt/airflow/dags/ecommerce_dw_dag.py took 0.211 seconds
[2025-05-09T07:09:48.207+0000] {processor.py:161} INFO - Started process (PID=526) to work on /opt/airflow/dags/ecommerce_dw_dag.py
[2025-05-09T07:09:48.208+0000] {processor.py:830} INFO - Processing file /opt/airflow/dags/ecommerce_dw_dag.py for tasks to queue
[2025-05-09T07:09:48.210+0000] {logging_mixin.py:188} INFO - [2025-05-09T07:09:48.209+0000] {dagbag.py:545} INFO - Filling up the DagBag from /opt/airflow/dags/ecommerce_dw_dag.py
[2025-05-09T07:09:48.278+0000] {processor.py:840} INFO - DAG(s) 'e_commerce_dw_etl_decorator' retrieved from /opt/airflow/dags/ecommerce_dw_dag.py
[2025-05-09T07:09:48.318+0000] {logging_mixin.py:188} INFO - [2025-05-09T07:09:48.318+0000] {dag.py:3096} INFO - Sync 1 DAGs
[2025-05-09T07:09:48.344+0000] {logging_mixin.py:188} INFO - [2025-05-09T07:09:48.344+0000] {dag.py:3954} INFO - Setting next_dagrun for e_commerce_dw_etl_decorator to 2025-05-09 00:00:00+00:00, run_after=2025-05-10 00:00:00+00:00
[2025-05-09T07:09:48.364+0000] {processor.py:183} INFO - Processing /opt/airflow/dags/ecommerce_dw_dag.py took 0.162 seconds
[2025-05-09T07:10:18.523+0000] {processor.py:161} INFO - Started process (PID=558) to work on /opt/airflow/dags/ecommerce_dw_dag.py
[2025-05-09T07:10:18.525+0000] {processor.py:830} INFO - Processing file /opt/airflow/dags/ecommerce_dw_dag.py for tasks to queue
[2025-05-09T07:10:18.528+0000] {logging_mixin.py:188} INFO - [2025-05-09T07:10:18.528+0000] {dagbag.py:545} INFO - Filling up the DagBag from /opt/airflow/dags/ecommerce_dw_dag.py
[2025-05-09T07:10:18.618+0000] {processor.py:840} INFO - DAG(s) 'e_commerce_dw_etl_decorator' retrieved from /opt/airflow/dags/ecommerce_dw_dag.py
[2025-05-09T07:10:18.668+0000] {logging_mixin.py:188} INFO - [2025-05-09T07:10:18.667+0000] {dag.py:3096} INFO - Sync 1 DAGs
[2025-05-09T07:10:18.696+0000] {logging_mixin.py:188} INFO - [2025-05-09T07:10:18.696+0000] {dag.py:3954} INFO - Setting next_dagrun for e_commerce_dw_etl_decorator to 2025-05-09 00:00:00+00:00, run_after=2025-05-10 00:00:00+00:00
[2025-05-09T07:10:18.725+0000] {processor.py:183} INFO - Processing /opt/airflow/dags/ecommerce_dw_dag.py took 0.211 seconds
[2025-05-09T07:10:48.814+0000] {processor.py:161} INFO - Started process (PID=592) to work on /opt/airflow/dags/ecommerce_dw_dag.py
[2025-05-09T07:10:48.815+0000] {processor.py:830} INFO - Processing file /opt/airflow/dags/ecommerce_dw_dag.py for tasks to queue
[2025-05-09T07:10:48.818+0000] {logging_mixin.py:188} INFO - [2025-05-09T07:10:48.817+0000] {dagbag.py:545} INFO - Filling up the DagBag from /opt/airflow/dags/ecommerce_dw_dag.py
[2025-05-09T07:10:48.910+0000] {processor.py:840} INFO - DAG(s) 'e_commerce_dw_etl_decorator' retrieved from /opt/airflow/dags/ecommerce_dw_dag.py
[2025-05-09T07:10:48.951+0000] {logging_mixin.py:188} INFO - [2025-05-09T07:10:48.951+0000] {dag.py:3096} INFO - Sync 1 DAGs
[2025-05-09T07:10:48.976+0000] {logging_mixin.py:188} INFO - [2025-05-09T07:10:48.976+0000] {dag.py:3954} INFO - Setting next_dagrun for e_commerce_dw_etl_decorator to 2025-05-09 00:00:00+00:00, run_after=2025-05-10 00:00:00+00:00
[2025-05-09T07:10:49.001+0000] {processor.py:183} INFO - Processing /opt/airflow/dags/ecommerce_dw_dag.py took 0.194 seconds
[2025-05-09T07:11:19.152+0000] {processor.py:161} INFO - Started process (PID=625) to work on /opt/airflow/dags/ecommerce_dw_dag.py
[2025-05-09T07:11:19.153+0000] {processor.py:830} INFO - Processing file /opt/airflow/dags/ecommerce_dw_dag.py for tasks to queue
[2025-05-09T07:11:19.155+0000] {logging_mixin.py:188} INFO - [2025-05-09T07:11:19.154+0000] {dagbag.py:545} INFO - Filling up the DagBag from /opt/airflow/dags/ecommerce_dw_dag.py
[2025-05-09T07:11:19.228+0000] {processor.py:840} INFO - DAG(s) 'e_commerce_dw_etl_decorator' retrieved from /opt/airflow/dags/ecommerce_dw_dag.py
[2025-05-09T07:11:19.285+0000] {logging_mixin.py:188} INFO - [2025-05-09T07:11:19.285+0000] {dag.py:3096} INFO - Sync 1 DAGs
[2025-05-09T07:11:19.309+0000] {logging_mixin.py:188} INFO - [2025-05-09T07:11:19.309+0000] {dag.py:3954} INFO - Setting next_dagrun for e_commerce_dw_etl_decorator to 2025-05-09 00:00:00+00:00, run_after=2025-05-10 00:00:00+00:00
[2025-05-09T07:11:19.329+0000] {processor.py:183} INFO - Processing /opt/airflow/dags/ecommerce_dw_dag.py took 0.183 seconds
[2025-05-09T07:11:49.398+0000] {processor.py:161} INFO - Started process (PID=651) to work on /opt/airflow/dags/ecommerce_dw_dag.py
[2025-05-09T07:11:49.399+0000] {processor.py:830} INFO - Processing file /opt/airflow/dags/ecommerce_dw_dag.py for tasks to queue
[2025-05-09T07:11:49.401+0000] {logging_mixin.py:188} INFO - [2025-05-09T07:11:49.401+0000] {dagbag.py:545} INFO - Filling up the DagBag from /opt/airflow/dags/ecommerce_dw_dag.py
[2025-05-09T07:11:49.479+0000] {processor.py:840} INFO - DAG(s) 'e_commerce_dw_etl_decorator' retrieved from /opt/airflow/dags/ecommerce_dw_dag.py
[2025-05-09T07:11:49.515+0000] {logging_mixin.py:188} INFO - [2025-05-09T07:11:49.515+0000] {dag.py:3096} INFO - Sync 1 DAGs
[2025-05-09T07:11:49.539+0000] {logging_mixin.py:188} INFO - [2025-05-09T07:11:49.538+0000] {dag.py:3954} INFO - Setting next_dagrun for e_commerce_dw_etl_decorator to 2025-05-09 00:00:00+00:00, run_after=2025-05-10 00:00:00+00:00
[2025-05-09T07:11:49.560+0000] {processor.py:183} INFO - Processing /opt/airflow/dags/ecommerce_dw_dag.py took 0.170 seconds
[2025-05-09T07:12:19.616+0000] {processor.py:161} INFO - Started process (PID=682) to work on /opt/airflow/dags/ecommerce_dw_dag.py
[2025-05-09T07:12:19.617+0000] {processor.py:830} INFO - Processing file /opt/airflow/dags/ecommerce_dw_dag.py for tasks to queue
[2025-05-09T07:12:19.618+0000] {logging_mixin.py:188} INFO - [2025-05-09T07:12:19.618+0000] {dagbag.py:545} INFO - Filling up the DagBag from /opt/airflow/dags/ecommerce_dw_dag.py
[2025-05-09T07:12:19.688+0000] {processor.py:840} INFO - DAG(s) 'e_commerce_dw_etl_decorator' retrieved from /opt/airflow/dags/ecommerce_dw_dag.py
[2025-05-09T07:12:19.728+0000] {logging_mixin.py:188} INFO - [2025-05-09T07:12:19.728+0000] {dag.py:3096} INFO - Sync 1 DAGs
[2025-05-09T07:12:19.755+0000] {logging_mixin.py:188} INFO - [2025-05-09T07:12:19.755+0000] {dag.py:3954} INFO - Setting next_dagrun for e_commerce_dw_etl_decorator to 2025-05-09 00:00:00+00:00, run_after=2025-05-10 00:00:00+00:00
[2025-05-09T07:12:19.777+0000] {processor.py:183} INFO - Processing /opt/airflow/dags/ecommerce_dw_dag.py took 0.167 seconds
[2025-05-09T07:12:49.955+0000] {processor.py:161} INFO - Started process (PID=713) to work on /opt/airflow/dags/ecommerce_dw_dag.py
[2025-05-09T07:12:49.956+0000] {processor.py:830} INFO - Processing file /opt/airflow/dags/ecommerce_dw_dag.py for tasks to queue
[2025-05-09T07:12:49.958+0000] {logging_mixin.py:188} INFO - [2025-05-09T07:12:49.958+0000] {dagbag.py:545} INFO - Filling up the DagBag from /opt/airflow/dags/ecommerce_dw_dag.py
[2025-05-09T07:12:50.033+0000] {processor.py:840} INFO - DAG(s) 'e_commerce_dw_etl_decorator' retrieved from /opt/airflow/dags/ecommerce_dw_dag.py
[2025-05-09T07:12:50.073+0000] {logging_mixin.py:188} INFO - [2025-05-09T07:12:50.072+0000] {dag.py:3096} INFO - Sync 1 DAGs
[2025-05-09T07:12:50.105+0000] {logging_mixin.py:188} INFO - [2025-05-09T07:12:50.105+0000] {dag.py:3954} INFO - Setting next_dagrun for e_commerce_dw_etl_decorator to 2025-05-09 00:00:00+00:00, run_after=2025-05-10 00:00:00+00:00
[2025-05-09T07:12:50.128+0000] {processor.py:183} INFO - Processing /opt/airflow/dags/ecommerce_dw_dag.py took 0.179 seconds
[2025-05-09T07:13:20.314+0000] {processor.py:161} INFO - Started process (PID=749) to work on /opt/airflow/dags/ecommerce_dw_dag.py
[2025-05-09T07:13:20.315+0000] {processor.py:830} INFO - Processing file /opt/airflow/dags/ecommerce_dw_dag.py for tasks to queue
[2025-05-09T07:13:20.317+0000] {logging_mixin.py:188} INFO - [2025-05-09T07:13:20.317+0000] {dagbag.py:545} INFO - Filling up the DagBag from /opt/airflow/dags/ecommerce_dw_dag.py
[2025-05-09T07:13:20.390+0000] {processor.py:840} INFO - DAG(s) 'e_commerce_dw_etl_decorator' retrieved from /opt/airflow/dags/ecommerce_dw_dag.py
[2025-05-09T07:13:20.431+0000] {logging_mixin.py:188} INFO - [2025-05-09T07:13:20.430+0000] {dag.py:3096} INFO - Sync 1 DAGs
[2025-05-09T07:13:20.453+0000] {logging_mixin.py:188} INFO - [2025-05-09T07:13:20.453+0000] {dag.py:3954} INFO - Setting next_dagrun for e_commerce_dw_etl_decorator to 2025-05-09 00:00:00+00:00, run_after=2025-05-10 00:00:00+00:00
[2025-05-09T07:13:20.473+0000] {processor.py:183} INFO - Processing /opt/airflow/dags/ecommerce_dw_dag.py took 0.165 seconds
[2025-05-09T07:13:50.605+0000] {processor.py:161} INFO - Started process (PID=786) to work on /opt/airflow/dags/ecommerce_dw_dag.py
[2025-05-09T07:13:50.607+0000] {processor.py:830} INFO - Processing file /opt/airflow/dags/ecommerce_dw_dag.py for tasks to queue
[2025-05-09T07:13:50.608+0000] {logging_mixin.py:188} INFO - [2025-05-09T07:13:50.608+0000] {dagbag.py:545} INFO - Filling up the DagBag from /opt/airflow/dags/ecommerce_dw_dag.py
[2025-05-09T07:13:50.677+0000] {processor.py:840} INFO - DAG(s) 'e_commerce_dw_etl_decorator' retrieved from /opt/airflow/dags/ecommerce_dw_dag.py
[2025-05-09T07:13:50.714+0000] {logging_mixin.py:188} INFO - [2025-05-09T07:13:50.714+0000] {dag.py:3096} INFO - Sync 1 DAGs
[2025-05-09T07:13:50.745+0000] {logging_mixin.py:188} INFO - [2025-05-09T07:13:50.745+0000] {dag.py:3954} INFO - Setting next_dagrun for e_commerce_dw_etl_decorator to 2025-05-09 00:00:00+00:00, run_after=2025-05-10 00:00:00+00:00
[2025-05-09T07:13:50.766+0000] {processor.py:183} INFO - Processing /opt/airflow/dags/ecommerce_dw_dag.py took 0.166 seconds
[2025-05-09T07:14:20.881+0000] {processor.py:161} INFO - Started process (PID=817) to work on /opt/airflow/dags/ecommerce_dw_dag.py
[2025-05-09T07:14:20.882+0000] {processor.py:830} INFO - Processing file /opt/airflow/dags/ecommerce_dw_dag.py for tasks to queue
[2025-05-09T07:14:20.884+0000] {logging_mixin.py:188} INFO - [2025-05-09T07:14:20.884+0000] {dagbag.py:545} INFO - Filling up the DagBag from /opt/airflow/dags/ecommerce_dw_dag.py
[2025-05-09T07:14:20.967+0000] {processor.py:840} INFO - DAG(s) 'e_commerce_dw_etl_decorator' retrieved from /opt/airflow/dags/ecommerce_dw_dag.py
[2025-05-09T07:14:21.018+0000] {logging_mixin.py:188} INFO - [2025-05-09T07:14:21.018+0000] {dag.py:3096} INFO - Sync 1 DAGs
[2025-05-09T07:14:21.064+0000] {logging_mixin.py:188} INFO - [2025-05-09T07:14:21.064+0000] {dag.py:3954} INFO - Setting next_dagrun for e_commerce_dw_etl_decorator to 2025-05-09 00:00:00+00:00, run_after=2025-05-10 00:00:00+00:00
[2025-05-09T07:14:21.121+0000] {processor.py:183} INFO - Processing /opt/airflow/dags/ecommerce_dw_dag.py took 0.248 seconds
[2025-05-09T07:14:51.929+0000] {processor.py:161} INFO - Started process (PID=848) to work on /opt/airflow/dags/ecommerce_dw_dag.py
[2025-05-09T07:14:51.930+0000] {processor.py:830} INFO - Processing file /opt/airflow/dags/ecommerce_dw_dag.py for tasks to queue
[2025-05-09T07:14:51.931+0000] {logging_mixin.py:188} INFO - [2025-05-09T07:14:51.931+0000] {dagbag.py:545} INFO - Filling up the DagBag from /opt/airflow/dags/ecommerce_dw_dag.py
[2025-05-09T07:14:52.004+0000] {processor.py:840} INFO - DAG(s) 'e_commerce_dw_etl_decorator' retrieved from /opt/airflow/dags/ecommerce_dw_dag.py
[2025-05-09T07:14:52.038+0000] {logging_mixin.py:188} INFO - [2025-05-09T07:14:52.038+0000] {dag.py:3096} INFO - Sync 1 DAGs
[2025-05-09T07:14:52.060+0000] {logging_mixin.py:188} INFO - [2025-05-09T07:14:52.060+0000] {dag.py:3954} INFO - Setting next_dagrun for e_commerce_dw_etl_decorator to 2025-05-09 00:00:00+00:00, run_after=2025-05-10 00:00:00+00:00
[2025-05-09T07:14:52.078+0000] {processor.py:183} INFO - Processing /opt/airflow/dags/ecommerce_dw_dag.py took 0.156 seconds
[2025-05-09T07:15:22.267+0000] {processor.py:161} INFO - Started process (PID=879) to work on /opt/airflow/dags/ecommerce_dw_dag.py
[2025-05-09T07:15:22.268+0000] {processor.py:830} INFO - Processing file /opt/airflow/dags/ecommerce_dw_dag.py for tasks to queue
[2025-05-09T07:15:22.272+0000] {logging_mixin.py:188} INFO - [2025-05-09T07:15:22.271+0000] {dagbag.py:545} INFO - Filling up the DagBag from /opt/airflow/dags/ecommerce_dw_dag.py
[2025-05-09T07:15:22.350+0000] {processor.py:840} INFO - DAG(s) 'e_commerce_dw_etl_decorator' retrieved from /opt/airflow/dags/ecommerce_dw_dag.py
[2025-05-09T07:15:22.384+0000] {logging_mixin.py:188} INFO - [2025-05-09T07:15:22.384+0000] {dag.py:3096} INFO - Sync 1 DAGs
[2025-05-09T07:15:22.407+0000] {logging_mixin.py:188} INFO - [2025-05-09T07:15:22.406+0000] {dag.py:3954} INFO - Setting next_dagrun for e_commerce_dw_etl_decorator to 2025-05-09 00:00:00+00:00, run_after=2025-05-10 00:00:00+00:00
[2025-05-09T07:15:22.434+0000] {processor.py:183} INFO - Processing /opt/airflow/dags/ecommerce_dw_dag.py took 0.175 seconds
[2025-05-09T07:15:52.563+0000] {processor.py:161} INFO - Started process (PID=910) to work on /opt/airflow/dags/ecommerce_dw_dag.py
[2025-05-09T07:15:52.564+0000] {processor.py:830} INFO - Processing file /opt/airflow/dags/ecommerce_dw_dag.py for tasks to queue
[2025-05-09T07:15:52.567+0000] {logging_mixin.py:188} INFO - [2025-05-09T07:15:52.566+0000] {dagbag.py:545} INFO - Filling up the DagBag from /opt/airflow/dags/ecommerce_dw_dag.py
[2025-05-09T07:15:52.660+0000] {processor.py:840} INFO - DAG(s) 'e_commerce_dw_etl_decorator' retrieved from /opt/airflow/dags/ecommerce_dw_dag.py
[2025-05-09T07:15:52.698+0000] {logging_mixin.py:188} INFO - [2025-05-09T07:15:52.698+0000] {dag.py:3096} INFO - Sync 1 DAGs
[2025-05-09T07:15:52.722+0000] {logging_mixin.py:188} INFO - [2025-05-09T07:15:52.722+0000] {dag.py:3954} INFO - Setting next_dagrun for e_commerce_dw_etl_decorator to 2025-05-09 00:00:00+00:00, run_after=2025-05-10 00:00:00+00:00
[2025-05-09T07:15:52.744+0000] {processor.py:183} INFO - Processing /opt/airflow/dags/ecommerce_dw_dag.py took 0.190 seconds
[2025-05-09T07:16:22.818+0000] {processor.py:161} INFO - Started process (PID=942) to work on /opt/airflow/dags/ecommerce_dw_dag.py
[2025-05-09T07:16:22.819+0000] {processor.py:830} INFO - Processing file /opt/airflow/dags/ecommerce_dw_dag.py for tasks to queue
[2025-05-09T07:16:22.821+0000] {logging_mixin.py:188} INFO - [2025-05-09T07:16:22.821+0000] {dagbag.py:545} INFO - Filling up the DagBag from /opt/airflow/dags/ecommerce_dw_dag.py
[2025-05-09T07:16:22.904+0000] {processor.py:840} INFO - DAG(s) 'e_commerce_dw_etl_decorator' retrieved from /opt/airflow/dags/ecommerce_dw_dag.py
[2025-05-09T07:16:22.940+0000] {logging_mixin.py:188} INFO - [2025-05-09T07:16:22.940+0000] {dag.py:3096} INFO - Sync 1 DAGs
[2025-05-09T07:16:22.962+0000] {logging_mixin.py:188} INFO - [2025-05-09T07:16:22.962+0000] {dag.py:3954} INFO - Setting next_dagrun for e_commerce_dw_etl_decorator to 2025-05-09 00:00:00+00:00, run_after=2025-05-10 00:00:00+00:00
[2025-05-09T07:16:22.982+0000] {processor.py:183} INFO - Processing /opt/airflow/dags/ecommerce_dw_dag.py took 0.170 seconds
[2025-05-09T07:16:53.202+0000] {processor.py:161} INFO - Started process (PID=973) to work on /opt/airflow/dags/ecommerce_dw_dag.py
[2025-05-09T07:16:53.203+0000] {processor.py:830} INFO - Processing file /opt/airflow/dags/ecommerce_dw_dag.py for tasks to queue
[2025-05-09T07:16:53.204+0000] {logging_mixin.py:188} INFO - [2025-05-09T07:16:53.204+0000] {dagbag.py:545} INFO - Filling up the DagBag from /opt/airflow/dags/ecommerce_dw_dag.py
[2025-05-09T07:16:53.272+0000] {processor.py:840} INFO - DAG(s) 'e_commerce_dw_etl_decorator' retrieved from /opt/airflow/dags/ecommerce_dw_dag.py
[2025-05-09T07:16:53.307+0000] {logging_mixin.py:188} INFO - [2025-05-09T07:16:53.306+0000] {dag.py:3096} INFO - Sync 1 DAGs
[2025-05-09T07:16:53.330+0000] {logging_mixin.py:188} INFO - [2025-05-09T07:16:53.330+0000] {dag.py:3954} INFO - Setting next_dagrun for e_commerce_dw_etl_decorator to 2025-05-09 00:00:00+00:00, run_after=2025-05-10 00:00:00+00:00
[2025-05-09T07:16:53.351+0000] {processor.py:183} INFO - Processing /opt/airflow/dags/ecommerce_dw_dag.py took 0.154 seconds
[2025-05-09T07:17:23.443+0000] {processor.py:161} INFO - Started process (PID=1004) to work on /opt/airflow/dags/ecommerce_dw_dag.py
[2025-05-09T07:17:23.444+0000] {processor.py:830} INFO - Processing file /opt/airflow/dags/ecommerce_dw_dag.py for tasks to queue
[2025-05-09T07:17:23.446+0000] {logging_mixin.py:188} INFO - [2025-05-09T07:17:23.445+0000] {dagbag.py:545} INFO - Filling up the DagBag from /opt/airflow/dags/ecommerce_dw_dag.py
[2025-05-09T07:17:23.520+0000] {processor.py:840} INFO - DAG(s) 'e_commerce_dw_etl_decorator' retrieved from /opt/airflow/dags/ecommerce_dw_dag.py
[2025-05-09T07:17:23.557+0000] {logging_mixin.py:188} INFO - [2025-05-09T07:17:23.557+0000] {dag.py:3096} INFO - Sync 1 DAGs
[2025-05-09T07:17:23.579+0000] {logging_mixin.py:188} INFO - [2025-05-09T07:17:23.578+0000] {dag.py:3954} INFO - Setting next_dagrun for e_commerce_dw_etl_decorator to 2025-05-09 00:00:00+00:00, run_after=2025-05-10 00:00:00+00:00
[2025-05-09T07:17:23.598+0000] {processor.py:183} INFO - Processing /opt/airflow/dags/ecommerce_dw_dag.py took 0.162 seconds
[2025-05-09T07:17:54.342+0000] {processor.py:161} INFO - Started process (PID=1035) to work on /opt/airflow/dags/ecommerce_dw_dag.py
[2025-05-09T07:17:54.343+0000] {processor.py:830} INFO - Processing file /opt/airflow/dags/ecommerce_dw_dag.py for tasks to queue
[2025-05-09T07:17:54.345+0000] {logging_mixin.py:188} INFO - [2025-05-09T07:17:54.345+0000] {dagbag.py:545} INFO - Filling up the DagBag from /opt/airflow/dags/ecommerce_dw_dag.py
[2025-05-09T07:17:54.416+0000] {processor.py:840} INFO - DAG(s) 'e_commerce_dw_etl_decorator' retrieved from /opt/airflow/dags/ecommerce_dw_dag.py
[2025-05-09T07:17:54.453+0000] {logging_mixin.py:188} INFO - [2025-05-09T07:17:54.452+0000] {dag.py:3096} INFO - Sync 1 DAGs
[2025-05-09T07:17:54.484+0000] {logging_mixin.py:188} INFO - [2025-05-09T07:17:54.484+0000] {dag.py:3954} INFO - Setting next_dagrun for e_commerce_dw_etl_decorator to 2025-05-09 00:00:00+00:00, run_after=2025-05-10 00:00:00+00:00
[2025-05-09T07:17:54.509+0000] {processor.py:183} INFO - Processing /opt/airflow/dags/ecommerce_dw_dag.py took 0.173 seconds
[2025-05-09T07:18:25.456+0000] {processor.py:161} INFO - Started process (PID=1066) to work on /opt/airflow/dags/ecommerce_dw_dag.py
[2025-05-09T07:18:25.458+0000] {processor.py:830} INFO - Processing file /opt/airflow/dags/ecommerce_dw_dag.py for tasks to queue
[2025-05-09T07:18:25.460+0000] {logging_mixin.py:188} INFO - [2025-05-09T07:18:25.459+0000] {dagbag.py:545} INFO - Filling up the DagBag from /opt/airflow/dags/ecommerce_dw_dag.py
[2025-05-09T07:18:25.542+0000] {processor.py:840} INFO - DAG(s) 'e_commerce_dw_etl_decorator' retrieved from /opt/airflow/dags/ecommerce_dw_dag.py
[2025-05-09T07:18:25.578+0000] {logging_mixin.py:188} INFO - [2025-05-09T07:18:25.578+0000] {dag.py:3096} INFO - Sync 1 DAGs
[2025-05-09T07:18:25.601+0000] {logging_mixin.py:188} INFO - [2025-05-09T07:18:25.601+0000] {dag.py:3954} INFO - Setting next_dagrun for e_commerce_dw_etl_decorator to 2025-05-09 00:00:00+00:00, run_after=2025-05-10 00:00:00+00:00
[2025-05-09T07:18:25.620+0000] {processor.py:183} INFO - Processing /opt/airflow/dags/ecommerce_dw_dag.py took 0.171 seconds
[2025-05-09T07:18:56.454+0000] {processor.py:161} INFO - Started process (PID=1097) to work on /opt/airflow/dags/ecommerce_dw_dag.py
[2025-05-09T07:18:56.455+0000] {processor.py:830} INFO - Processing file /opt/airflow/dags/ecommerce_dw_dag.py for tasks to queue
[2025-05-09T07:18:56.457+0000] {logging_mixin.py:188} INFO - [2025-05-09T07:18:56.456+0000] {dagbag.py:545} INFO - Filling up the DagBag from /opt/airflow/dags/ecommerce_dw_dag.py
[2025-05-09T07:18:56.524+0000] {processor.py:840} INFO - DAG(s) 'e_commerce_dw_etl_decorator' retrieved from /opt/airflow/dags/ecommerce_dw_dag.py
[2025-05-09T07:18:56.557+0000] {logging_mixin.py:188} INFO - [2025-05-09T07:18:56.557+0000] {dag.py:3096} INFO - Sync 1 DAGs
[2025-05-09T07:18:56.579+0000] {logging_mixin.py:188} INFO - [2025-05-09T07:18:56.579+0000] {dag.py:3954} INFO - Setting next_dagrun for e_commerce_dw_etl_decorator to 2025-05-09 00:00:00+00:00, run_after=2025-05-10 00:00:00+00:00
[2025-05-09T07:18:56.600+0000] {processor.py:183} INFO - Processing /opt/airflow/dags/ecommerce_dw_dag.py took 0.151 seconds
[2025-05-09T07:19:27.491+0000] {processor.py:161} INFO - Started process (PID=1128) to work on /opt/airflow/dags/ecommerce_dw_dag.py
[2025-05-09T07:19:27.492+0000] {processor.py:830} INFO - Processing file /opt/airflow/dags/ecommerce_dw_dag.py for tasks to queue
[2025-05-09T07:19:27.494+0000] {logging_mixin.py:188} INFO - [2025-05-09T07:19:27.494+0000] {dagbag.py:545} INFO - Filling up the DagBag from /opt/airflow/dags/ecommerce_dw_dag.py
[2025-05-09T07:19:27.599+0000] {processor.py:840} INFO - DAG(s) 'e_commerce_dw_etl_decorator' retrieved from /opt/airflow/dags/ecommerce_dw_dag.py
[2025-05-09T07:19:27.663+0000] {logging_mixin.py:188} INFO - [2025-05-09T07:19:27.663+0000] {dag.py:3096} INFO - Sync 1 DAGs
[2025-05-09T07:19:27.701+0000] {logging_mixin.py:188} INFO - [2025-05-09T07:19:27.701+0000] {dag.py:3954} INFO - Setting next_dagrun for e_commerce_dw_etl_decorator to 2025-05-09 00:00:00+00:00, run_after=2025-05-10 00:00:00+00:00
[2025-05-09T07:19:27.736+0000] {processor.py:183} INFO - Processing /opt/airflow/dags/ecommerce_dw_dag.py took 0.253 seconds
[2025-05-09T07:19:58.048+0000] {processor.py:161} INFO - Started process (PID=1159) to work on /opt/airflow/dags/ecommerce_dw_dag.py
[2025-05-09T07:19:58.049+0000] {processor.py:830} INFO - Processing file /opt/airflow/dags/ecommerce_dw_dag.py for tasks to queue
[2025-05-09T07:19:58.051+0000] {logging_mixin.py:188} INFO - [2025-05-09T07:19:58.051+0000] {dagbag.py:545} INFO - Filling up the DagBag from /opt/airflow/dags/ecommerce_dw_dag.py
[2025-05-09T07:19:58.127+0000] {processor.py:840} INFO - DAG(s) 'e_commerce_dw_etl_decorator' retrieved from /opt/airflow/dags/ecommerce_dw_dag.py
[2025-05-09T07:19:58.163+0000] {logging_mixin.py:188} INFO - [2025-05-09T07:19:58.163+0000] {dag.py:3096} INFO - Sync 1 DAGs
[2025-05-09T07:19:58.203+0000] {logging_mixin.py:188} INFO - [2025-05-09T07:19:58.203+0000] {dag.py:3954} INFO - Setting next_dagrun for e_commerce_dw_etl_decorator to 2025-05-09 00:00:00+00:00, run_after=2025-05-10 00:00:00+00:00
[2025-05-09T07:19:58.227+0000] {processor.py:183} INFO - Processing /opt/airflow/dags/ecommerce_dw_dag.py took 0.185 seconds
[2025-05-09T07:20:28.319+0000] {processor.py:161} INFO - Started process (PID=1190) to work on /opt/airflow/dags/ecommerce_dw_dag.py
[2025-05-09T07:20:28.320+0000] {processor.py:830} INFO - Processing file /opt/airflow/dags/ecommerce_dw_dag.py for tasks to queue
[2025-05-09T07:20:28.321+0000] {logging_mixin.py:188} INFO - [2025-05-09T07:20:28.321+0000] {dagbag.py:545} INFO - Filling up the DagBag from /opt/airflow/dags/ecommerce_dw_dag.py
[2025-05-09T07:20:28.398+0000] {processor.py:840} INFO - DAG(s) 'e_commerce_dw_etl_decorator' retrieved from /opt/airflow/dags/ecommerce_dw_dag.py
[2025-05-09T07:20:28.435+0000] {logging_mixin.py:188} INFO - [2025-05-09T07:20:28.435+0000] {dag.py:3096} INFO - Sync 1 DAGs
[2025-05-09T07:20:28.466+0000] {logging_mixin.py:188} INFO - [2025-05-09T07:20:28.466+0000] {dag.py:3954} INFO - Setting next_dagrun for e_commerce_dw_etl_decorator to 2025-05-09 00:00:00+00:00, run_after=2025-05-10 00:00:00+00:00
[2025-05-09T07:20:28.489+0000] {processor.py:183} INFO - Processing /opt/airflow/dags/ecommerce_dw_dag.py took 0.176 seconds
[2025-05-09T07:20:58.634+0000] {processor.py:161} INFO - Started process (PID=1221) to work on /opt/airflow/dags/ecommerce_dw_dag.py
[2025-05-09T07:20:58.635+0000] {processor.py:830} INFO - Processing file /opt/airflow/dags/ecommerce_dw_dag.py for tasks to queue
[2025-05-09T07:20:58.638+0000] {logging_mixin.py:188} INFO - [2025-05-09T07:20:58.638+0000] {dagbag.py:545} INFO - Filling up the DagBag from /opt/airflow/dags/ecommerce_dw_dag.py
[2025-05-09T07:20:58.727+0000] {processor.py:840} INFO - DAG(s) 'e_commerce_dw_etl_decorator' retrieved from /opt/airflow/dags/ecommerce_dw_dag.py
[2025-05-09T07:20:58.767+0000] {logging_mixin.py:188} INFO - [2025-05-09T07:20:58.767+0000] {dag.py:3096} INFO - Sync 1 DAGs
[2025-05-09T07:20:58.796+0000] {logging_mixin.py:188} INFO - [2025-05-09T07:20:58.796+0000] {dag.py:3954} INFO - Setting next_dagrun for e_commerce_dw_etl_decorator to 2025-05-09 00:00:00+00:00, run_after=2025-05-10 00:00:00+00:00
[2025-05-09T07:20:58.823+0000] {processor.py:183} INFO - Processing /opt/airflow/dags/ecommerce_dw_dag.py took 0.196 seconds
[2025-05-09T07:21:29.422+0000] {processor.py:161} INFO - Started process (PID=1258) to work on /opt/airflow/dags/ecommerce_dw_dag.py
[2025-05-09T07:21:29.423+0000] {processor.py:830} INFO - Processing file /opt/airflow/dags/ecommerce_dw_dag.py for tasks to queue
[2025-05-09T07:21:29.425+0000] {logging_mixin.py:188} INFO - [2025-05-09T07:21:29.425+0000] {dagbag.py:545} INFO - Filling up the DagBag from /opt/airflow/dags/ecommerce_dw_dag.py
[2025-05-09T07:21:29.496+0000] {processor.py:840} INFO - DAG(s) 'e_commerce_dw_etl_decorator' retrieved from /opt/airflow/dags/ecommerce_dw_dag.py
[2025-05-09T07:21:29.531+0000] {logging_mixin.py:188} INFO - [2025-05-09T07:21:29.531+0000] {dag.py:3096} INFO - Sync 1 DAGs
[2025-05-09T07:21:29.553+0000] {logging_mixin.py:188} INFO - [2025-05-09T07:21:29.553+0000] {dag.py:3954} INFO - Setting next_dagrun for e_commerce_dw_etl_decorator to 2025-05-09 00:00:00+00:00, run_after=2025-05-10 00:00:00+00:00
[2025-05-09T07:21:29.574+0000] {processor.py:183} INFO - Processing /opt/airflow/dags/ecommerce_dw_dag.py took 0.159 seconds
[2025-05-09T07:29:49.546+0000] {processor.py:161} INFO - Started process (PID=192) to work on /opt/airflow/dags/ecommerce_dw_dag.py
[2025-05-09T07:29:49.549+0000] {processor.py:830} INFO - Processing file /opt/airflow/dags/ecommerce_dw_dag.py for tasks to queue
[2025-05-09T07:29:49.553+0000] {logging_mixin.py:188} INFO - [2025-05-09T07:29:49.552+0000] {dagbag.py:545} INFO - Filling up the DagBag from /opt/airflow/dags/ecommerce_dw_dag.py
[2025-05-09T07:29:49.738+0000] {processor.py:840} INFO - DAG(s) 'e_commerce_dw_etl_decorator' retrieved from /opt/airflow/dags/ecommerce_dw_dag.py
[2025-05-09T07:29:49.927+0000] {logging_mixin.py:188} INFO - [2025-05-09T07:29:49.927+0000] {dag.py:3096} INFO - Sync 1 DAGs
[2025-05-09T07:29:49.959+0000] {logging_mixin.py:188} INFO - [2025-05-09T07:29:49.958+0000] {dag.py:3954} INFO - Setting next_dagrun for e_commerce_dw_etl_decorator to 2025-05-09 00:00:00+00:00, run_after=2025-05-10 00:00:00+00:00
[2025-05-09T07:29:49.988+0000] {processor.py:183} INFO - Processing /opt/airflow/dags/ecommerce_dw_dag.py took 0.458 seconds
[2025-05-09T07:30:20.278+0000] {processor.py:161} INFO - Started process (PID=225) to work on /opt/airflow/dags/ecommerce_dw_dag.py
[2025-05-09T07:30:20.280+0000] {processor.py:830} INFO - Processing file /opt/airflow/dags/ecommerce_dw_dag.py for tasks to queue
[2025-05-09T07:30:20.282+0000] {logging_mixin.py:188} INFO - [2025-05-09T07:30:20.281+0000] {dagbag.py:545} INFO - Filling up the DagBag from /opt/airflow/dags/ecommerce_dw_dag.py
[2025-05-09T07:30:20.444+0000] {processor.py:840} INFO - DAG(s) 'e_commerce_dw_etl_decorator' retrieved from /opt/airflow/dags/ecommerce_dw_dag.py
[2025-05-09T07:30:20.491+0000] {logging_mixin.py:188} INFO - [2025-05-09T07:30:20.490+0000] {dag.py:3096} INFO - Sync 1 DAGs
[2025-05-09T07:30:20.523+0000] {logging_mixin.py:188} INFO - [2025-05-09T07:30:20.523+0000] {dag.py:3954} INFO - Setting next_dagrun for e_commerce_dw_etl_decorator to 2025-05-09 00:00:00+00:00, run_after=2025-05-10 00:00:00+00:00
[2025-05-09T07:30:20.546+0000] {processor.py:183} INFO - Processing /opt/airflow/dags/ecommerce_dw_dag.py took 0.274 seconds
[2025-05-09T07:30:51.246+0000] {processor.py:161} INFO - Started process (PID=254) to work on /opt/airflow/dags/ecommerce_dw_dag.py
[2025-05-09T07:30:51.247+0000] {processor.py:830} INFO - Processing file /opt/airflow/dags/ecommerce_dw_dag.py for tasks to queue
[2025-05-09T07:30:51.250+0000] {logging_mixin.py:188} INFO - [2025-05-09T07:30:51.250+0000] {dagbag.py:545} INFO - Filling up the DagBag from /opt/airflow/dags/ecommerce_dw_dag.py
[2025-05-09T07:30:51.438+0000] {processor.py:840} INFO - DAG(s) 'e_commerce_dw_etl_decorator' retrieved from /opt/airflow/dags/ecommerce_dw_dag.py
[2025-05-09T07:30:51.476+0000] {logging_mixin.py:188} INFO - [2025-05-09T07:30:51.475+0000] {dag.py:3096} INFO - Sync 1 DAGs
[2025-05-09T07:30:51.500+0000] {logging_mixin.py:188} INFO - [2025-05-09T07:30:51.499+0000] {dag.py:3954} INFO - Setting next_dagrun for e_commerce_dw_etl_decorator to 2025-05-09 00:00:00+00:00, run_after=2025-05-10 00:00:00+00:00
[2025-05-09T07:30:51.525+0000] {processor.py:183} INFO - Processing /opt/airflow/dags/ecommerce_dw_dag.py took 0.288 seconds
[2025-05-09T07:31:22.398+0000] {processor.py:161} INFO - Started process (PID=291) to work on /opt/airflow/dags/ecommerce_dw_dag.py
[2025-05-09T07:31:22.399+0000] {processor.py:830} INFO - Processing file /opt/airflow/dags/ecommerce_dw_dag.py for tasks to queue
[2025-05-09T07:31:22.401+0000] {logging_mixin.py:188} INFO - [2025-05-09T07:31:22.401+0000] {dagbag.py:545} INFO - Filling up the DagBag from /opt/airflow/dags/ecommerce_dw_dag.py
[2025-05-09T07:31:22.577+0000] {processor.py:840} INFO - DAG(s) 'e_commerce_dw_etl_decorator' retrieved from /opt/airflow/dags/ecommerce_dw_dag.py
[2025-05-09T07:31:22.611+0000] {logging_mixin.py:188} INFO - [2025-05-09T07:31:22.611+0000] {dag.py:3096} INFO - Sync 1 DAGs
[2025-05-09T07:31:22.635+0000] {logging_mixin.py:188} INFO - [2025-05-09T07:31:22.634+0000] {dag.py:3954} INFO - Setting next_dagrun for e_commerce_dw_etl_decorator to 2025-05-09 00:00:00+00:00, run_after=2025-05-10 00:00:00+00:00
[2025-05-09T07:31:22.659+0000] {processor.py:183} INFO - Processing /opt/airflow/dags/ecommerce_dw_dag.py took 0.270 seconds
[2025-05-09T07:31:53.584+0000] {processor.py:161} INFO - Started process (PID=322) to work on /opt/airflow/dags/ecommerce_dw_dag.py
[2025-05-09T07:31:53.591+0000] {processor.py:830} INFO - Processing file /opt/airflow/dags/ecommerce_dw_dag.py for tasks to queue
[2025-05-09T07:31:53.597+0000] {logging_mixin.py:188} INFO - [2025-05-09T07:31:53.595+0000] {dagbag.py:545} INFO - Filling up the DagBag from /opt/airflow/dags/ecommerce_dw_dag.py
[2025-05-09T07:31:54.117+0000] {processor.py:840} INFO - DAG(s) 'e_commerce_dw_etl_decorator' retrieved from /opt/airflow/dags/ecommerce_dw_dag.py
[2025-05-09T07:31:54.214+0000] {logging_mixin.py:188} INFO - [2025-05-09T07:31:54.213+0000] {dag.py:3096} INFO - Sync 1 DAGs
[2025-05-09T07:31:54.286+0000] {logging_mixin.py:188} INFO - [2025-05-09T07:31:54.286+0000] {dag.py:3954} INFO - Setting next_dagrun for e_commerce_dw_etl_decorator to 2025-05-09 00:00:00+00:00, run_after=2025-05-10 00:00:00+00:00
[2025-05-09T07:31:54.349+0000] {processor.py:183} INFO - Processing /opt/airflow/dags/ecommerce_dw_dag.py took 0.776 seconds
[2025-05-09T07:32:24.422+0000] {processor.py:161} INFO - Started process (PID=360) to work on /opt/airflow/dags/ecommerce_dw_dag.py
[2025-05-09T07:32:24.423+0000] {processor.py:830} INFO - Processing file /opt/airflow/dags/ecommerce_dw_dag.py for tasks to queue
[2025-05-09T07:32:24.425+0000] {logging_mixin.py:188} INFO - [2025-05-09T07:32:24.424+0000] {dagbag.py:545} INFO - Filling up the DagBag from /opt/airflow/dags/ecommerce_dw_dag.py
[2025-05-09T07:32:24.582+0000] {processor.py:840} INFO - DAG(s) 'e_commerce_dw_etl_decorator' retrieved from /opt/airflow/dags/ecommerce_dw_dag.py
[2025-05-09T07:32:24.621+0000] {logging_mixin.py:188} INFO - [2025-05-09T07:32:24.621+0000] {dag.py:3096} INFO - Sync 1 DAGs
[2025-05-09T07:32:24.648+0000] {logging_mixin.py:188} INFO - [2025-05-09T07:32:24.647+0000] {dag.py:3954} INFO - Setting next_dagrun for e_commerce_dw_etl_decorator to 2025-05-09 00:00:00+00:00, run_after=2025-05-10 00:00:00+00:00
[2025-05-09T07:32:24.669+0000] {processor.py:183} INFO - Processing /opt/airflow/dags/ecommerce_dw_dag.py took 0.254 seconds
[2025-05-09T07:32:55.240+0000] {processor.py:161} INFO - Started process (PID=384) to work on /opt/airflow/dags/ecommerce_dw_dag.py
[2025-05-09T07:32:55.241+0000] {processor.py:830} INFO - Processing file /opt/airflow/dags/ecommerce_dw_dag.py for tasks to queue
[2025-05-09T07:32:55.242+0000] {logging_mixin.py:188} INFO - [2025-05-09T07:32:55.242+0000] {dagbag.py:545} INFO - Filling up the DagBag from /opt/airflow/dags/ecommerce_dw_dag.py
[2025-05-09T07:32:55.421+0000] {processor.py:840} INFO - DAG(s) 'e_commerce_dw_etl_decorator' retrieved from /opt/airflow/dags/ecommerce_dw_dag.py
[2025-05-09T07:32:55.455+0000] {logging_mixin.py:188} INFO - [2025-05-09T07:32:55.455+0000] {dag.py:3096} INFO - Sync 1 DAGs
[2025-05-09T07:32:55.478+0000] {logging_mixin.py:188} INFO - [2025-05-09T07:32:55.478+0000] {dag.py:3954} INFO - Setting next_dagrun for e_commerce_dw_etl_decorator to 2025-05-09 00:00:00+00:00, run_after=2025-05-10 00:00:00+00:00
[2025-05-09T07:32:55.500+0000] {processor.py:183} INFO - Processing /opt/airflow/dags/ecommerce_dw_dag.py took 0.265 seconds
[2025-05-09T07:33:26.240+0000] {processor.py:161} INFO - Started process (PID=415) to work on /opt/airflow/dags/ecommerce_dw_dag.py
[2025-05-09T07:33:26.241+0000] {processor.py:830} INFO - Processing file /opt/airflow/dags/ecommerce_dw_dag.py for tasks to queue
[2025-05-09T07:33:26.243+0000] {logging_mixin.py:188} INFO - [2025-05-09T07:33:26.243+0000] {dagbag.py:545} INFO - Filling up the DagBag from /opt/airflow/dags/ecommerce_dw_dag.py
[2025-05-09T07:33:26.400+0000] {processor.py:840} INFO - DAG(s) 'e_commerce_dw_etl_decorator' retrieved from /opt/airflow/dags/ecommerce_dw_dag.py
[2025-05-09T07:33:26.435+0000] {logging_mixin.py:188} INFO - [2025-05-09T07:33:26.435+0000] {dag.py:3096} INFO - Sync 1 DAGs
[2025-05-09T07:33:26.460+0000] {logging_mixin.py:188} INFO - [2025-05-09T07:33:26.460+0000] {dag.py:3954} INFO - Setting next_dagrun for e_commerce_dw_etl_decorator to 2025-05-09 00:00:00+00:00, run_after=2025-05-10 00:00:00+00:00
[2025-05-09T07:33:26.483+0000] {processor.py:183} INFO - Processing /opt/airflow/dags/ecommerce_dw_dag.py took 0.248 seconds
[2025-05-09T07:33:57.212+0000] {processor.py:161} INFO - Started process (PID=446) to work on /opt/airflow/dags/ecommerce_dw_dag.py
[2025-05-09T07:33:57.213+0000] {processor.py:830} INFO - Processing file /opt/airflow/dags/ecommerce_dw_dag.py for tasks to queue
[2025-05-09T07:33:57.214+0000] {logging_mixin.py:188} INFO - [2025-05-09T07:33:57.214+0000] {dagbag.py:545} INFO - Filling up the DagBag from /opt/airflow/dags/ecommerce_dw_dag.py
[2025-05-09T07:33:57.371+0000] {processor.py:840} INFO - DAG(s) 'e_commerce_dw_etl_decorator' retrieved from /opt/airflow/dags/ecommerce_dw_dag.py
[2025-05-09T07:33:57.416+0000] {logging_mixin.py:188} INFO - [2025-05-09T07:33:57.416+0000] {dag.py:3096} INFO - Sync 1 DAGs
[2025-05-09T07:33:57.448+0000] {logging_mixin.py:188} INFO - [2025-05-09T07:33:57.447+0000] {dag.py:3954} INFO - Setting next_dagrun for e_commerce_dw_etl_decorator to 2025-05-09 00:00:00+00:00, run_after=2025-05-10 00:00:00+00:00
[2025-05-09T07:33:57.488+0000] {processor.py:183} INFO - Processing /opt/airflow/dags/ecommerce_dw_dag.py took 0.281 seconds
[2025-05-09T07:34:28.351+0000] {processor.py:161} INFO - Started process (PID=477) to work on /opt/airflow/dags/ecommerce_dw_dag.py
[2025-05-09T07:34:28.352+0000] {processor.py:830} INFO - Processing file /opt/airflow/dags/ecommerce_dw_dag.py for tasks to queue
[2025-05-09T07:34:28.354+0000] {logging_mixin.py:188} INFO - [2025-05-09T07:34:28.353+0000] {dagbag.py:545} INFO - Filling up the DagBag from /opt/airflow/dags/ecommerce_dw_dag.py
[2025-05-09T07:34:28.510+0000] {processor.py:840} INFO - DAG(s) 'e_commerce_dw_etl_decorator' retrieved from /opt/airflow/dags/ecommerce_dw_dag.py
[2025-05-09T07:34:28.544+0000] {logging_mixin.py:188} INFO - [2025-05-09T07:34:28.544+0000] {dag.py:3096} INFO - Sync 1 DAGs
[2025-05-09T07:34:28.567+0000] {logging_mixin.py:188} INFO - [2025-05-09T07:34:28.566+0000] {dag.py:3954} INFO - Setting next_dagrun for e_commerce_dw_etl_decorator to 2025-05-09 00:00:00+00:00, run_after=2025-05-10 00:00:00+00:00
[2025-05-09T07:34:28.586+0000] {processor.py:183} INFO - Processing /opt/airflow/dags/ecommerce_dw_dag.py took 0.240 seconds
[2025-05-09T07:34:58.644+0000] {processor.py:161} INFO - Started process (PID=510) to work on /opt/airflow/dags/ecommerce_dw_dag.py
[2025-05-09T07:34:58.645+0000] {processor.py:830} INFO - Processing file /opt/airflow/dags/ecommerce_dw_dag.py for tasks to queue
[2025-05-09T07:34:58.646+0000] {logging_mixin.py:188} INFO - [2025-05-09T07:34:58.646+0000] {dagbag.py:545} INFO - Filling up the DagBag from /opt/airflow/dags/ecommerce_dw_dag.py
[2025-05-09T07:34:58.785+0000] {processor.py:840} INFO - DAG(s) 'e_commerce_dw_etl_decorator' retrieved from /opt/airflow/dags/ecommerce_dw_dag.py
[2025-05-09T07:34:58.837+0000] {logging_mixin.py:188} INFO - [2025-05-09T07:34:58.836+0000] {dag.py:3096} INFO - Sync 1 DAGs
[2025-05-09T07:34:58.863+0000] {logging_mixin.py:188} INFO - [2025-05-09T07:34:58.863+0000] {dag.py:3954} INFO - Setting next_dagrun for e_commerce_dw_etl_decorator to 2025-05-09 00:00:00+00:00, run_after=2025-05-10 00:00:00+00:00
[2025-05-09T07:34:58.890+0000] {processor.py:183} INFO - Processing /opt/airflow/dags/ecommerce_dw_dag.py took 0.252 seconds
[2025-05-09T07:35:29.544+0000] {processor.py:161} INFO - Started process (PID=539) to work on /opt/airflow/dags/ecommerce_dw_dag.py
[2025-05-09T07:35:29.545+0000] {processor.py:830} INFO - Processing file /opt/airflow/dags/ecommerce_dw_dag.py for tasks to queue
[2025-05-09T07:35:29.547+0000] {logging_mixin.py:188} INFO - [2025-05-09T07:35:29.546+0000] {dagbag.py:545} INFO - Filling up the DagBag from /opt/airflow/dags/ecommerce_dw_dag.py
[2025-05-09T07:35:29.750+0000] {processor.py:840} INFO - DAG(s) 'e_commerce_dw_etl_decorator' retrieved from /opt/airflow/dags/ecommerce_dw_dag.py
[2025-05-09T07:35:29.788+0000] {logging_mixin.py:188} INFO - [2025-05-09T07:35:29.787+0000] {dag.py:3096} INFO - Sync 1 DAGs
[2025-05-09T07:35:29.811+0000] {logging_mixin.py:188} INFO - [2025-05-09T07:35:29.811+0000] {dag.py:3954} INFO - Setting next_dagrun for e_commerce_dw_etl_decorator to 2025-05-09 00:00:00+00:00, run_after=2025-05-10 00:00:00+00:00
[2025-05-09T07:35:29.833+0000] {processor.py:183} INFO - Processing /opt/airflow/dags/ecommerce_dw_dag.py took 0.295 seconds
[2025-05-09T07:36:00.465+0000] {processor.py:161} INFO - Started process (PID=570) to work on /opt/airflow/dags/ecommerce_dw_dag.py
[2025-05-09T07:36:00.466+0000] {processor.py:830} INFO - Processing file /opt/airflow/dags/ecommerce_dw_dag.py for tasks to queue
[2025-05-09T07:36:00.468+0000] {logging_mixin.py:188} INFO - [2025-05-09T07:36:00.468+0000] {dagbag.py:545} INFO - Filling up the DagBag from /opt/airflow/dags/ecommerce_dw_dag.py
[2025-05-09T07:36:00.631+0000] {processor.py:840} INFO - DAG(s) 'e_commerce_dw_etl_decorator' retrieved from /opt/airflow/dags/ecommerce_dw_dag.py
[2025-05-09T07:36:00.668+0000] {logging_mixin.py:188} INFO - [2025-05-09T07:36:00.667+0000] {dag.py:3096} INFO - Sync 1 DAGs
[2025-05-09T07:36:00.691+0000] {logging_mixin.py:188} INFO - [2025-05-09T07:36:00.690+0000] {dag.py:3954} INFO - Setting next_dagrun for e_commerce_dw_etl_decorator to 2025-05-09 00:00:00+00:00, run_after=2025-05-10 00:00:00+00:00
[2025-05-09T07:36:00.713+0000] {processor.py:183} INFO - Processing /opt/airflow/dags/ecommerce_dw_dag.py took 0.253 seconds
[2025-05-09T07:36:31.526+0000] {processor.py:161} INFO - Started process (PID=601) to work on /opt/airflow/dags/ecommerce_dw_dag.py
[2025-05-09T07:36:31.528+0000] {processor.py:830} INFO - Processing file /opt/airflow/dags/ecommerce_dw_dag.py for tasks to queue
[2025-05-09T07:36:31.531+0000] {logging_mixin.py:188} INFO - [2025-05-09T07:36:31.530+0000] {dagbag.py:545} INFO - Filling up the DagBag from /opt/airflow/dags/ecommerce_dw_dag.py
[2025-05-09T07:36:31.705+0000] {processor.py:840} INFO - DAG(s) 'e_commerce_dw_etl_decorator' retrieved from /opt/airflow/dags/ecommerce_dw_dag.py
[2025-05-09T07:36:31.741+0000] {logging_mixin.py:188} INFO - [2025-05-09T07:36:31.740+0000] {dag.py:3096} INFO - Sync 1 DAGs
[2025-05-09T07:36:31.766+0000] {logging_mixin.py:188} INFO - [2025-05-09T07:36:31.766+0000] {dag.py:3954} INFO - Setting next_dagrun for e_commerce_dw_etl_decorator to 2025-05-09 00:00:00+00:00, run_after=2025-05-10 00:00:00+00:00
[2025-05-09T07:36:31.786+0000] {processor.py:183} INFO - Processing /opt/airflow/dags/ecommerce_dw_dag.py took 0.270 seconds
[2025-05-09T07:37:02.457+0000] {processor.py:161} INFO - Started process (PID=632) to work on /opt/airflow/dags/ecommerce_dw_dag.py
[2025-05-09T07:37:02.458+0000] {processor.py:830} INFO - Processing file /opt/airflow/dags/ecommerce_dw_dag.py for tasks to queue
[2025-05-09T07:37:02.460+0000] {logging_mixin.py:188} INFO - [2025-05-09T07:37:02.460+0000] {dagbag.py:545} INFO - Filling up the DagBag from /opt/airflow/dags/ecommerce_dw_dag.py
[2025-05-09T07:37:02.628+0000] {processor.py:840} INFO - DAG(s) 'e_commerce_dw_etl_decorator' retrieved from /opt/airflow/dags/ecommerce_dw_dag.py
[2025-05-09T07:37:02.663+0000] {logging_mixin.py:188} INFO - [2025-05-09T07:37:02.662+0000] {dag.py:3096} INFO - Sync 1 DAGs
[2025-05-09T07:37:02.686+0000] {logging_mixin.py:188} INFO - [2025-05-09T07:37:02.686+0000] {dag.py:3954} INFO - Setting next_dagrun for e_commerce_dw_etl_decorator to 2025-05-09 00:00:00+00:00, run_after=2025-05-10 00:00:00+00:00
[2025-05-09T07:37:02.706+0000] {processor.py:183} INFO - Processing /opt/airflow/dags/ecommerce_dw_dag.py took 0.255 seconds
[2025-05-09T07:37:33.621+0000] {processor.py:161} INFO - Started process (PID=663) to work on /opt/airflow/dags/ecommerce_dw_dag.py
[2025-05-09T07:37:33.622+0000] {processor.py:830} INFO - Processing file /opt/airflow/dags/ecommerce_dw_dag.py for tasks to queue
[2025-05-09T07:37:33.664+0000] {logging_mixin.py:188} INFO - [2025-05-09T07:37:33.663+0000] {dagbag.py:545} INFO - Filling up the DagBag from /opt/airflow/dags/ecommerce_dw_dag.py
[2025-05-09T07:37:33.816+0000] {processor.py:840} INFO - DAG(s) 'e_commerce_dw_etl_decorator' retrieved from /opt/airflow/dags/ecommerce_dw_dag.py
[2025-05-09T07:37:33.857+0000] {logging_mixin.py:188} INFO - [2025-05-09T07:37:33.857+0000] {dag.py:3096} INFO - Sync 1 DAGs
[2025-05-09T07:37:33.884+0000] {logging_mixin.py:188} INFO - [2025-05-09T07:37:33.884+0000] {dag.py:3954} INFO - Setting next_dagrun for e_commerce_dw_etl_decorator to 2025-05-09 00:00:00+00:00, run_after=2025-05-10 00:00:00+00:00
[2025-05-09T07:37:33.910+0000] {processor.py:183} INFO - Processing /opt/airflow/dags/ecommerce_dw_dag.py took 0.295 seconds
[2025-05-09T07:38:04.624+0000] {processor.py:161} INFO - Started process (PID=694) to work on /opt/airflow/dags/ecommerce_dw_dag.py
[2025-05-09T07:38:04.626+0000] {processor.py:830} INFO - Processing file /opt/airflow/dags/ecommerce_dw_dag.py for tasks to queue
[2025-05-09T07:38:04.629+0000] {logging_mixin.py:188} INFO - [2025-05-09T07:38:04.629+0000] {dagbag.py:545} INFO - Filling up the DagBag from /opt/airflow/dags/ecommerce_dw_dag.py
[2025-05-09T07:38:04.794+0000] {processor.py:840} INFO - DAG(s) 'e_commerce_dw_etl_decorator' retrieved from /opt/airflow/dags/ecommerce_dw_dag.py
[2025-05-09T07:38:04.832+0000] {logging_mixin.py:188} INFO - [2025-05-09T07:38:04.832+0000] {dag.py:3096} INFO - Sync 1 DAGs
[2025-05-09T07:38:04.861+0000] {logging_mixin.py:188} INFO - [2025-05-09T07:38:04.860+0000] {dag.py:3954} INFO - Setting next_dagrun for e_commerce_dw_etl_decorator to 2025-05-09 00:00:00+00:00, run_after=2025-05-10 00:00:00+00:00
[2025-05-09T07:38:04.889+0000] {processor.py:183} INFO - Processing /opt/airflow/dags/ecommerce_dw_dag.py took 0.276 seconds
[2025-05-09T07:38:35.658+0000] {processor.py:161} INFO - Started process (PID=725) to work on /opt/airflow/dags/ecommerce_dw_dag.py
[2025-05-09T07:38:35.659+0000] {processor.py:830} INFO - Processing file /opt/airflow/dags/ecommerce_dw_dag.py for tasks to queue
[2025-05-09T07:38:35.662+0000] {logging_mixin.py:188} INFO - [2025-05-09T07:38:35.661+0000] {dagbag.py:545} INFO - Filling up the DagBag from /opt/airflow/dags/ecommerce_dw_dag.py
[2025-05-09T07:38:35.827+0000] {processor.py:840} INFO - DAG(s) 'e_commerce_dw_etl_decorator' retrieved from /opt/airflow/dags/ecommerce_dw_dag.py
[2025-05-09T07:38:35.862+0000] {logging_mixin.py:188} INFO - [2025-05-09T07:38:35.861+0000] {dag.py:3096} INFO - Sync 1 DAGs
[2025-05-09T07:38:35.884+0000] {logging_mixin.py:188} INFO - [2025-05-09T07:38:35.884+0000] {dag.py:3954} INFO - Setting next_dagrun for e_commerce_dw_etl_decorator to 2025-05-09 00:00:00+00:00, run_after=2025-05-10 00:00:00+00:00
[2025-05-09T07:38:35.904+0000] {processor.py:183} INFO - Processing /opt/airflow/dags/ecommerce_dw_dag.py took 0.254 seconds
[2025-05-09T07:39:06.676+0000] {processor.py:161} INFO - Started process (PID=756) to work on /opt/airflow/dags/ecommerce_dw_dag.py
[2025-05-09T07:39:06.677+0000] {processor.py:830} INFO - Processing file /opt/airflow/dags/ecommerce_dw_dag.py for tasks to queue
[2025-05-09T07:39:06.678+0000] {logging_mixin.py:188} INFO - [2025-05-09T07:39:06.678+0000] {dagbag.py:545} INFO - Filling up the DagBag from /opt/airflow/dags/ecommerce_dw_dag.py
[2025-05-09T07:39:06.827+0000] {processor.py:840} INFO - DAG(s) 'e_commerce_dw_etl_decorator' retrieved from /opt/airflow/dags/ecommerce_dw_dag.py
[2025-05-09T07:39:06.863+0000] {logging_mixin.py:188} INFO - [2025-05-09T07:39:06.862+0000] {dag.py:3096} INFO - Sync 1 DAGs
[2025-05-09T07:39:06.886+0000] {logging_mixin.py:188} INFO - [2025-05-09T07:39:06.886+0000] {dag.py:3954} INFO - Setting next_dagrun for e_commerce_dw_etl_decorator to 2025-05-09 00:00:00+00:00, run_after=2025-05-10 00:00:00+00:00
[2025-05-09T07:39:06.917+0000] {processor.py:183} INFO - Processing /opt/airflow/dags/ecommerce_dw_dag.py took 0.246 seconds
[2025-05-09T07:39:37.156+0000] {processor.py:161} INFO - Started process (PID=792) to work on /opt/airflow/dags/ecommerce_dw_dag.py
[2025-05-09T07:39:37.160+0000] {processor.py:830} INFO - Processing file /opt/airflow/dags/ecommerce_dw_dag.py for tasks to queue
[2025-05-09T07:39:37.164+0000] {logging_mixin.py:188} INFO - [2025-05-09T07:39:37.163+0000] {dagbag.py:545} INFO - Filling up the DagBag from /opt/airflow/dags/ecommerce_dw_dag.py
[2025-05-09T07:39:37.342+0000] {processor.py:840} INFO - DAG(s) 'e_commerce_dw_etl_decorator' retrieved from /opt/airflow/dags/ecommerce_dw_dag.py
[2025-05-09T07:39:37.383+0000] {logging_mixin.py:188} INFO - [2025-05-09T07:39:37.382+0000] {dag.py:3096} INFO - Sync 1 DAGs
[2025-05-09T07:39:37.412+0000] {logging_mixin.py:188} INFO - [2025-05-09T07:39:37.412+0000] {dag.py:3954} INFO - Setting next_dagrun for e_commerce_dw_etl_decorator to 2025-05-09 00:00:00+00:00, run_after=2025-05-10 00:00:00+00:00
[2025-05-09T07:39:37.442+0000] {processor.py:183} INFO - Processing /opt/airflow/dags/ecommerce_dw_dag.py took 0.298 seconds
[2025-05-09T07:40:07.589+0000] {processor.py:161} INFO - Started process (PID=830) to work on /opt/airflow/dags/ecommerce_dw_dag.py
[2025-05-09T07:40:07.590+0000] {processor.py:830} INFO - Processing file /opt/airflow/dags/ecommerce_dw_dag.py for tasks to queue
[2025-05-09T07:40:07.592+0000] {logging_mixin.py:188} INFO - [2025-05-09T07:40:07.592+0000] {dagbag.py:545} INFO - Filling up the DagBag from /opt/airflow/dags/ecommerce_dw_dag.py
[2025-05-09T07:40:07.730+0000] {processor.py:840} INFO - DAG(s) 'e_commerce_dw_etl_decorator' retrieved from /opt/airflow/dags/ecommerce_dw_dag.py
[2025-05-09T07:40:07.764+0000] {logging_mixin.py:188} INFO - [2025-05-09T07:40:07.763+0000] {dag.py:3096} INFO - Sync 1 DAGs
[2025-05-09T07:40:07.786+0000] {logging_mixin.py:188} INFO - [2025-05-09T07:40:07.786+0000] {dag.py:3954} INFO - Setting next_dagrun for e_commerce_dw_etl_decorator to 2025-05-09 00:00:00+00:00, run_after=2025-05-10 00:00:00+00:00
[2025-05-09T07:40:07.820+0000] {processor.py:183} INFO - Processing /opt/airflow/dags/ecommerce_dw_dag.py took 0.237 seconds
[2025-05-09T07:40:37.933+0000] {processor.py:161} INFO - Started process (PID=872) to work on /opt/airflow/dags/ecommerce_dw_dag.py
[2025-05-09T07:40:37.934+0000] {processor.py:830} INFO - Processing file /opt/airflow/dags/ecommerce_dw_dag.py for tasks to queue
[2025-05-09T07:40:37.936+0000] {logging_mixin.py:188} INFO - [2025-05-09T07:40:37.936+0000] {dagbag.py:545} INFO - Filling up the DagBag from /opt/airflow/dags/ecommerce_dw_dag.py
[2025-05-09T07:40:38.065+0000] {processor.py:840} INFO - DAG(s) 'e_commerce_dw_etl_decorator' retrieved from /opt/airflow/dags/ecommerce_dw_dag.py
[2025-05-09T07:40:38.099+0000] {logging_mixin.py:188} INFO - [2025-05-09T07:40:38.099+0000] {dag.py:3096} INFO - Sync 1 DAGs
[2025-05-09T07:40:38.121+0000] {logging_mixin.py:188} INFO - [2025-05-09T07:40:38.121+0000] {dag.py:3954} INFO - Setting next_dagrun for e_commerce_dw_etl_decorator to 2025-05-09 00:00:00+00:00, run_after=2025-05-10 00:00:00+00:00
[2025-05-09T07:40:38.141+0000] {processor.py:183} INFO - Processing /opt/airflow/dags/ecommerce_dw_dag.py took 0.214 seconds
[2025-05-09T07:41:08.518+0000] {processor.py:161} INFO - Started process (PID=891) to work on /opt/airflow/dags/ecommerce_dw_dag.py
[2025-05-09T07:41:08.520+0000] {processor.py:830} INFO - Processing file /opt/airflow/dags/ecommerce_dw_dag.py for tasks to queue
[2025-05-09T07:41:08.522+0000] {logging_mixin.py:188} INFO - [2025-05-09T07:41:08.521+0000] {dagbag.py:545} INFO - Filling up the DagBag from /opt/airflow/dags/ecommerce_dw_dag.py
[2025-05-09T07:41:08.676+0000] {processor.py:840} INFO - DAG(s) 'e_commerce_dw_etl_decorator' retrieved from /opt/airflow/dags/ecommerce_dw_dag.py
[2025-05-09T07:41:08.729+0000] {logging_mixin.py:188} INFO - [2025-05-09T07:41:08.728+0000] {dag.py:3096} INFO - Sync 1 DAGs
[2025-05-09T07:41:08.764+0000] {logging_mixin.py:188} INFO - [2025-05-09T07:41:08.763+0000] {dag.py:3954} INFO - Setting next_dagrun for e_commerce_dw_etl_decorator to 2025-05-09 00:00:00+00:00, run_after=2025-05-10 00:00:00+00:00
[2025-05-09T07:41:08.786+0000] {processor.py:183} INFO - Processing /opt/airflow/dags/ecommerce_dw_dag.py took 0.276 seconds
[2025-05-09T07:41:39.385+0000] {processor.py:161} INFO - Started process (PID=922) to work on /opt/airflow/dags/ecommerce_dw_dag.py
[2025-05-09T07:41:39.388+0000] {processor.py:830} INFO - Processing file /opt/airflow/dags/ecommerce_dw_dag.py for tasks to queue
[2025-05-09T07:41:39.391+0000] {logging_mixin.py:188} INFO - [2025-05-09T07:41:39.391+0000] {dagbag.py:545} INFO - Filling up the DagBag from /opt/airflow/dags/ecommerce_dw_dag.py
[2025-05-09T07:41:39.555+0000] {processor.py:840} INFO - DAG(s) 'e_commerce_dw_etl_decorator' retrieved from /opt/airflow/dags/ecommerce_dw_dag.py
[2025-05-09T07:41:39.593+0000] {logging_mixin.py:188} INFO - [2025-05-09T07:41:39.592+0000] {dag.py:3096} INFO - Sync 1 DAGs
[2025-05-09T07:41:39.621+0000] {logging_mixin.py:188} INFO - [2025-05-09T07:41:39.620+0000] {dag.py:3954} INFO - Setting next_dagrun for e_commerce_dw_etl_decorator to 2025-05-09 00:00:00+00:00, run_after=2025-05-10 00:00:00+00:00
[2025-05-09T07:41:39.646+0000] {processor.py:183} INFO - Processing /opt/airflow/dags/ecommerce_dw_dag.py took 0.273 seconds
