[2025-05-09T07:06:44.504+0000] {processor.py:161} INFO - Started process (PID=199) to work on /opt/airflow/dags/extract_and_load_to_staging.py
[2025-05-09T07:06:44.505+0000] {processor.py:830} INFO - Processing file /opt/airflow/dags/extract_and_load_to_staging.py for tasks to queue
[2025-05-09T07:06:44.508+0000] {logging_mixin.py:188} INFO - [2025-05-09T07:06:44.507+0000] {dagbag.py:545} INFO - Filling up the DagBag from /opt/airflow/dags/extract_and_load_to_staging.py
[2025-05-09T07:06:44.536+0000] {processor.py:842} WARNING - No viable dags retrieved from /opt/airflow/dags/extract_and_load_to_staging.py
[2025-05-09T07:06:44.555+0000] {processor.py:183} INFO - Processing /opt/airflow/dags/extract_and_load_to_staging.py took 0.059 seconds
[2025-05-09T07:07:15.103+0000] {processor.py:161} INFO - Started process (PID=245) to work on /opt/airflow/dags/extract_and_load_to_staging.py
[2025-05-09T07:07:15.105+0000] {processor.py:830} INFO - Processing file /opt/airflow/dags/extract_and_load_to_staging.py for tasks to queue
[2025-05-09T07:07:15.107+0000] {logging_mixin.py:188} INFO - [2025-05-09T07:07:15.107+0000] {dagbag.py:545} INFO - Filling up the DagBag from /opt/airflow/dags/extract_and_load_to_staging.py
[2025-05-09T07:07:15.144+0000] {processor.py:842} WARNING - No viable dags retrieved from /opt/airflow/dags/extract_and_load_to_staging.py
[2025-05-09T07:07:15.157+0000] {processor.py:183} INFO - Processing /opt/airflow/dags/extract_and_load_to_staging.py took 0.061 seconds
[2025-05-09T07:07:45.364+0000] {processor.py:161} INFO - Started process (PID=311) to work on /opt/airflow/dags/extract_and_load_to_staging.py
[2025-05-09T07:07:45.365+0000] {processor.py:830} INFO - Processing file /opt/airflow/dags/extract_and_load_to_staging.py for tasks to queue
[2025-05-09T07:07:45.367+0000] {logging_mixin.py:188} INFO - [2025-05-09T07:07:45.367+0000] {dagbag.py:545} INFO - Filling up the DagBag from /opt/airflow/dags/extract_and_load_to_staging.py
[2025-05-09T07:07:45.393+0000] {processor.py:842} WARNING - No viable dags retrieved from /opt/airflow/dags/extract_and_load_to_staging.py
[2025-05-09T07:07:45.413+0000] {processor.py:183} INFO - Processing /opt/airflow/dags/extract_and_load_to_staging.py took 0.055 seconds
[2025-05-09T07:08:15.484+0000] {processor.py:161} INFO - Started process (PID=426) to work on /opt/airflow/dags/extract_and_load_to_staging.py
[2025-05-09T07:08:15.485+0000] {processor.py:830} INFO - Processing file /opt/airflow/dags/extract_and_load_to_staging.py for tasks to queue
[2025-05-09T07:08:15.488+0000] {logging_mixin.py:188} INFO - [2025-05-09T07:08:15.487+0000] {dagbag.py:545} INFO - Filling up the DagBag from /opt/airflow/dags/extract_and_load_to_staging.py
[2025-05-09T07:08:15.516+0000] {processor.py:842} WARNING - No viable dags retrieved from /opt/airflow/dags/extract_and_load_to_staging.py
[2025-05-09T07:08:15.531+0000] {processor.py:183} INFO - Processing /opt/airflow/dags/extract_and_load_to_staging.py took 0.053 seconds
[2025-05-09T07:08:45.686+0000] {processor.py:161} INFO - Started process (PID=457) to work on /opt/airflow/dags/extract_and_load_to_staging.py
[2025-05-09T07:08:45.687+0000] {processor.py:830} INFO - Processing file /opt/airflow/dags/extract_and_load_to_staging.py for tasks to queue
[2025-05-09T07:08:45.691+0000] {logging_mixin.py:188} INFO - [2025-05-09T07:08:45.691+0000] {dagbag.py:545} INFO - Filling up the DagBag from /opt/airflow/dags/extract_and_load_to_staging.py
[2025-05-09T07:08:45.722+0000] {processor.py:842} WARNING - No viable dags retrieved from /opt/airflow/dags/extract_and_load_to_staging.py
[2025-05-09T07:08:45.739+0000] {processor.py:183} INFO - Processing /opt/airflow/dags/extract_and_load_to_staging.py took 0.063 seconds
[2025-05-09T07:09:15.808+0000] {processor.py:161} INFO - Started process (PID=485) to work on /opt/airflow/dags/extract_and_load_to_staging.py
[2025-05-09T07:09:15.809+0000] {processor.py:830} INFO - Processing file /opt/airflow/dags/extract_and_load_to_staging.py for tasks to queue
[2025-05-09T07:09:15.811+0000] {logging_mixin.py:188} INFO - [2025-05-09T07:09:15.811+0000] {dagbag.py:545} INFO - Filling up the DagBag from /opt/airflow/dags/extract_and_load_to_staging.py
[2025-05-09T07:09:15.833+0000] {processor.py:842} WARNING - No viable dags retrieved from /opt/airflow/dags/extract_and_load_to_staging.py
[2025-05-09T07:09:15.847+0000] {processor.py:183} INFO - Processing /opt/airflow/dags/extract_and_load_to_staging.py took 0.044 seconds
[2025-05-09T07:09:46.096+0000] {processor.py:161} INFO - Started process (PID=519) to work on /opt/airflow/dags/extract_and_load_to_staging.py
[2025-05-09T07:09:46.097+0000] {processor.py:830} INFO - Processing file /opt/airflow/dags/extract_and_load_to_staging.py for tasks to queue
[2025-05-09T07:09:46.100+0000] {logging_mixin.py:188} INFO - [2025-05-09T07:09:46.099+0000] {dagbag.py:545} INFO - Filling up the DagBag from /opt/airflow/dags/extract_and_load_to_staging.py
[2025-05-09T07:09:46.125+0000] {processor.py:842} WARNING - No viable dags retrieved from /opt/airflow/dags/extract_and_load_to_staging.py
[2025-05-09T07:09:46.140+0000] {processor.py:183} INFO - Processing /opt/airflow/dags/extract_and_load_to_staging.py took 0.050 seconds
[2025-05-09T07:10:16.197+0000] {processor.py:161} INFO - Started process (PID=548) to work on /opt/airflow/dags/extract_and_load_to_staging.py
[2025-05-09T07:10:16.199+0000] {processor.py:830} INFO - Processing file /opt/airflow/dags/extract_and_load_to_staging.py for tasks to queue
[2025-05-09T07:10:16.202+0000] {logging_mixin.py:188} INFO - [2025-05-09T07:10:16.201+0000] {dagbag.py:545} INFO - Filling up the DagBag from /opt/airflow/dags/extract_and_load_to_staging.py
[2025-05-09T07:10:16.231+0000] {processor.py:842} WARNING - No viable dags retrieved from /opt/airflow/dags/extract_and_load_to_staging.py
[2025-05-09T07:10:16.248+0000] {processor.py:183} INFO - Processing /opt/airflow/dags/extract_and_load_to_staging.py took 0.060 seconds
[2025-05-09T07:10:46.630+0000] {processor.py:161} INFO - Started process (PID=582) to work on /opt/airflow/dags/extract_and_load_to_staging.py
[2025-05-09T07:10:46.631+0000] {processor.py:830} INFO - Processing file /opt/airflow/dags/extract_and_load_to_staging.py for tasks to queue
[2025-05-09T07:10:46.633+0000] {logging_mixin.py:188} INFO - [2025-05-09T07:10:46.633+0000] {dagbag.py:545} INFO - Filling up the DagBag from /opt/airflow/dags/extract_and_load_to_staging.py
[2025-05-09T07:10:46.659+0000] {processor.py:842} WARNING - No viable dags retrieved from /opt/airflow/dags/extract_and_load_to_staging.py
[2025-05-09T07:10:46.675+0000] {processor.py:183} INFO - Processing /opt/airflow/dags/extract_and_load_to_staging.py took 0.053 seconds
[2025-05-09T07:11:16.846+0000] {processor.py:161} INFO - Started process (PID=613) to work on /opt/airflow/dags/extract_and_load_to_staging.py
[2025-05-09T07:11:16.848+0000] {processor.py:830} INFO - Processing file /opt/airflow/dags/extract_and_load_to_staging.py for tasks to queue
[2025-05-09T07:11:16.851+0000] {logging_mixin.py:188} INFO - [2025-05-09T07:11:16.850+0000] {dagbag.py:545} INFO - Filling up the DagBag from /opt/airflow/dags/extract_and_load_to_staging.py
[2025-05-09T07:11:16.879+0000] {processor.py:842} WARNING - No viable dags retrieved from /opt/airflow/dags/extract_and_load_to_staging.py
[2025-05-09T07:11:16.898+0000] {processor.py:183} INFO - Processing /opt/airflow/dags/extract_and_load_to_staging.py took 0.059 seconds
[2025-05-09T07:11:47.281+0000] {processor.py:161} INFO - Started process (PID=644) to work on /opt/airflow/dags/extract_and_load_to_staging.py
[2025-05-09T07:11:47.282+0000] {processor.py:830} INFO - Processing file /opt/airflow/dags/extract_and_load_to_staging.py for tasks to queue
[2025-05-09T07:11:47.285+0000] {logging_mixin.py:188} INFO - [2025-05-09T07:11:47.285+0000] {dagbag.py:545} INFO - Filling up the DagBag from /opt/airflow/dags/extract_and_load_to_staging.py
[2025-05-09T07:11:47.310+0000] {processor.py:842} WARNING - No viable dags retrieved from /opt/airflow/dags/extract_and_load_to_staging.py
[2025-05-09T07:11:47.324+0000] {processor.py:183} INFO - Processing /opt/airflow/dags/extract_and_load_to_staging.py took 0.049 seconds
[2025-05-09T07:12:17.394+0000] {processor.py:161} INFO - Started process (PID=672) to work on /opt/airflow/dags/extract_and_load_to_staging.py
[2025-05-09T07:12:17.395+0000] {processor.py:830} INFO - Processing file /opt/airflow/dags/extract_and_load_to_staging.py for tasks to queue
[2025-05-09T07:12:17.397+0000] {logging_mixin.py:188} INFO - [2025-05-09T07:12:17.396+0000] {dagbag.py:545} INFO - Filling up the DagBag from /opt/airflow/dags/extract_and_load_to_staging.py
[2025-05-09T07:12:17.418+0000] {processor.py:842} WARNING - No viable dags retrieved from /opt/airflow/dags/extract_and_load_to_staging.py
[2025-05-09T07:12:17.432+0000] {processor.py:183} INFO - Processing /opt/airflow/dags/extract_and_load_to_staging.py took 0.045 seconds
[2025-05-09T07:12:47.834+0000] {processor.py:161} INFO - Started process (PID=706) to work on /opt/airflow/dags/extract_and_load_to_staging.py
[2025-05-09T07:12:47.836+0000] {processor.py:830} INFO - Processing file /opt/airflow/dags/extract_and_load_to_staging.py for tasks to queue
[2025-05-09T07:12:47.838+0000] {logging_mixin.py:188} INFO - [2025-05-09T07:12:47.838+0000] {dagbag.py:545} INFO - Filling up the DagBag from /opt/airflow/dags/extract_and_load_to_staging.py
[2025-05-09T07:12:47.872+0000] {processor.py:842} WARNING - No viable dags retrieved from /opt/airflow/dags/extract_and_load_to_staging.py
[2025-05-09T07:12:47.888+0000] {processor.py:183} INFO - Processing /opt/airflow/dags/extract_and_load_to_staging.py took 0.060 seconds
[2025-05-09T07:13:18.876+0000] {processor.py:161} INFO - Started process (PID=737) to work on /opt/airflow/dags/extract_and_load_to_staging.py
[2025-05-09T07:13:18.877+0000] {processor.py:830} INFO - Processing file /opt/airflow/dags/extract_and_load_to_staging.py for tasks to queue
[2025-05-09T07:13:18.880+0000] {logging_mixin.py:188} INFO - [2025-05-09T07:13:18.880+0000] {dagbag.py:545} INFO - Filling up the DagBag from /opt/airflow/dags/extract_and_load_to_staging.py
[2025-05-09T07:13:18.987+0000] {processor.py:842} WARNING - No viable dags retrieved from /opt/airflow/dags/extract_and_load_to_staging.py
[2025-05-09T07:13:19.009+0000] {processor.py:183} INFO - Processing /opt/airflow/dags/extract_and_load_to_staging.py took 0.144 seconds
[2025-05-09T07:13:49.215+0000] {processor.py:161} INFO - Started process (PID=769) to work on /opt/airflow/dags/extract_and_load_to_staging.py
[2025-05-09T07:13:49.216+0000] {processor.py:830} INFO - Processing file /opt/airflow/dags/extract_and_load_to_staging.py for tasks to queue
[2025-05-09T07:13:49.217+0000] {logging_mixin.py:188} INFO - [2025-05-09T07:13:49.217+0000] {dagbag.py:545} INFO - Filling up the DagBag from /opt/airflow/dags/extract_and_load_to_staging.py
[2025-05-09T07:13:49.242+0000] {processor.py:842} WARNING - No viable dags retrieved from /opt/airflow/dags/extract_and_load_to_staging.py
[2025-05-09T07:13:49.258+0000] {processor.py:183} INFO - Processing /opt/airflow/dags/extract_and_load_to_staging.py took 0.049 seconds
[2025-05-09T07:14:19.337+0000] {processor.py:161} INFO - Started process (PID=797) to work on /opt/airflow/dags/extract_and_load_to_staging.py
[2025-05-09T07:14:19.338+0000] {processor.py:830} INFO - Processing file /opt/airflow/dags/extract_and_load_to_staging.py for tasks to queue
[2025-05-09T07:14:19.340+0000] {logging_mixin.py:188} INFO - [2025-05-09T07:14:19.340+0000] {dagbag.py:545} INFO - Filling up the DagBag from /opt/airflow/dags/extract_and_load_to_staging.py
[2025-05-09T07:14:19.365+0000] {processor.py:842} WARNING - No viable dags retrieved from /opt/airflow/dags/extract_and_load_to_staging.py
[2025-05-09T07:14:19.380+0000] {processor.py:183} INFO - Processing /opt/airflow/dags/extract_and_load_to_staging.py took 0.049 seconds
[2025-05-09T07:14:49.595+0000] {processor.py:161} INFO - Started process (PID=831) to work on /opt/airflow/dags/extract_and_load_to_staging.py
[2025-05-09T07:14:49.596+0000] {processor.py:830} INFO - Processing file /opt/airflow/dags/extract_and_load_to_staging.py for tasks to queue
[2025-05-09T07:14:49.599+0000] {logging_mixin.py:188} INFO - [2025-05-09T07:14:49.598+0000] {dagbag.py:545} INFO - Filling up the DagBag from /opt/airflow/dags/extract_and_load_to_staging.py
[2025-05-09T07:14:49.623+0000] {processor.py:842} WARNING - No viable dags retrieved from /opt/airflow/dags/extract_and_load_to_staging.py
[2025-05-09T07:14:49.640+0000] {processor.py:183} INFO - Processing /opt/airflow/dags/extract_and_load_to_staging.py took 0.051 seconds
[2025-05-09T07:15:19.874+0000] {processor.py:161} INFO - Started process (PID=862) to work on /opt/airflow/dags/extract_and_load_to_staging.py
[2025-05-09T07:15:19.879+0000] {processor.py:830} INFO - Processing file /opt/airflow/dags/extract_and_load_to_staging.py for tasks to queue
[2025-05-09T07:15:19.881+0000] {logging_mixin.py:188} INFO - [2025-05-09T07:15:19.881+0000] {dagbag.py:545} INFO - Filling up the DagBag from /opt/airflow/dags/extract_and_load_to_staging.py
[2025-05-09T07:15:19.907+0000] {processor.py:842} WARNING - No viable dags retrieved from /opt/airflow/dags/extract_and_load_to_staging.py
[2025-05-09T07:15:19.921+0000] {processor.py:183} INFO - Processing /opt/airflow/dags/extract_and_load_to_staging.py took 0.052 seconds
[2025-05-09T07:15:50.205+0000] {processor.py:161} INFO - Started process (PID=893) to work on /opt/airflow/dags/extract_and_load_to_staging.py
[2025-05-09T07:15:50.206+0000] {processor.py:830} INFO - Processing file /opt/airflow/dags/extract_and_load_to_staging.py for tasks to queue
[2025-05-09T07:15:50.209+0000] {logging_mixin.py:188} INFO - [2025-05-09T07:15:50.208+0000] {dagbag.py:545} INFO - Filling up the DagBag from /opt/airflow/dags/extract_and_load_to_staging.py
[2025-05-09T07:15:50.249+0000] {processor.py:842} WARNING - No viable dags retrieved from /opt/airflow/dags/extract_and_load_to_staging.py
[2025-05-09T07:15:50.284+0000] {processor.py:183} INFO - Processing /opt/airflow/dags/extract_and_load_to_staging.py took 0.087 seconds
[2025-05-09T07:16:20.442+0000] {processor.py:161} INFO - Started process (PID=922) to work on /opt/airflow/dags/extract_and_load_to_staging.py
[2025-05-09T07:16:20.443+0000] {processor.py:830} INFO - Processing file /opt/airflow/dags/extract_and_load_to_staging.py for tasks to queue
[2025-05-09T07:16:20.445+0000] {logging_mixin.py:188} INFO - [2025-05-09T07:16:20.445+0000] {dagbag.py:545} INFO - Filling up the DagBag from /opt/airflow/dags/extract_and_load_to_staging.py
[2025-05-09T07:16:20.470+0000] {processor.py:842} WARNING - No viable dags retrieved from /opt/airflow/dags/extract_and_load_to_staging.py
[2025-05-09T07:16:20.486+0000] {processor.py:183} INFO - Processing /opt/airflow/dags/extract_and_load_to_staging.py took 0.050 seconds
[2025-05-09T07:16:50.883+0000] {processor.py:161} INFO - Started process (PID=956) to work on /opt/airflow/dags/extract_and_load_to_staging.py
[2025-05-09T07:16:50.884+0000] {processor.py:830} INFO - Processing file /opt/airflow/dags/extract_and_load_to_staging.py for tasks to queue
[2025-05-09T07:16:50.886+0000] {logging_mixin.py:188} INFO - [2025-05-09T07:16:50.886+0000] {dagbag.py:545} INFO - Filling up the DagBag from /opt/airflow/dags/extract_and_load_to_staging.py
[2025-05-09T07:16:50.910+0000] {processor.py:842} WARNING - No viable dags retrieved from /opt/airflow/dags/extract_and_load_to_staging.py
[2025-05-09T07:16:50.922+0000] {processor.py:183} INFO - Processing /opt/airflow/dags/extract_and_load_to_staging.py took 0.044 seconds
[2025-05-09T07:17:21.120+0000] {processor.py:161} INFO - Started process (PID=987) to work on /opt/airflow/dags/extract_and_load_to_staging.py
[2025-05-09T07:17:21.121+0000] {processor.py:830} INFO - Processing file /opt/airflow/dags/extract_and_load_to_staging.py for tasks to queue
[2025-05-09T07:17:21.123+0000] {logging_mixin.py:188} INFO - [2025-05-09T07:17:21.123+0000] {dagbag.py:545} INFO - Filling up the DagBag from /opt/airflow/dags/extract_and_load_to_staging.py
[2025-05-09T07:17:21.153+0000] {processor.py:842} WARNING - No viable dags retrieved from /opt/airflow/dags/extract_and_load_to_staging.py
[2025-05-09T07:17:21.175+0000] {processor.py:183} INFO - Processing /opt/airflow/dags/extract_and_load_to_staging.py took 0.062 seconds
[2025-05-09T07:17:52.077+0000] {processor.py:161} INFO - Started process (PID=1018) to work on /opt/airflow/dags/extract_and_load_to_staging.py
[2025-05-09T07:17:52.078+0000] {processor.py:830} INFO - Processing file /opt/airflow/dags/extract_and_load_to_staging.py for tasks to queue
[2025-05-09T07:17:52.080+0000] {logging_mixin.py:188} INFO - [2025-05-09T07:17:52.079+0000] {dagbag.py:545} INFO - Filling up the DagBag from /opt/airflow/dags/extract_and_load_to_staging.py
[2025-05-09T07:17:52.105+0000] {processor.py:842} WARNING - No viable dags retrieved from /opt/airflow/dags/extract_and_load_to_staging.py
[2025-05-09T07:17:52.119+0000] {processor.py:183} INFO - Processing /opt/airflow/dags/extract_and_load_to_staging.py took 0.048 seconds
[2025-05-09T07:18:22.254+0000] {processor.py:161} INFO - Started process (PID=1049) to work on /opt/airflow/dags/extract_and_load_to_staging.py
[2025-05-09T07:18:22.255+0000] {processor.py:830} INFO - Processing file /opt/airflow/dags/extract_and_load_to_staging.py for tasks to queue
[2025-05-09T07:18:22.258+0000] {logging_mixin.py:188} INFO - [2025-05-09T07:18:22.257+0000] {dagbag.py:545} INFO - Filling up the DagBag from /opt/airflow/dags/extract_and_load_to_staging.py
[2025-05-09T07:18:22.285+0000] {processor.py:842} WARNING - No viable dags retrieved from /opt/airflow/dags/extract_and_load_to_staging.py
[2025-05-09T07:18:22.301+0000] {processor.py:183} INFO - Processing /opt/airflow/dags/extract_and_load_to_staging.py took 0.056 seconds
[2025-05-09T07:18:53.276+0000] {processor.py:161} INFO - Started process (PID=1080) to work on /opt/airflow/dags/extract_and_load_to_staging.py
[2025-05-09T07:18:53.277+0000] {processor.py:830} INFO - Processing file /opt/airflow/dags/extract_and_load_to_staging.py for tasks to queue
[2025-05-09T07:18:53.279+0000] {logging_mixin.py:188} INFO - [2025-05-09T07:18:53.278+0000] {dagbag.py:545} INFO - Filling up the DagBag from /opt/airflow/dags/extract_and_load_to_staging.py
[2025-05-09T07:18:53.302+0000] {processor.py:842} WARNING - No viable dags retrieved from /opt/airflow/dags/extract_and_load_to_staging.py
[2025-05-09T07:18:53.315+0000] {processor.py:183} INFO - Processing /opt/airflow/dags/extract_and_load_to_staging.py took 0.046 seconds
[2025-05-09T07:19:24.175+0000] {processor.py:161} INFO - Started process (PID=1111) to work on /opt/airflow/dags/extract_and_load_to_staging.py
[2025-05-09T07:19:24.177+0000] {processor.py:830} INFO - Processing file /opt/airflow/dags/extract_and_load_to_staging.py for tasks to queue
[2025-05-09T07:19:24.181+0000] {logging_mixin.py:188} INFO - [2025-05-09T07:19:24.180+0000] {dagbag.py:545} INFO - Filling up the DagBag from /opt/airflow/dags/extract_and_load_to_staging.py
[2025-05-09T07:19:24.212+0000] {processor.py:842} WARNING - No viable dags retrieved from /opt/airflow/dags/extract_and_load_to_staging.py
[2025-05-09T07:19:24.231+0000] {processor.py:183} INFO - Processing /opt/airflow/dags/extract_and_load_to_staging.py took 0.066 seconds
[2025-05-09T07:19:54.404+0000] {processor.py:161} INFO - Started process (PID=1142) to work on /opt/airflow/dags/extract_and_load_to_staging.py
[2025-05-09T07:19:54.406+0000] {processor.py:830} INFO - Processing file /opt/airflow/dags/extract_and_load_to_staging.py for tasks to queue
[2025-05-09T07:19:54.408+0000] {logging_mixin.py:188} INFO - [2025-05-09T07:19:54.408+0000] {dagbag.py:545} INFO - Filling up the DagBag from /opt/airflow/dags/extract_and_load_to_staging.py
[2025-05-09T07:19:54.436+0000] {processor.py:842} WARNING - No viable dags retrieved from /opt/airflow/dags/extract_and_load_to_staging.py
[2025-05-09T07:19:54.458+0000] {processor.py:183} INFO - Processing /opt/airflow/dags/extract_and_load_to_staging.py took 0.062 seconds
[2025-05-09T07:20:24.514+0000] {processor.py:161} INFO - Started process (PID=1170) to work on /opt/airflow/dags/extract_and_load_to_staging.py
[2025-05-09T07:20:24.516+0000] {processor.py:830} INFO - Processing file /opt/airflow/dags/extract_and_load_to_staging.py for tasks to queue
[2025-05-09T07:20:24.518+0000] {logging_mixin.py:188} INFO - [2025-05-09T07:20:24.518+0000] {dagbag.py:545} INFO - Filling up the DagBag from /opt/airflow/dags/extract_and_load_to_staging.py
[2025-05-09T07:20:24.545+0000] {processor.py:842} WARNING - No viable dags retrieved from /opt/airflow/dags/extract_and_load_to_staging.py
[2025-05-09T07:20:24.562+0000] {processor.py:183} INFO - Processing /opt/airflow/dags/extract_and_load_to_staging.py took 0.055 seconds
[2025-05-09T07:20:54.770+0000] {processor.py:161} INFO - Started process (PID=1201) to work on /opt/airflow/dags/extract_and_load_to_staging.py
[2025-05-09T07:20:54.771+0000] {processor.py:830} INFO - Processing file /opt/airflow/dags/extract_and_load_to_staging.py for tasks to queue
[2025-05-09T07:20:54.774+0000] {logging_mixin.py:188} INFO - [2025-05-09T07:20:54.773+0000] {dagbag.py:545} INFO - Filling up the DagBag from /opt/airflow/dags/extract_and_load_to_staging.py
[2025-05-09T07:20:54.799+0000] {processor.py:842} WARNING - No viable dags retrieved from /opt/airflow/dags/extract_and_load_to_staging.py
[2025-05-09T07:20:54.814+0000] {processor.py:183} INFO - Processing /opt/airflow/dags/extract_and_load_to_staging.py took 0.052 seconds
[2025-05-09T07:21:24.920+0000] {processor.py:161} INFO - Started process (PID=1232) to work on /opt/airflow/dags/extract_and_load_to_staging.py
[2025-05-09T07:21:24.921+0000] {processor.py:830} INFO - Processing file /opt/airflow/dags/extract_and_load_to_staging.py for tasks to queue
[2025-05-09T07:21:24.923+0000] {logging_mixin.py:188} INFO - [2025-05-09T07:21:24.923+0000] {dagbag.py:545} INFO - Filling up the DagBag from /opt/airflow/dags/extract_and_load_to_staging.py
[2025-05-09T07:21:24.949+0000] {processor.py:842} WARNING - No viable dags retrieved from /opt/airflow/dags/extract_and_load_to_staging.py
[2025-05-09T07:21:24.964+0000] {processor.py:183} INFO - Processing /opt/airflow/dags/extract_and_load_to_staging.py took 0.051 seconds
[2025-05-09T07:29:50.040+0000] {processor.py:161} INFO - Started process (PID=199) to work on /opt/airflow/dags/extract_and_load_to_staging.py
[2025-05-09T07:29:50.042+0000] {processor.py:830} INFO - Processing file /opt/airflow/dags/extract_and_load_to_staging.py for tasks to queue
[2025-05-09T07:29:50.044+0000] {logging_mixin.py:188} INFO - [2025-05-09T07:29:50.043+0000] {dagbag.py:545} INFO - Filling up the DagBag from /opt/airflow/dags/extract_and_load_to_staging.py
[2025-05-09T07:29:50.069+0000] {processor.py:842} WARNING - No viable dags retrieved from /opt/airflow/dags/extract_and_load_to_staging.py
[2025-05-09T07:29:50.083+0000] {processor.py:183} INFO - Processing /opt/airflow/dags/extract_and_load_to_staging.py took 0.050 seconds
[2025-05-09T07:30:20.289+0000] {processor.py:161} INFO - Started process (PID=228) to work on /opt/airflow/dags/extract_and_load_to_staging.py
[2025-05-09T07:30:20.291+0000] {processor.py:830} INFO - Processing file /opt/airflow/dags/extract_and_load_to_staging.py for tasks to queue
[2025-05-09T07:30:20.292+0000] {logging_mixin.py:188} INFO - [2025-05-09T07:30:20.292+0000] {dagbag.py:545} INFO - Filling up the DagBag from /opt/airflow/dags/extract_and_load_to_staging.py
[2025-05-09T07:30:20.330+0000] {processor.py:842} WARNING - No viable dags retrieved from /opt/airflow/dags/extract_and_load_to_staging.py
[2025-05-09T07:30:20.345+0000] {processor.py:183} INFO - Processing /opt/airflow/dags/extract_and_load_to_staging.py took 0.062 seconds
[2025-05-09T07:30:51.441+0000] {processor.py:161} INFO - Started process (PID=259) to work on /opt/airflow/dags/extract_and_load_to_staging.py
[2025-05-09T07:30:51.442+0000] {processor.py:830} INFO - Processing file /opt/airflow/dags/extract_and_load_to_staging.py for tasks to queue
[2025-05-09T07:30:51.444+0000] {logging_mixin.py:188} INFO - [2025-05-09T07:30:51.443+0000] {dagbag.py:545} INFO - Filling up the DagBag from /opt/airflow/dags/extract_and_load_to_staging.py
[2025-05-09T07:30:51.468+0000] {processor.py:842} WARNING - No viable dags retrieved from /opt/airflow/dags/extract_and_load_to_staging.py
[2025-05-09T07:30:51.487+0000] {processor.py:183} INFO - Processing /opt/airflow/dags/extract_and_load_to_staging.py took 0.053 seconds
[2025-05-09T07:31:22.577+0000] {processor.py:161} INFO - Started process (PID=296) to work on /opt/airflow/dags/extract_and_load_to_staging.py
[2025-05-09T07:31:22.578+0000] {processor.py:830} INFO - Processing file /opt/airflow/dags/extract_and_load_to_staging.py for tasks to queue
[2025-05-09T07:31:22.580+0000] {logging_mixin.py:188} INFO - [2025-05-09T07:31:22.579+0000] {dagbag.py:545} INFO - Filling up the DagBag from /opt/airflow/dags/extract_and_load_to_staging.py
[2025-05-09T07:31:22.605+0000] {processor.py:842} WARNING - No viable dags retrieved from /opt/airflow/dags/extract_and_load_to_staging.py
[2025-05-09T07:31:22.619+0000] {processor.py:183} INFO - Processing /opt/airflow/dags/extract_and_load_to_staging.py took 0.049 seconds
[2025-05-09T07:31:54.017+0000] {processor.py:161} INFO - Started process (PID=327) to work on /opt/airflow/dags/extract_and_load_to_staging.py
[2025-05-09T07:31:54.019+0000] {processor.py:830} INFO - Processing file /opt/airflow/dags/extract_and_load_to_staging.py for tasks to queue
[2025-05-09T07:31:54.022+0000] {logging_mixin.py:188} INFO - [2025-05-09T07:31:54.022+0000] {dagbag.py:545} INFO - Filling up the DagBag from /opt/airflow/dags/extract_and_load_to_staging.py
[2025-05-09T07:31:54.115+0000] {processor.py:842} WARNING - No viable dags retrieved from /opt/airflow/dags/extract_and_load_to_staging.py
[2025-05-09T07:31:54.142+0000] {processor.py:183} INFO - Processing /opt/airflow/dags/extract_and_load_to_staging.py took 0.138 seconds
[2025-05-09T07:32:24.246+0000] {processor.py:161} INFO - Started process (PID=353) to work on /opt/airflow/dags/extract_and_load_to_staging.py
[2025-05-09T07:32:24.248+0000] {processor.py:830} INFO - Processing file /opt/airflow/dags/extract_and_load_to_staging.py for tasks to queue
[2025-05-09T07:32:24.252+0000] {logging_mixin.py:188} INFO - [2025-05-09T07:32:24.251+0000] {dagbag.py:545} INFO - Filling up the DagBag from /opt/airflow/dags/extract_and_load_to_staging.py
[2025-05-09T07:32:24.295+0000] {processor.py:842} WARNING - No viable dags retrieved from /opt/airflow/dags/extract_and_load_to_staging.py
[2025-05-09T07:32:24.315+0000] {processor.py:183} INFO - Processing /opt/airflow/dags/extract_and_load_to_staging.py took 0.084 seconds
[2025-05-09T07:32:55.416+0000] {processor.py:161} INFO - Started process (PID=389) to work on /opt/airflow/dags/extract_and_load_to_staging.py
[2025-05-09T07:32:55.417+0000] {processor.py:830} INFO - Processing file /opt/airflow/dags/extract_and_load_to_staging.py for tasks to queue
[2025-05-09T07:32:55.419+0000] {logging_mixin.py:188} INFO - [2025-05-09T07:32:55.418+0000] {dagbag.py:545} INFO - Filling up the DagBag from /opt/airflow/dags/extract_and_load_to_staging.py
[2025-05-09T07:32:55.442+0000] {processor.py:842} WARNING - No viable dags retrieved from /opt/airflow/dags/extract_and_load_to_staging.py
[2025-05-09T07:32:55.456+0000] {processor.py:183} INFO - Processing /opt/airflow/dags/extract_and_load_to_staging.py took 0.048 seconds
[2025-05-09T07:33:26.388+0000] {processor.py:161} INFO - Started process (PID=420) to work on /opt/airflow/dags/extract_and_load_to_staging.py
[2025-05-09T07:33:26.389+0000] {processor.py:830} INFO - Processing file /opt/airflow/dags/extract_and_load_to_staging.py for tasks to queue
[2025-05-09T07:33:26.390+0000] {logging_mixin.py:188} INFO - [2025-05-09T07:33:26.390+0000] {dagbag.py:545} INFO - Filling up the DagBag from /opt/airflow/dags/extract_and_load_to_staging.py
[2025-05-09T07:33:26.417+0000] {processor.py:842} WARNING - No viable dags retrieved from /opt/airflow/dags/extract_and_load_to_staging.py
[2025-05-09T07:33:26.434+0000] {processor.py:183} INFO - Processing /opt/airflow/dags/extract_and_load_to_staging.py took 0.052 seconds
[2025-05-09T07:33:57.373+0000] {processor.py:161} INFO - Started process (PID=451) to work on /opt/airflow/dags/extract_and_load_to_staging.py
[2025-05-09T07:33:57.374+0000] {processor.py:830} INFO - Processing file /opt/airflow/dags/extract_and_load_to_staging.py for tasks to queue
[2025-05-09T07:33:57.376+0000] {logging_mixin.py:188} INFO - [2025-05-09T07:33:57.375+0000] {dagbag.py:545} INFO - Filling up the DagBag from /opt/airflow/dags/extract_and_load_to_staging.py
[2025-05-09T07:33:57.406+0000] {processor.py:842} WARNING - No viable dags retrieved from /opt/airflow/dags/extract_and_load_to_staging.py
[2025-05-09T07:33:57.424+0000] {processor.py:183} INFO - Processing /opt/airflow/dags/extract_and_load_to_staging.py took 0.059 seconds
[2025-05-09T07:34:28.492+0000] {processor.py:161} INFO - Started process (PID=482) to work on /opt/airflow/dags/extract_and_load_to_staging.py
[2025-05-09T07:34:28.493+0000] {processor.py:830} INFO - Processing file /opt/airflow/dags/extract_and_load_to_staging.py for tasks to queue
[2025-05-09T07:34:28.495+0000] {logging_mixin.py:188} INFO - [2025-05-09T07:34:28.494+0000] {dagbag.py:545} INFO - Filling up the DagBag from /opt/airflow/dags/extract_and_load_to_staging.py
[2025-05-09T07:34:28.518+0000] {processor.py:842} WARNING - No viable dags retrieved from /opt/airflow/dags/extract_and_load_to_staging.py
[2025-05-09T07:34:28.532+0000] {processor.py:183} INFO - Processing /opt/airflow/dags/extract_and_load_to_staging.py took 0.047 seconds
[2025-05-09T07:34:58.653+0000] {processor.py:161} INFO - Started process (PID=513) to work on /opt/airflow/dags/extract_and_load_to_staging.py
[2025-05-09T07:34:58.654+0000] {processor.py:830} INFO - Processing file /opt/airflow/dags/extract_and_load_to_staging.py for tasks to queue
[2025-05-09T07:34:58.656+0000] {logging_mixin.py:188} INFO - [2025-05-09T07:34:58.656+0000] {dagbag.py:545} INFO - Filling up the DagBag from /opt/airflow/dags/extract_and_load_to_staging.py
[2025-05-09T07:34:58.688+0000] {processor.py:842} WARNING - No viable dags retrieved from /opt/airflow/dags/extract_and_load_to_staging.py
[2025-05-09T07:34:58.702+0000] {processor.py:183} INFO - Processing /opt/airflow/dags/extract_and_load_to_staging.py took 0.055 seconds
[2025-05-09T07:35:29.751+0000] {processor.py:161} INFO - Started process (PID=544) to work on /opt/airflow/dags/extract_and_load_to_staging.py
[2025-05-09T07:35:29.752+0000] {processor.py:830} INFO - Processing file /opt/airflow/dags/extract_and_load_to_staging.py for tasks to queue
[2025-05-09T07:35:29.753+0000] {logging_mixin.py:188} INFO - [2025-05-09T07:35:29.753+0000] {dagbag.py:545} INFO - Filling up the DagBag from /opt/airflow/dags/extract_and_load_to_staging.py
[2025-05-09T07:35:29.776+0000] {processor.py:842} WARNING - No viable dags retrieved from /opt/airflow/dags/extract_and_load_to_staging.py
[2025-05-09T07:35:29.789+0000] {processor.py:183} INFO - Processing /opt/airflow/dags/extract_and_load_to_staging.py took 0.044 seconds
[2025-05-09T07:36:00.626+0000] {processor.py:161} INFO - Started process (PID=575) to work on /opt/airflow/dags/extract_and_load_to_staging.py
[2025-05-09T07:36:00.626+0000] {processor.py:830} INFO - Processing file /opt/airflow/dags/extract_and_load_to_staging.py for tasks to queue
[2025-05-09T07:36:00.628+0000] {logging_mixin.py:188} INFO - [2025-05-09T07:36:00.628+0000] {dagbag.py:545} INFO - Filling up the DagBag from /opt/airflow/dags/extract_and_load_to_staging.py
[2025-05-09T07:36:00.653+0000] {processor.py:842} WARNING - No viable dags retrieved from /opt/airflow/dags/extract_and_load_to_staging.py
[2025-05-09T07:36:00.668+0000] {processor.py:183} INFO - Processing /opt/airflow/dags/extract_and_load_to_staging.py took 0.048 seconds
[2025-05-09T07:36:31.700+0000] {processor.py:161} INFO - Started process (PID=606) to work on /opt/airflow/dags/extract_and_load_to_staging.py
[2025-05-09T07:36:31.701+0000] {processor.py:830} INFO - Processing file /opt/airflow/dags/extract_and_load_to_staging.py for tasks to queue
[2025-05-09T07:36:31.703+0000] {logging_mixin.py:188} INFO - [2025-05-09T07:36:31.702+0000] {dagbag.py:545} INFO - Filling up the DagBag from /opt/airflow/dags/extract_and_load_to_staging.py
[2025-05-09T07:36:31.726+0000] {processor.py:842} WARNING - No viable dags retrieved from /opt/airflow/dags/extract_and_load_to_staging.py
[2025-05-09T07:36:31.741+0000] {processor.py:183} INFO - Processing /opt/airflow/dags/extract_and_load_to_staging.py took 0.047 seconds
[2025-05-09T07:37:02.605+0000] {processor.py:161} INFO - Started process (PID=637) to work on /opt/airflow/dags/extract_and_load_to_staging.py
[2025-05-09T07:37:02.606+0000] {processor.py:830} INFO - Processing file /opt/airflow/dags/extract_and_load_to_staging.py for tasks to queue
[2025-05-09T07:37:02.608+0000] {logging_mixin.py:188} INFO - [2025-05-09T07:37:02.607+0000] {dagbag.py:545} INFO - Filling up the DagBag from /opt/airflow/dags/extract_and_load_to_staging.py
[2025-05-09T07:37:02.631+0000] {processor.py:842} WARNING - No viable dags retrieved from /opt/airflow/dags/extract_and_load_to_staging.py
[2025-05-09T07:37:02.644+0000] {processor.py:183} INFO - Processing /opt/airflow/dags/extract_and_load_to_staging.py took 0.044 seconds
[2025-05-09T07:37:33.819+0000] {processor.py:161} INFO - Started process (PID=668) to work on /opt/airflow/dags/extract_and_load_to_staging.py
[2025-05-09T07:37:33.820+0000] {processor.py:830} INFO - Processing file /opt/airflow/dags/extract_and_load_to_staging.py for tasks to queue
[2025-05-09T07:37:33.822+0000] {logging_mixin.py:188} INFO - [2025-05-09T07:37:33.822+0000] {dagbag.py:545} INFO - Filling up the DagBag from /opt/airflow/dags/extract_and_load_to_staging.py
[2025-05-09T07:37:33.849+0000] {processor.py:842} WARNING - No viable dags retrieved from /opt/airflow/dags/extract_and_load_to_staging.py
[2025-05-09T07:37:33.864+0000] {processor.py:183} INFO - Processing /opt/airflow/dags/extract_and_load_to_staging.py took 0.052 seconds
[2025-05-09T07:38:04.787+0000] {processor.py:161} INFO - Started process (PID=699) to work on /opt/airflow/dags/extract_and_load_to_staging.py
[2025-05-09T07:38:04.788+0000] {processor.py:830} INFO - Processing file /opt/airflow/dags/extract_and_load_to_staging.py for tasks to queue
[2025-05-09T07:38:04.790+0000] {logging_mixin.py:188} INFO - [2025-05-09T07:38:04.790+0000] {dagbag.py:545} INFO - Filling up the DagBag from /opt/airflow/dags/extract_and_load_to_staging.py
[2025-05-09T07:38:04.815+0000] {processor.py:842} WARNING - No viable dags retrieved from /opt/airflow/dags/extract_and_load_to_staging.py
[2025-05-09T07:38:04.832+0000] {processor.py:183} INFO - Processing /opt/airflow/dags/extract_and_load_to_staging.py took 0.051 seconds
[2025-05-09T07:38:35.828+0000] {processor.py:161} INFO - Started process (PID=730) to work on /opt/airflow/dags/extract_and_load_to_staging.py
[2025-05-09T07:38:35.829+0000] {processor.py:830} INFO - Processing file /opt/airflow/dags/extract_and_load_to_staging.py for tasks to queue
[2025-05-09T07:38:35.831+0000] {logging_mixin.py:188} INFO - [2025-05-09T07:38:35.830+0000] {dagbag.py:545} INFO - Filling up the DagBag from /opt/airflow/dags/extract_and_load_to_staging.py
[2025-05-09T07:38:35.853+0000] {processor.py:842} WARNING - No viable dags retrieved from /opt/airflow/dags/extract_and_load_to_staging.py
[2025-05-09T07:38:35.867+0000] {processor.py:183} INFO - Processing /opt/airflow/dags/extract_and_load_to_staging.py took 0.046 seconds
[2025-05-09T07:39:06.815+0000] {processor.py:161} INFO - Started process (PID=761) to work on /opt/airflow/dags/extract_and_load_to_staging.py
[2025-05-09T07:39:06.816+0000] {processor.py:830} INFO - Processing file /opt/airflow/dags/extract_and_load_to_staging.py for tasks to queue
[2025-05-09T07:39:06.818+0000] {logging_mixin.py:188} INFO - [2025-05-09T07:39:06.818+0000] {dagbag.py:545} INFO - Filling up the DagBag from /opt/airflow/dags/extract_and_load_to_staging.py
[2025-05-09T07:39:06.839+0000] {processor.py:842} WARNING - No viable dags retrieved from /opt/airflow/dags/extract_and_load_to_staging.py
[2025-05-09T07:39:06.853+0000] {processor.py:183} INFO - Processing /opt/airflow/dags/extract_and_load_to_staging.py took 0.045 seconds
[2025-05-09T07:39:36.939+0000] {processor.py:161} INFO - Started process (PID=787) to work on /opt/airflow/dags/extract_and_load_to_staging.py
[2025-05-09T07:39:36.940+0000] {processor.py:830} INFO - Processing file /opt/airflow/dags/extract_and_load_to_staging.py for tasks to queue
[2025-05-09T07:39:36.943+0000] {logging_mixin.py:188} INFO - [2025-05-09T07:39:36.942+0000] {dagbag.py:545} INFO - Filling up the DagBag from /opt/airflow/dags/extract_and_load_to_staging.py
[2025-05-09T07:39:37.002+0000] {processor.py:842} WARNING - No viable dags retrieved from /opt/airflow/dags/extract_and_load_to_staging.py
[2025-05-09T07:39:37.033+0000] {processor.py:183} INFO - Processing /opt/airflow/dags/extract_and_load_to_staging.py took 0.103 seconds
[2025-05-09T07:40:07.176+0000] {processor.py:161} INFO - Started process (PID=815) to work on /opt/airflow/dags/extract_and_load_to_staging.py
[2025-05-09T07:40:07.178+0000] {processor.py:830} INFO - Processing file /opt/airflow/dags/extract_and_load_to_staging.py for tasks to queue
[2025-05-09T07:40:07.179+0000] {logging_mixin.py:188} INFO - [2025-05-09T07:40:07.179+0000] {dagbag.py:545} INFO - Filling up the DagBag from /opt/airflow/dags/extract_and_load_to_staging.py
[2025-05-09T07:40:07.212+0000] {processor.py:842} WARNING - No viable dags retrieved from /opt/airflow/dags/extract_and_load_to_staging.py
[2025-05-09T07:40:07.227+0000] {processor.py:183} INFO - Processing /opt/airflow/dags/extract_and_load_to_staging.py took 0.058 seconds
[2025-05-09T07:40:37.318+0000] {processor.py:161} INFO - Started process (PID=846) to work on /opt/airflow/dags/extract_and_load_to_staging.py
[2025-05-09T07:40:37.319+0000] {processor.py:830} INFO - Processing file /opt/airflow/dags/extract_and_load_to_staging.py for tasks to queue
[2025-05-09T07:40:37.321+0000] {logging_mixin.py:188} INFO - [2025-05-09T07:40:37.321+0000] {dagbag.py:545} INFO - Filling up the DagBag from /opt/airflow/dags/extract_and_load_to_staging.py
[2025-05-09T07:40:37.353+0000] {processor.py:842} WARNING - No viable dags retrieved from /opt/airflow/dags/extract_and_load_to_staging.py
[2025-05-09T07:40:37.368+0000] {processor.py:183} INFO - Processing /opt/airflow/dags/extract_and_load_to_staging.py took 0.058 seconds
[2025-05-09T07:41:07.490+0000] {processor.py:161} INFO - Started process (PID=883) to work on /opt/airflow/dags/extract_and_load_to_staging.py
[2025-05-09T07:41:07.491+0000] {processor.py:830} INFO - Processing file /opt/airflow/dags/extract_and_load_to_staging.py for tasks to queue
[2025-05-09T07:41:07.494+0000] {logging_mixin.py:188} INFO - [2025-05-09T07:41:07.493+0000] {dagbag.py:545} INFO - Filling up the DagBag from /opt/airflow/dags/extract_and_load_to_staging.py
[2025-05-09T07:41:07.528+0000] {processor.py:842} WARNING - No viable dags retrieved from /opt/airflow/dags/extract_and_load_to_staging.py
[2025-05-09T07:41:07.546+0000] {processor.py:183} INFO - Processing /opt/airflow/dags/extract_and_load_to_staging.py took 0.066 seconds
[2025-05-09T07:41:38.333+0000] {processor.py:161} INFO - Started process (PID=914) to work on /opt/airflow/dags/extract_and_load_to_staging.py
[2025-05-09T07:41:38.335+0000] {processor.py:830} INFO - Processing file /opt/airflow/dags/extract_and_load_to_staging.py for tasks to queue
[2025-05-09T07:41:38.337+0000] {logging_mixin.py:188} INFO - [2025-05-09T07:41:38.336+0000] {dagbag.py:545} INFO - Filling up the DagBag from /opt/airflow/dags/extract_and_load_to_staging.py
[2025-05-09T07:41:38.374+0000] {processor.py:842} WARNING - No viable dags retrieved from /opt/airflow/dags/extract_and_load_to_staging.py
[2025-05-09T07:41:38.392+0000] {processor.py:183} INFO - Processing /opt/airflow/dags/extract_and_load_to_staging.py took 0.069 seconds
