[2025-05-08T15:18:21.153+0000] {local_task_job_runner.py:120} INFO - ::group::Pre task execution logs
[2025-05-08T15:18:21.199+0000] {taskinstance.py:2076} INFO - Dependencies all met for dep_context=non-requeueable deps ti=<TaskInstance: e_commerce_dw_etl_decorator.load.load_dim_geolocation manual__2025-05-08T15:17:25.111912+00:00 [queued]>
[2025-05-08T15:18:21.213+0000] {taskinstance.py:2076} INFO - Dependencies all met for dep_context=requeueable deps ti=<TaskInstance: e_commerce_dw_etl_decorator.load.load_dim_geolocation manual__2025-05-08T15:17:25.111912+00:00 [queued]>
[2025-05-08T15:18:21.214+0000] {taskinstance.py:2306} INFO - Starting attempt 1 of 1
[2025-05-08T15:18:21.246+0000] {taskinstance.py:2330} INFO - Executing <Task(PythonOperator): load.load_dim_geolocation> on 2025-05-08 15:17:25.111912+00:00
[2025-05-08T15:18:21.260+0000] {standard_task_runner.py:63} INFO - Started process 12228 to run task
[2025-05-08T15:18:21.262+0000] {standard_task_runner.py:90} INFO - Running: ['***', 'tasks', 'run', 'e_commerce_dw_etl_decorator', 'load.load_dim_geolocation', 'manual__2025-05-08T15:17:25.111912+00:00', '--job-id', '151', '--raw', '--subdir', 'DAGS_FOLDER/ecommerce_dw_dag.py', '--cfg-path', '/tmp/tmpiyghkeue']
[2025-05-08T15:18:21.267+0000] {standard_task_runner.py:91} INFO - Job 151: Subtask load.load_dim_geolocation
[2025-05-08T15:18:21.365+0000] {task_command.py:426} INFO - Running <TaskInstance: e_commerce_dw_etl_decorator.load.load_dim_geolocation manual__2025-05-08T15:17:25.111912+00:00 [running]> on host ebff8b55cad8
[2025-05-08T15:18:21.500+0000] {taskinstance.py:2648} INFO - Exporting env vars: AIRFLOW_CTX_DAG_OWNER='***' AIRFLOW_CTX_DAG_ID='e_commerce_dw_etl_decorator' AIRFLOW_CTX_TASK_ID='load.load_dim_geolocation' AIRFLOW_CTX_EXECUTION_DATE='2025-05-08T15:17:25.111912+00:00' AIRFLOW_CTX_TRY_NUMBER='1' AIRFLOW_CTX_DAG_RUN_ID='manual__2025-05-08T15:17:25.111912+00:00'
[2025-05-08T15:18:21.501+0000] {taskinstance.py:430} INFO - ::endgroup::
[2025-05-08T15:18:21.503+0000] {logging_mixin.py:188} INFO - Loading latest file: /tmp/dim_geolocation_08May2025.parquet
[2025-05-08T15:18:21.620+0000] {base.py:84} INFO - Using connection ID 'postgres' for task execution.
[2025-05-08T15:18:23.172+0000] {logging_mixin.py:188} INFO - Loaded data to dim_geolocation successfully.
[2025-05-08T15:18:23.173+0000] {python.py:237} INFO - Done. Returned value was: None
[2025-05-08T15:18:23.174+0000] {taskinstance.py:441} INFO - ::group::Post task execution logs
[2025-05-08T15:18:23.185+0000] {taskinstance.py:1206} INFO - Marking task as SUCCESS. dag_id=e_commerce_dw_etl_decorator, task_id=load.load_dim_geolocation, run_id=manual__2025-05-08T15:17:25.111912+00:00, execution_date=20250508T151725, start_date=20250508T151821, end_date=20250508T151823
[2025-05-08T15:18:23.256+0000] {local_task_job_runner.py:240} INFO - Task exited with return code 0
[2025-05-08T15:18:23.276+0000] {taskinstance.py:3503} INFO - 0 downstream tasks scheduled from follow-on schedule check
[2025-05-08T15:18:23.293+0000] {local_task_job_runner.py:222} INFO - ::endgroup::
