[2025-05-08T15:11:50.260+0000] {local_task_job_runner.py:120} INFO - ::group::Pre task execution logs
[2025-05-08T15:11:50.316+0000] {taskinstance.py:2076} INFO - Dependencies all met for dep_context=non-requeueable deps ti=<TaskInstance: e_commerce_dw_etl_decorator.load.load_dim_products manual__2025-05-08T15:10:54.446886+00:00 [queued]>
[2025-05-08T15:11:50.331+0000] {taskinstance.py:2076} INFO - Dependencies all met for dep_context=requeueable deps ti=<TaskInstance: e_commerce_dw_etl_decorator.load.load_dim_products manual__2025-05-08T15:10:54.446886+00:00 [queued]>
[2025-05-08T15:11:50.332+0000] {taskinstance.py:2306} INFO - Starting attempt 1 of 1
[2025-05-08T15:11:50.355+0000] {taskinstance.py:2330} INFO - Executing <Task(PythonOperator): load.load_dim_products> on 2025-05-08 15:10:54.446886+00:00
[2025-05-08T15:11:50.367+0000] {standard_task_runner.py:63} INFO - Started process 11719 to run task
[2025-05-08T15:11:50.376+0000] {standard_task_runner.py:90} INFO - Running: ['***', 'tasks', 'run', 'e_commerce_dw_etl_decorator', 'load.load_dim_products', 'manual__2025-05-08T15:10:54.446886+00:00', '--job-id', '136', '--raw', '--subdir', 'DAGS_FOLDER/ecommerce_dw_dag.py', '--cfg-path', '/tmp/tmpfz6h6qt8']
[2025-05-08T15:11:50.380+0000] {standard_task_runner.py:91} INFO - Job 136: Subtask load.load_dim_products
[2025-05-08T15:11:50.454+0000] {task_command.py:426} INFO - Running <TaskInstance: e_commerce_dw_etl_decorator.load.load_dim_products manual__2025-05-08T15:10:54.446886+00:00 [running]> on host ebff8b55cad8
[2025-05-08T15:11:50.600+0000] {taskinstance.py:2648} INFO - Exporting env vars: AIRFLOW_CTX_DAG_OWNER='***' AIRFLOW_CTX_DAG_ID='e_commerce_dw_etl_decorator' AIRFLOW_CTX_TASK_ID='load.load_dim_products' AIRFLOW_CTX_EXECUTION_DATE='2025-05-08T15:10:54.446886+00:00' AIRFLOW_CTX_TRY_NUMBER='1' AIRFLOW_CTX_DAG_RUN_ID='manual__2025-05-08T15:10:54.446886+00:00'
[2025-05-08T15:11:50.602+0000] {taskinstance.py:430} INFO - ::endgroup::
[2025-05-08T15:11:50.604+0000] {logging_mixin.py:188} INFO - Loading latest file: /tmp/dim_products_08May2025.parquet
[2025-05-08T15:11:50.789+0000] {base.py:84} INFO - Using connection ID 'postgres' for task execution.
[2025-05-08T15:11:53.176+0000] {logging_mixin.py:188} INFO - Loaded data to dim_products successfully.
[2025-05-08T15:11:53.178+0000] {python.py:237} INFO - Done. Returned value was: None
[2025-05-08T15:11:53.179+0000] {taskinstance.py:441} INFO - ::group::Post task execution logs
[2025-05-08T15:11:53.190+0000] {taskinstance.py:1206} INFO - Marking task as SUCCESS. dag_id=e_commerce_dw_etl_decorator, task_id=load.load_dim_products, run_id=manual__2025-05-08T15:10:54.446886+00:00, execution_date=20250508T151054, start_date=20250508T151150, end_date=20250508T151153
[2025-05-08T15:11:53.267+0000] {local_task_job_runner.py:240} INFO - Task exited with return code 0
[2025-05-08T15:11:53.286+0000] {taskinstance.py:3503} INFO - 0 downstream tasks scheduled from follow-on schedule check
[2025-05-08T15:11:53.289+0000] {local_task_job_runner.py:222} INFO - ::endgroup::
