[2025-05-09T07:06:56.203+0000] {local_task_job_runner.py:120} INFO - ::group::Pre task execution logs
[2025-05-09T07:06:56.241+0000] {taskinstance.py:2076} INFO - Dependencies all met for dep_context=non-requeueable deps ti=<TaskInstance: dag_with_taskflow_api.query_mysql_v1__1 scheduled__2025-05-08T00:00:00+00:00 [queued]>
[2025-05-09T07:06:56.252+0000] {taskinstance.py:2076} INFO - Dependencies all met for dep_context=requeueable deps ti=<TaskInstance: dag_with_taskflow_api.query_mysql_v1__1 scheduled__2025-05-08T00:00:00+00:00 [queued]>
[2025-05-09T07:06:56.253+0000] {taskinstance.py:2306} INFO - Starting attempt 1 of 2
[2025-05-09T07:06:56.271+0000] {taskinstance.py:2330} INFO - Executing <Task(_PythonDecoratedOperator): query_mysql_v1__1> on 2025-05-08 00:00:00+00:00
[2025-05-09T07:06:56.282+0000] {standard_task_runner.py:63} INFO - Started process 229 to run task
[2025-05-09T07:06:56.284+0000] {standard_task_runner.py:90} INFO - Running: ['***', 'tasks', 'run', 'dag_with_taskflow_api', 'query_mysql_v1__1', 'scheduled__2025-05-08T00:00:00+00:00', '--job-id', '166', '--raw', '--subdir', 'DAGS_FOLDER/dag_with_taskflow_api.py', '--cfg-path', '/tmp/tmp8s75ic_v']
[2025-05-09T07:06:56.287+0000] {standard_task_runner.py:91} INFO - Job 166: Subtask query_mysql_v1__1
[2025-05-09T07:06:56.346+0000] {task_command.py:426} INFO - Running <TaskInstance: dag_with_taskflow_api.query_mysql_v1__1 scheduled__2025-05-08T00:00:00+00:00 [running]> on host 335a73e8cf0f
[2025-05-09T07:06:56.454+0000] {taskinstance.py:2648} INFO - Exporting env vars: AIRFLOW_CTX_DAG_OWNER='***' AIRFLOW_CTX_DAG_ID='dag_with_taskflow_api' AIRFLOW_CTX_TASK_ID='query_mysql_v1__1' AIRFLOW_CTX_EXECUTION_DATE='2025-05-08T00:00:00+00:00' AIRFLOW_CTX_TRY_NUMBER='1' AIRFLOW_CTX_DAG_RUN_ID='scheduled__2025-05-08T00:00:00+00:00'
[2025-05-09T07:06:56.455+0000] {taskinstance.py:430} INFO - ::endgroup::
[2025-05-09T07:06:56.466+0000] {base.py:84} INFO - Using connection ID 'mysql' for task execution.
[2025-05-09T07:06:56.478+0000] {sql.py:487} INFO - Running statement: 
            SELECT geolocation_zip_code_prefix, COUNT(*) AS so_lan_xuat_hien
            FROM geolocation g 
            GROUP BY geolocation_zip_code_prefix 
            HAVING COUNT(*) > 1
            LIMIT 10;
        , parameters: None
[2025-05-09T07:06:57.249+0000] {sql.py:496} INFO - Rows affected: 10
[2025-05-09T07:06:57.250+0000] {logging_mixin.py:188} INFO - Query geolocation table: ((1037, 26), (1046, 141), (1041, 25), (1035, 39), (1012, 17), (1047, 42), (1013, 20), (1029, 8), (1011, 21), (1032, 45))
[2025-05-09T07:06:57.251+0000] {python.py:237} INFO - Done. Returned value was: {'result': ((1037, 26), (1046, 141), (1041, 25), (1035, 39), (1012, 17), (1047, 42), (1013, 20), (1029, 8), (1011, 21), (1032, 45))}
[2025-05-09T07:06:57.251+0000] {taskinstance.py:441} INFO - ::group::Post task execution logs
[2025-05-09T07:06:57.291+0000] {taskinstance.py:1206} INFO - Marking task as SUCCESS. dag_id=dag_with_taskflow_api, task_id=query_mysql_v1__1, run_id=scheduled__2025-05-08T00:00:00+00:00, execution_date=20250508T000000, start_date=20250509T070656, end_date=20250509T070657
[2025-05-09T07:06:57.346+0000] {local_task_job_runner.py:240} INFO - Task exited with return code 0
[2025-05-09T07:06:57.370+0000] {taskinstance.py:3503} INFO - 0 downstream tasks scheduled from follow-on schedule check
[2025-05-09T07:06:57.375+0000] {local_task_job_runner.py:222} INFO - ::endgroup::
