[2025-05-08T14:53:04.790+0000] {local_task_job_runner.py:120} INFO - ::group::Pre task execution logs
[2025-05-08T14:53:04.938+0000] {taskinstance.py:2076} INFO - Dependencies all met for dep_context=non-requeueable deps ti=<TaskInstance: e_commerce_dw_etl_decorator.extract.extract_and_load_to_staging manual__2025-05-08T14:53:03.007934+00:00 [queued]>
[2025-05-08T14:53:04.951+0000] {taskinstance.py:2076} INFO - Dependencies all met for dep_context=requeueable deps ti=<TaskInstance: e_commerce_dw_etl_decorator.extract.extract_and_load_to_staging manual__2025-05-08T14:53:03.007934+00:00 [queued]>
[2025-05-08T14:53:04.951+0000] {taskinstance.py:2306} INFO - Starting attempt 1 of 1
[2025-05-08T14:53:04.972+0000] {taskinstance.py:2330} INFO - Executing <Task(PythonOperator): extract.extract_and_load_to_staging> on 2025-05-08 14:53:03.007934+00:00
[2025-05-08T14:53:04.987+0000] {standard_task_runner.py:63} INFO - Started process 10373 to run task
[2025-05-08T14:53:04.995+0000] {standard_task_runner.py:90} INFO - Running: ['***', 'tasks', 'run', 'e_commerce_dw_etl_decorator', 'extract.extract_and_load_to_staging', 'manual__2025-05-08T14:53:03.007934+00:00', '--job-id', '105', '--raw', '--subdir', 'DAGS_FOLDER/ecommerce_dw_dag.py', '--cfg-path', '/tmp/tmplov9io34']
[2025-05-08T14:53:05.000+0000] {standard_task_runner.py:91} INFO - Job 105: Subtask extract.extract_and_load_to_staging
[2025-05-08T14:53:05.074+0000] {task_command.py:426} INFO - Running <TaskInstance: e_commerce_dw_etl_decorator.extract.extract_and_load_to_staging manual__2025-05-08T14:53:03.007934+00:00 [running]> on host ebff8b55cad8
[2025-05-08T14:53:05.210+0000] {taskinstance.py:2648} INFO - Exporting env vars: AIRFLOW_CTX_DAG_OWNER='***' AIRFLOW_CTX_DAG_ID='e_commerce_dw_etl_decorator' AIRFLOW_CTX_TASK_ID='extract.extract_and_load_to_staging' AIRFLOW_CTX_EXECUTION_DATE='2025-05-08T14:53:03.007934+00:00' AIRFLOW_CTX_TRY_NUMBER='1' AIRFLOW_CTX_DAG_RUN_ID='manual__2025-05-08T14:53:03.007934+00:00'
[2025-05-08T14:53:05.212+0000] {taskinstance.py:430} INFO - ::endgroup::
[2025-05-08T14:53:05.226+0000] {base.py:84} INFO - Using connection ID 'mysql' for task execution.
[2025-05-08T14:53:05.351+0000] {base.py:84} INFO - Using connection ID 'mysql' for task execution.
[2025-05-08T14:53:05.380+0000] {logging_mixin.py:188} WARNING - /home/***/.local/lib/python3.10/site-packages/***/providers/common/sql/hooks/sql.py:263 UserWarning: pandas only supports SQLAlchemy connectable (engine/connection) or database string URI or sqlite3 DBAPI2 connection. Other DBAPI2 objects are not tested. Please consider using SQLAlchemy.
[2025-05-08T14:53:06.353+0000] {base.py:84} INFO - Using connection ID 'postgres' for task execution.
[2025-05-08T14:53:11.859+0000] {logging_mixin.py:188} INFO - Extracted and saved order_items from MySQL to PostgreSQL staging
[2025-05-08T14:53:11.867+0000] {base.py:84} INFO - Using connection ID 'mysql' for task execution.
[2025-05-08T14:53:11.873+0000] {logging_mixin.py:188} WARNING - /home/***/.local/lib/python3.10/site-packages/***/providers/common/sql/hooks/sql.py:263 UserWarning: pandas only supports SQLAlchemy connectable (engine/connection) or database string URI or sqlite3 DBAPI2 connection. Other DBAPI2 objects are not tested. Please consider using SQLAlchemy.
[2025-05-08T14:53:12.721+0000] {base.py:84} INFO - Using connection ID 'postgres' for task execution.
[2025-05-08T14:53:16.792+0000] {logging_mixin.py:188} INFO - Extracted and saved order_reviews from MySQL to PostgreSQL staging
[2025-05-08T14:53:16.801+0000] {base.py:84} INFO - Using connection ID 'mysql' for task execution.
[2025-05-08T14:53:16.806+0000] {logging_mixin.py:188} WARNING - /home/***/.local/lib/python3.10/site-packages/***/providers/common/sql/hooks/sql.py:263 UserWarning: pandas only supports SQLAlchemy connectable (engine/connection) or database string URI or sqlite3 DBAPI2 connection. Other DBAPI2 objects are not tested. Please consider using SQLAlchemy.
[2025-05-08T14:53:17.382+0000] {base.py:84} INFO - Using connection ID 'postgres' for task execution.
[2025-05-08T14:53:18.464+0000] {logging_mixin.py:188} INFO - Extracted and saved customers from MySQL to PostgreSQL staging
[2025-05-08T14:53:18.474+0000] {base.py:84} INFO - Using connection ID 'mysql' for task execution.
[2025-05-08T14:53:18.479+0000] {logging_mixin.py:188} WARNING - /home/***/.local/lib/python3.10/site-packages/***/providers/common/sql/hooks/sql.py:263 UserWarning: pandas only supports SQLAlchemy connectable (engine/connection) or database string URI or sqlite3 DBAPI2 connection. Other DBAPI2 objects are not tested. Please consider using SQLAlchemy.
[2025-05-08T14:53:18.519+0000] {base.py:84} INFO - Using connection ID 'postgres' for task execution.
[2025-05-08T14:53:18.659+0000] {logging_mixin.py:188} INFO - Extracted and saved sellers from MySQL to PostgreSQL staging
[2025-05-08T14:53:18.668+0000] {base.py:84} INFO - Using connection ID 'mysql' for task execution.
[2025-05-08T14:53:18.675+0000] {logging_mixin.py:188} WARNING - /home/***/.local/lib/python3.10/site-packages/***/providers/common/sql/hooks/sql.py:263 UserWarning: pandas only supports SQLAlchemy connectable (engine/connection) or database string URI or sqlite3 DBAPI2 connection. Other DBAPI2 objects are not tested. Please consider using SQLAlchemy.
[2025-05-08T14:53:20.105+0000] {base.py:84} INFO - Using connection ID 'postgres' for task execution.
[2025-05-08T14:53:25.310+0000] {logging_mixin.py:188} INFO - Extracted and saved orders from MySQL to PostgreSQL staging
[2025-05-08T14:53:25.321+0000] {base.py:84} INFO - Using connection ID 'mysql' for task execution.
[2025-05-08T14:53:25.325+0000] {logging_mixin.py:188} WARNING - /home/***/.local/lib/python3.10/site-packages/***/providers/common/sql/hooks/sql.py:263 UserWarning: pandas only supports SQLAlchemy connectable (engine/connection) or database string URI or sqlite3 DBAPI2 connection. Other DBAPI2 objects are not tested. Please consider using SQLAlchemy.
[2025-05-08T14:53:28.732+0000] {base.py:84} INFO - Using connection ID 'postgres' for task execution.
[2025-05-08T14:53:57.315+0000] {logging_mixin.py:188} INFO - Extracted and saved geolocation from MySQL to PostgreSQL staging
[2025-05-08T14:53:57.330+0000] {base.py:84} INFO - Using connection ID 'mysql' for task execution.
[2025-05-08T14:53:57.344+0000] {logging_mixin.py:188} WARNING - /home/***/.local/lib/python3.10/site-packages/***/providers/common/sql/hooks/sql.py:263 UserWarning: pandas only supports SQLAlchemy connectable (engine/connection) or database string URI or sqlite3 DBAPI2 connection. Other DBAPI2 objects are not tested. Please consider using SQLAlchemy.
[2025-05-08T14:53:57.876+0000] {base.py:84} INFO - Using connection ID 'postgres' for task execution.
[2025-05-08T14:54:00.826+0000] {logging_mixin.py:188} INFO - Extracted and saved payments from MySQL to PostgreSQL staging
[2025-05-08T14:54:00.834+0000] {base.py:84} INFO - Using connection ID 'mysql' for task execution.
[2025-05-08T14:54:00.839+0000] {logging_mixin.py:188} WARNING - /home/***/.local/lib/python3.10/site-packages/***/providers/common/sql/hooks/sql.py:263 UserWarning: pandas only supports SQLAlchemy connectable (engine/connection) or database string URI or sqlite3 DBAPI2 connection. Other DBAPI2 objects are not tested. Please consider using SQLAlchemy.
[2025-05-08T14:54:00.860+0000] {base.py:84} INFO - Using connection ID 'postgres' for task execution.
[2025-05-08T14:54:00.920+0000] {logging_mixin.py:188} INFO - Extracted and saved product_category_name_translation from MySQL to PostgreSQL staging
[2025-05-08T14:54:00.927+0000] {base.py:84} INFO - Using connection ID 'mysql' for task execution.
[2025-05-08T14:54:00.932+0000] {logging_mixin.py:188} WARNING - /home/***/.local/lib/python3.10/site-packages/***/providers/common/sql/hooks/sql.py:263 UserWarning: pandas only supports SQLAlchemy connectable (engine/connection) or database string URI or sqlite3 DBAPI2 connection. Other DBAPI2 objects are not tested. Please consider using SQLAlchemy.
[2025-05-08T14:54:01.148+0000] {base.py:84} INFO - Using connection ID 'postgres' for task execution.
[2025-05-08T14:54:02.678+0000] {logging_mixin.py:188} INFO - Extracted and saved products from MySQL to PostgreSQL staging
[2025-05-08T14:54:02.679+0000] {logging_mixin.py:188} INFO - Done extracted data to staging
[2025-05-08T14:54:02.681+0000] {python.py:237} INFO - Done. Returned value was: None
[2025-05-08T14:54:02.682+0000] {taskinstance.py:441} INFO - ::group::Post task execution logs
[2025-05-08T14:54:02.692+0000] {taskinstance.py:1206} INFO - Marking task as SUCCESS. dag_id=e_commerce_dw_etl_decorator, task_id=extract.extract_and_load_to_staging, run_id=manual__2025-05-08T14:53:03.007934+00:00, execution_date=20250508T145303, start_date=20250508T145304, end_date=20250508T145402
[2025-05-08T14:54:02.737+0000] {local_task_job_runner.py:240} INFO - Task exited with return code 0
[2025-05-08T14:54:02.776+0000] {taskinstance.py:3503} INFO - 7 downstream tasks scheduled from follow-on schedule check
[2025-05-08T14:54:02.779+0000] {local_task_job_runner.py:222} INFO - ::endgroup::
