[2025-05-09T07:06:45.470+0000] {local_task_job_runner.py:120} INFO - ::group::Pre task execution logs
[2025-05-09T07:06:45.541+0000] {taskinstance.py:2076} INFO - Dependencies all met for dep_context=non-requeueable deps ti=<TaskInstance: e_commerce_dw_etl_decorator.extract.extract_and_load_to_staging scheduled__2025-05-08T00:00:00+00:00 [queued]>
[2025-05-09T07:06:45.557+0000] {taskinstance.py:2076} INFO - Dependencies all met for dep_context=requeueable deps ti=<TaskInstance: e_commerce_dw_etl_decorator.extract.extract_and_load_to_staging scheduled__2025-05-08T00:00:00+00:00 [queued]>
[2025-05-09T07:06:45.558+0000] {taskinstance.py:2306} INFO - Starting attempt 1 of 1
[2025-05-09T07:06:45.580+0000] {taskinstance.py:2330} INFO - Executing <Task(PythonOperator): extract.extract_and_load_to_staging> on 2025-05-08 00:00:00+00:00
[2025-05-09T07:06:45.591+0000] {standard_task_runner.py:63} INFO - Started process 221 to run task
[2025-05-09T07:06:45.597+0000] {standard_task_runner.py:90} INFO - Running: ['***', 'tasks', 'run', 'e_commerce_dw_etl_decorator', 'extract.extract_and_load_to_staging', 'scheduled__2025-05-08T00:00:00+00:00', '--job-id', '162', '--raw', '--subdir', 'DAGS_FOLDER/ecommerce_dw_dag.py', '--cfg-path', '/tmp/tmpgvgwo47g']
[2025-05-09T07:06:45.603+0000] {standard_task_runner.py:91} INFO - Job 162: Subtask extract.extract_and_load_to_staging
[2025-05-09T07:06:45.683+0000] {task_command.py:426} INFO - Running <TaskInstance: e_commerce_dw_etl_decorator.extract.extract_and_load_to_staging scheduled__2025-05-08T00:00:00+00:00 [running]> on host 335a73e8cf0f
[2025-05-09T07:06:46.152+0000] {taskinstance.py:2648} INFO - Exporting env vars: AIRFLOW_CTX_DAG_OWNER='***' AIRFLOW_CTX_DAG_ID='e_commerce_dw_etl_decorator' AIRFLOW_CTX_TASK_ID='extract.extract_and_load_to_staging' AIRFLOW_CTX_EXECUTION_DATE='2025-05-08T00:00:00+00:00' AIRFLOW_CTX_TRY_NUMBER='1' AIRFLOW_CTX_DAG_RUN_ID='scheduled__2025-05-08T00:00:00+00:00'
[2025-05-09T07:06:46.154+0000] {taskinstance.py:430} INFO - ::endgroup::
[2025-05-09T07:06:46.167+0000] {base.py:84} INFO - Using connection ID 'mysql' for task execution.
[2025-05-09T07:06:46.209+0000] {base.py:84} INFO - Using connection ID 'mysql' for task execution.
[2025-05-09T07:06:46.241+0000] {logging_mixin.py:188} WARNING - /home/***/.local/lib/python3.10/site-packages/***/providers/common/sql/hooks/sql.py:263 UserWarning: pandas only supports SQLAlchemy connectable (engine/connection) or database string URI or sqlite3 DBAPI2 connection. Other DBAPI2 objects are not tested. Please consider using SQLAlchemy.
[2025-05-09T07:06:47.841+0000] {base.py:84} INFO - Using connection ID 'postgres' for task execution.
[2025-05-09T07:06:53.745+0000] {logging_mixin.py:188} INFO - Extracted and saved orders from MySQL to PostgreSQL staging
[2025-05-09T07:06:53.755+0000] {base.py:84} INFO - Using connection ID 'mysql' for task execution.
[2025-05-09T07:06:53.761+0000] {logging_mixin.py:188} WARNING - /home/***/.local/lib/python3.10/site-packages/***/providers/common/sql/hooks/sql.py:263 UserWarning: pandas only supports SQLAlchemy connectable (engine/connection) or database string URI or sqlite3 DBAPI2 connection. Other DBAPI2 objects are not tested. Please consider using SQLAlchemy.
[2025-05-09T07:06:54.183+0000] {base.py:84} INFO - Using connection ID 'postgres' for task execution.
[2025-05-09T07:06:57.730+0000] {logging_mixin.py:188} INFO - Extracted and saved payments from MySQL to PostgreSQL staging
[2025-05-09T07:06:57.738+0000] {base.py:84} INFO - Using connection ID 'mysql' for task execution.
[2025-05-09T07:06:57.743+0000] {logging_mixin.py:188} WARNING - /home/***/.local/lib/python3.10/site-packages/***/providers/common/sql/hooks/sql.py:263 UserWarning: pandas only supports SQLAlchemy connectable (engine/connection) or database string URI or sqlite3 DBAPI2 connection. Other DBAPI2 objects are not tested. Please consider using SQLAlchemy.
[2025-05-09T07:06:57.769+0000] {base.py:84} INFO - Using connection ID 'postgres' for task execution.
[2025-05-09T07:06:57.836+0000] {logging_mixin.py:188} INFO - Extracted and saved product_category_name_translation from MySQL to PostgreSQL staging
[2025-05-09T07:06:57.846+0000] {base.py:84} INFO - Using connection ID 'mysql' for task execution.
[2025-05-09T07:06:57.852+0000] {logging_mixin.py:188} WARNING - /home/***/.local/lib/python3.10/site-packages/***/providers/common/sql/hooks/sql.py:263 UserWarning: pandas only supports SQLAlchemy connectable (engine/connection) or database string URI or sqlite3 DBAPI2 connection. Other DBAPI2 objects are not tested. Please consider using SQLAlchemy.
[2025-05-09T07:06:57.884+0000] {base.py:84} INFO - Using connection ID 'postgres' for task execution.
[2025-05-09T07:06:58.027+0000] {logging_mixin.py:188} INFO - Extracted and saved sellers from MySQL to PostgreSQL staging
[2025-05-09T07:06:58.034+0000] {base.py:84} INFO - Using connection ID 'mysql' for task execution.
[2025-05-09T07:06:58.038+0000] {logging_mixin.py:188} WARNING - /home/***/.local/lib/python3.10/site-packages/***/providers/common/sql/hooks/sql.py:263 UserWarning: pandas only supports SQLAlchemy connectable (engine/connection) or database string URI or sqlite3 DBAPI2 connection. Other DBAPI2 objects are not tested. Please consider using SQLAlchemy.
[2025-05-09T07:06:58.496+0000] {base.py:84} INFO - Using connection ID 'postgres' for task execution.
[2025-05-09T07:07:00.942+0000] {logging_mixin.py:188} INFO - Extracted and saved customers from MySQL to PostgreSQL staging
[2025-05-09T07:07:00.966+0000] {base.py:84} INFO - Using connection ID 'mysql' for task execution.
[2025-05-09T07:07:00.979+0000] {logging_mixin.py:188} WARNING - /home/***/.local/lib/python3.10/site-packages/***/providers/common/sql/hooks/sql.py:263 UserWarning: pandas only supports SQLAlchemy connectable (engine/connection) or database string URI or sqlite3 DBAPI2 connection. Other DBAPI2 objects are not tested. Please consider using SQLAlchemy.
[2025-05-09T07:07:01.596+0000] {base.py:84} INFO - Using connection ID 'postgres' for task execution.
[2025-05-09T07:07:05.446+0000] {logging_mixin.py:188} INFO - Extracted and saved order_reviews from MySQL to PostgreSQL staging
[2025-05-09T07:07:05.457+0000] {base.py:84} INFO - Using connection ID 'mysql' for task execution.
[2025-05-09T07:07:05.468+0000] {logging_mixin.py:188} WARNING - /home/***/.local/lib/python3.10/site-packages/***/providers/common/sql/hooks/sql.py:263 UserWarning: pandas only supports SQLAlchemy connectable (engine/connection) or database string URI or sqlite3 DBAPI2 connection. Other DBAPI2 objects are not tested. Please consider using SQLAlchemy.
[2025-05-09T07:07:05.683+0000] {base.py:84} INFO - Using connection ID 'postgres' for task execution.
[2025-05-09T07:07:07.120+0000] {logging_mixin.py:188} INFO - Extracted and saved products from MySQL to PostgreSQL staging
[2025-05-09T07:07:07.127+0000] {base.py:84} INFO - Using connection ID 'mysql' for task execution.
[2025-05-09T07:07:07.132+0000] {logging_mixin.py:188} WARNING - /home/***/.local/lib/python3.10/site-packages/***/providers/common/sql/hooks/sql.py:263 UserWarning: pandas only supports SQLAlchemy connectable (engine/connection) or database string URI or sqlite3 DBAPI2 connection. Other DBAPI2 objects are not tested. Please consider using SQLAlchemy.
[2025-05-09T07:07:09.365+0000] {base.py:84} INFO - Using connection ID 'postgres' for task execution.
[2025-05-09T07:07:36.706+0000] {logging_mixin.py:188} INFO - Extracted and saved geolocation from MySQL to PostgreSQL staging
[2025-05-09T07:07:36.714+0000] {base.py:84} INFO - Using connection ID 'mysql' for task execution.
[2025-05-09T07:07:36.719+0000] {logging_mixin.py:188} WARNING - /home/***/.local/lib/python3.10/site-packages/***/providers/common/sql/hooks/sql.py:263 UserWarning: pandas only supports SQLAlchemy connectable (engine/connection) or database string URI or sqlite3 DBAPI2 connection. Other DBAPI2 objects are not tested. Please consider using SQLAlchemy.
[2025-05-09T07:07:37.171+0000] {base.py:84} INFO - Using connection ID 'postgres' for task execution.
[2025-05-09T07:07:40.969+0000] {logging_mixin.py:188} INFO - Extracted and saved order_items from MySQL to PostgreSQL staging
[2025-05-09T07:07:40.970+0000] {logging_mixin.py:188} INFO - Done extracted data to staging
[2025-05-09T07:07:40.999+0000] {python.py:237} INFO - Done. Returned value was: None
[2025-05-09T07:07:41.001+0000] {taskinstance.py:441} INFO - ::group::Post task execution logs
[2025-05-09T07:07:41.014+0000] {taskinstance.py:1206} INFO - Marking task as SUCCESS. dag_id=e_commerce_dw_etl_decorator, task_id=extract.extract_and_load_to_staging, run_id=scheduled__2025-05-08T00:00:00+00:00, execution_date=20250508T000000, start_date=20250509T070645, end_date=20250509T070741
[2025-05-09T07:07:41.058+0000] {local_task_job_runner.py:240} INFO - Task exited with return code 0
[2025-05-09T07:07:41.106+0000] {taskinstance.py:3503} INFO - 7 downstream tasks scheduled from follow-on schedule check
[2025-05-09T07:07:41.109+0000] {local_task_job_runner.py:222} INFO - ::endgroup::
