[2025-05-08T15:11:43.943+0000] {local_task_job_runner.py:120} INFO - ::group::Pre task execution logs
[2025-05-08T15:11:43.991+0000] {taskinstance.py:2076} INFO - Dependencies all met for dep_context=non-requeueable deps ti=<TaskInstance: e_commerce_dw_etl_decorator.transform.transform_dim_sellers manual__2025-05-08T15:10:54.446886+00:00 [queued]>
[2025-05-08T15:11:44.004+0000] {taskinstance.py:2076} INFO - Dependencies all met for dep_context=requeueable deps ti=<TaskInstance: e_commerce_dw_etl_decorator.transform.transform_dim_sellers manual__2025-05-08T15:10:54.446886+00:00 [queued]>
[2025-05-08T15:11:44.005+0000] {taskinstance.py:2306} INFO - Starting attempt 1 of 1
[2025-05-08T15:11:44.028+0000] {taskinstance.py:2330} INFO - Executing <Task(PythonOperator): transform.transform_dim_sellers> on 2025-05-08 15:10:54.446886+00:00
[2025-05-08T15:11:44.040+0000] {standard_task_runner.py:63} INFO - Started process 11683 to run task
[2025-05-08T15:11:44.044+0000] {standard_task_runner.py:90} INFO - Running: ['***', 'tasks', 'run', 'e_commerce_dw_etl_decorator', 'transform.transform_dim_sellers', 'manual__2025-05-08T15:10:54.446886+00:00', '--job-id', '134', '--raw', '--subdir', 'DAGS_FOLDER/ecommerce_dw_dag.py', '--cfg-path', '/tmp/tmps1uu2pww']
[2025-05-08T15:11:44.048+0000] {standard_task_runner.py:91} INFO - Job 134: Subtask transform.transform_dim_sellers
[2025-05-08T15:11:44.139+0000] {task_command.py:426} INFO - Running <TaskInstance: e_commerce_dw_etl_decorator.transform.transform_dim_sellers manual__2025-05-08T15:10:54.446886+00:00 [running]> on host ebff8b55cad8
[2025-05-08T15:11:44.301+0000] {taskinstance.py:2648} INFO - Exporting env vars: AIRFLOW_CTX_DAG_OWNER='***' AIRFLOW_CTX_DAG_ID='e_commerce_dw_etl_decorator' AIRFLOW_CTX_TASK_ID='transform.transform_dim_sellers' AIRFLOW_CTX_EXECUTION_DATE='2025-05-08T15:10:54.446886+00:00' AIRFLOW_CTX_TRY_NUMBER='1' AIRFLOW_CTX_DAG_RUN_ID='manual__2025-05-08T15:10:54.446886+00:00'
[2025-05-08T15:11:44.303+0000] {taskinstance.py:430} INFO - ::endgroup::
[2025-05-08T15:11:44.317+0000] {base.py:84} INFO - Using connection ID 'postgres' for task execution.
[2025-05-08T15:11:44.340+0000] {logging_mixin.py:188} WARNING - /home/***/.local/lib/python3.10/site-packages/***/providers/common/sql/hooks/sql.py:263 UserWarning: pandas only supports SQLAlchemy connectable (engine/connection) or database string URI or sqlite3 DBAPI2 connection. Other DBAPI2 objects are not tested. Please consider using SQLAlchemy.
[2025-05-08T15:11:44.461+0000] {logging_mixin.py:188} INFO - Transformed and saved data to dim_sellers
[2025-05-08T15:11:44.464+0000] {python.py:237} INFO - Done. Returned value was: None
[2025-05-08T15:11:44.464+0000] {taskinstance.py:441} INFO - ::group::Post task execution logs
[2025-05-08T15:11:44.479+0000] {taskinstance.py:1206} INFO - Marking task as SUCCESS. dag_id=e_commerce_dw_etl_decorator, task_id=transform.transform_dim_sellers, run_id=manual__2025-05-08T15:10:54.446886+00:00, execution_date=20250508T151054, start_date=20250508T151143, end_date=20250508T151144
[2025-05-08T15:11:44.546+0000] {local_task_job_runner.py:240} INFO - Task exited with return code 0
[2025-05-08T15:11:44.604+0000] {taskinstance.py:3503} INFO - 0 downstream tasks scheduled from follow-on schedule check
[2025-05-08T15:11:44.611+0000] {local_task_job_runner.py:222} INFO - ::endgroup::
