[2025-05-09T07:07:41.707+0000] {local_task_job_runner.py:120} INFO - ::group::Pre task execution logs
[2025-05-09T07:07:41.751+0000] {taskinstance.py:2076} INFO - Dependencies all met for dep_context=non-requeueable deps ti=<TaskInstance: e_commerce_dw_etl_decorator.transform.transform_dim_products scheduled__2025-05-08T00:00:00+00:00 [queued]>
[2025-05-09T07:07:41.762+0000] {taskinstance.py:2076} INFO - Dependencies all met for dep_context=requeueable deps ti=<TaskInstance: e_commerce_dw_etl_decorator.transform.transform_dim_products scheduled__2025-05-08T00:00:00+00:00 [queued]>
[2025-05-09T07:07:41.763+0000] {taskinstance.py:2306} INFO - Starting attempt 1 of 1
[2025-05-09T07:07:41.787+0000] {taskinstance.py:2330} INFO - Executing <Task(PythonOperator): transform.transform_dim_products> on 2025-05-08 00:00:00+00:00
[2025-05-09T07:07:41.796+0000] {standard_task_runner.py:63} INFO - Started process 274 to run task
[2025-05-09T07:07:41.799+0000] {standard_task_runner.py:90} INFO - Running: ['***', 'tasks', 'run', 'e_commerce_dw_etl_decorator', 'transform.transform_dim_products', 'scheduled__2025-05-08T00:00:00+00:00', '--job-id', '172', '--raw', '--subdir', 'DAGS_FOLDER/ecommerce_dw_dag.py', '--cfg-path', '/tmp/tmpyvukx9dq']
[2025-05-09T07:07:41.802+0000] {standard_task_runner.py:91} INFO - Job 172: Subtask transform.transform_dim_products
[2025-05-09T07:07:41.872+0000] {task_command.py:426} INFO - Running <TaskInstance: e_commerce_dw_etl_decorator.transform.transform_dim_products scheduled__2025-05-08T00:00:00+00:00 [running]> on host 335a73e8cf0f
[2025-05-09T07:07:42.343+0000] {taskinstance.py:2648} INFO - Exporting env vars: AIRFLOW_CTX_DAG_OWNER='***' AIRFLOW_CTX_DAG_ID='e_commerce_dw_etl_decorator' AIRFLOW_CTX_TASK_ID='transform.transform_dim_products' AIRFLOW_CTX_EXECUTION_DATE='2025-05-08T00:00:00+00:00' AIRFLOW_CTX_TRY_NUMBER='1' AIRFLOW_CTX_DAG_RUN_ID='scheduled__2025-05-08T00:00:00+00:00'
[2025-05-09T07:07:42.344+0000] {taskinstance.py:430} INFO - ::endgroup::
[2025-05-09T07:07:42.355+0000] {base.py:84} INFO - Using connection ID 'postgres' for task execution.
[2025-05-09T07:07:42.371+0000] {logging_mixin.py:188} WARNING - /home/***/.local/lib/python3.10/site-packages/***/providers/common/sql/hooks/sql.py:263 UserWarning: pandas only supports SQLAlchemy connectable (engine/connection) or database string URI or sqlite3 DBAPI2 connection. Other DBAPI2 objects are not tested. Please consider using SQLAlchemy.
[2025-05-09T07:07:42.579+0000] {base.py:84} INFO - Using connection ID 'postgres' for task execution.
[2025-05-09T07:07:42.591+0000] {logging_mixin.py:188} WARNING - /home/***/.local/lib/python3.10/site-packages/***/providers/common/sql/hooks/sql.py:263 UserWarning: pandas only supports SQLAlchemy connectable (engine/connection) or database string URI or sqlite3 DBAPI2 connection. Other DBAPI2 objects are not tested. Please consider using SQLAlchemy.
[2025-05-09T07:07:42.742+0000] {logging_mixin.py:188} INFO - Transformed and Saved data to dim_products
[2025-05-09T07:07:42.753+0000] {python.py:237} INFO - Done. Returned value was: None
[2025-05-09T07:07:42.755+0000] {taskinstance.py:441} INFO - ::group::Post task execution logs
[2025-05-09T07:07:42.774+0000] {taskinstance.py:1206} INFO - Marking task as SUCCESS. dag_id=e_commerce_dw_etl_decorator, task_id=transform.transform_dim_products, run_id=scheduled__2025-05-08T00:00:00+00:00, execution_date=20250508T000000, start_date=20250509T070741, end_date=20250509T070742
[2025-05-09T07:07:42.858+0000] {local_task_job_runner.py:240} INFO - Task exited with return code 0
[2025-05-09T07:07:42.896+0000] {taskinstance.py:3503} INFO - 0 downstream tasks scheduled from follow-on schedule check
[2025-05-09T07:07:42.902+0000] {local_task_job_runner.py:222} INFO - ::endgroup::
