[2025-05-08T15:18:15.118+0000] {local_task_job_runner.py:120} INFO - ::group::Pre task execution logs
[2025-05-08T15:18:15.164+0000] {taskinstance.py:2076} INFO - Dependencies all met for dep_context=non-requeueable deps ti=<TaskInstance: e_commerce_dw_etl_decorator.transform.transform_dim_payments manual__2025-05-08T15:17:25.111912+00:00 [queued]>
[2025-05-08T15:18:15.181+0000] {taskinstance.py:2076} INFO - Dependencies all met for dep_context=requeueable deps ti=<TaskInstance: e_commerce_dw_etl_decorator.transform.transform_dim_payments manual__2025-05-08T15:17:25.111912+00:00 [queued]>
[2025-05-08T15:18:15.182+0000] {taskinstance.py:2306} INFO - Starting attempt 1 of 1
[2025-05-08T15:18:15.205+0000] {taskinstance.py:2330} INFO - Executing <Task(PythonOperator): transform.transform_dim_payments> on 2025-05-08 15:17:25.111912+00:00
[2025-05-08T15:18:15.217+0000] {standard_task_runner.py:63} INFO - Started process 12191 to run task
[2025-05-08T15:18:15.222+0000] {standard_task_runner.py:90} INFO - Running: ['***', 'tasks', 'run', 'e_commerce_dw_etl_decorator', 'transform.transform_dim_payments', 'manual__2025-05-08T15:17:25.111912+00:00', '--job-id', '146', '--raw', '--subdir', 'DAGS_FOLDER/ecommerce_dw_dag.py', '--cfg-path', '/tmp/tmpzsn1dwds']
[2025-05-08T15:18:15.226+0000] {standard_task_runner.py:91} INFO - Job 146: Subtask transform.transform_dim_payments
[2025-05-08T15:18:15.305+0000] {task_command.py:426} INFO - Running <TaskInstance: e_commerce_dw_etl_decorator.transform.transform_dim_payments manual__2025-05-08T15:17:25.111912+00:00 [running]> on host ebff8b55cad8
[2025-05-08T15:18:15.454+0000] {taskinstance.py:2648} INFO - Exporting env vars: AIRFLOW_CTX_DAG_OWNER='***' AIRFLOW_CTX_DAG_ID='e_commerce_dw_etl_decorator' AIRFLOW_CTX_TASK_ID='transform.transform_dim_payments' AIRFLOW_CTX_EXECUTION_DATE='2025-05-08T15:17:25.111912+00:00' AIRFLOW_CTX_TRY_NUMBER='1' AIRFLOW_CTX_DAG_RUN_ID='manual__2025-05-08T15:17:25.111912+00:00'
[2025-05-08T15:18:15.456+0000] {taskinstance.py:430} INFO - ::endgroup::
[2025-05-08T15:18:15.471+0000] {base.py:84} INFO - Using connection ID 'postgres' for task execution.
[2025-05-08T15:18:15.510+0000] {logging_mixin.py:188} WARNING - /home/***/.local/lib/python3.10/site-packages/***/providers/common/sql/hooks/sql.py:263 UserWarning: pandas only supports SQLAlchemy connectable (engine/connection) or database string URI or sqlite3 DBAPI2 connection. Other DBAPI2 objects are not tested. Please consider using SQLAlchemy.
[2025-05-08T15:18:15.969+0000] {logging_mixin.py:188} INFO - Transformed and loaded data to dim_payments
[2025-05-08T15:18:15.970+0000] {python.py:237} INFO - Done. Returned value was: None
[2025-05-08T15:18:15.970+0000] {taskinstance.py:441} INFO - ::group::Post task execution logs
[2025-05-08T15:18:15.984+0000] {taskinstance.py:1206} INFO - Marking task as SUCCESS. dag_id=e_commerce_dw_etl_decorator, task_id=transform.transform_dim_payments, run_id=manual__2025-05-08T15:17:25.111912+00:00, execution_date=20250508T151725, start_date=20250508T151815, end_date=20250508T151815
[2025-05-08T15:18:16.052+0000] {local_task_job_runner.py:240} INFO - Task exited with return code 0
[2025-05-08T15:18:16.096+0000] {taskinstance.py:3503} INFO - 0 downstream tasks scheduled from follow-on schedule check
[2025-05-08T15:18:16.101+0000] {local_task_job_runner.py:222} INFO - ::endgroup::
