[2025-05-08T08:22:01.244+0000] {local_task_job_runner.py:120} INFO - ::group::Pre task execution logs
[2025-05-08T08:22:01.373+0000] {taskinstance.py:2076} INFO - Dependencies all met for dep_context=non-requeueable deps ti=<TaskInstance: dag_with_taskflow_api.query_mysql_v1 scheduled__2025-05-07T00:00:00+00:00 [queued]>
[2025-05-08T08:22:01.412+0000] {taskinstance.py:2076} INFO - Dependencies all met for dep_context=requeueable deps ti=<TaskInstance: dag_with_taskflow_api.query_mysql_v1 scheduled__2025-05-07T00:00:00+00:00 [queued]>
[2025-05-08T08:22:01.417+0000] {taskinstance.py:2306} INFO - Starting attempt 1 of 2
[2025-05-08T08:22:01.493+0000] {taskinstance.py:2330} INFO - Executing <Task(_PythonDecoratedOperator): query_mysql_v1> on 2025-05-07 00:00:00+00:00
[2025-05-08T08:22:01.520+0000] {standard_task_runner.py:63} INFO - Started process 222 to run task
[2025-05-08T08:22:01.524+0000] {standard_task_runner.py:90} INFO - Running: ['***', 'tasks', 'run', 'dag_with_taskflow_api', 'query_mysql_v1', 'scheduled__2025-05-07T00:00:00+00:00', '--job-id', '89', '--raw', '--subdir', 'DAGS_FOLDER/dag_with_taskflow_api.py', '--cfg-path', '/tmp/tmpu4k4p714']
[2025-05-08T08:22:01.530+0000] {standard_task_runner.py:91} INFO - Job 89: Subtask query_mysql_v1
[2025-05-08T08:22:01.698+0000] {task_command.py:426} INFO - Running <TaskInstance: dag_with_taskflow_api.query_mysql_v1 scheduled__2025-05-07T00:00:00+00:00 [running]> on host b2908af8ea4e
[2025-05-08T08:22:01.956+0000] {taskinstance.py:2648} INFO - Exporting env vars: AIRFLOW_CTX_DAG_OWNER='***' AIRFLOW_CTX_DAG_ID='dag_with_taskflow_api' AIRFLOW_CTX_TASK_ID='query_mysql_v1' AIRFLOW_CTX_EXECUTION_DATE='2025-05-07T00:00:00+00:00' AIRFLOW_CTX_TRY_NUMBER='1' AIRFLOW_CTX_DAG_RUN_ID='scheduled__2025-05-07T00:00:00+00:00'
[2025-05-08T08:22:01.957+0000] {taskinstance.py:430} INFO - ::endgroup::
[2025-05-08T08:22:01.978+0000] {base.py:84} INFO - Using connection ID 'mysql' for task execution.
[2025-05-08T08:22:02.032+0000] {sql.py:487} INFO - Running statement: 
            SELECT geolocation_zip_code_prefix, COUNT(*) AS so_lan_xuat_hien
            FROM geolocation g 
            GROUP BY geolocation_zip_code_prefix 
            HAVING COUNT(*) > 1
            LIMIT 10;
        , parameters: None
[2025-05-08T08:22:03.709+0000] {sql.py:496} INFO - Rows affected: 10
[2025-05-08T08:22:03.712+0000] {logging_mixin.py:188} INFO - Query geolocation table: ((1037, 26), (1046, 141), (1041, 25), (1035, 39), (1012, 17), (1047, 42), (1013, 20), (1029, 8), (1011, 21), (1032, 45))
[2025-05-08T08:22:03.713+0000] {python.py:237} INFO - Done. Returned value was: {'result': ((1037, 26), (1046, 141), (1041, 25), (1035, 39), (1012, 17), (1047, 42), (1013, 20), (1029, 8), (1011, 21), (1032, 45))}
[2025-05-08T08:22:03.714+0000] {taskinstance.py:441} INFO - ::group::Post task execution logs
[2025-05-08T08:22:03.762+0000] {taskinstance.py:1206} INFO - Marking task as SUCCESS. dag_id=dag_with_taskflow_api, task_id=query_mysql_v1, run_id=scheduled__2025-05-07T00:00:00+00:00, execution_date=20250507T000000, start_date=20250508T082201, end_date=20250508T082203
[2025-05-08T08:22:03.817+0000] {local_task_job_runner.py:240} INFO - Task exited with return code 0
[2025-05-08T08:22:03.869+0000] {taskinstance.py:3503} INFO - 0 downstream tasks scheduled from follow-on schedule check
[2025-05-08T08:22:03.873+0000] {local_task_job_runner.py:222} INFO - ::endgroup::
