[2025-05-09T07:07:47.831+0000] {local_task_job_runner.py:120} INFO - ::group::Pre task execution logs
[2025-05-09T07:07:47.897+0000] {taskinstance.py:2076} INFO - Dependencies all met for dep_context=non-requeueable deps ti=<TaskInstance: e_commerce_dw_etl_decorator.load.load_dim_geolocation scheduled__2025-05-08T00:00:00+00:00 [queued]>
[2025-05-09T07:07:47.918+0000] {taskinstance.py:2076} INFO - Dependencies all met for dep_context=requeueable deps ti=<TaskInstance: e_commerce_dw_etl_decorator.load.load_dim_geolocation scheduled__2025-05-08T00:00:00+00:00 [queued]>
[2025-05-09T07:07:47.919+0000] {taskinstance.py:2306} INFO - Starting attempt 1 of 1
[2025-05-09T07:07:47.942+0000] {taskinstance.py:2330} INFO - Executing <Task(PythonOperator): load.load_dim_geolocation> on 2025-05-08 00:00:00+00:00
[2025-05-09T07:07:47.955+0000] {standard_task_runner.py:63} INFO - Started process 340 to run task
[2025-05-09T07:07:47.961+0000] {standard_task_runner.py:90} INFO - Running: ['***', 'tasks', 'run', 'e_commerce_dw_etl_decorator', 'load.load_dim_geolocation', 'scheduled__2025-05-08T00:00:00+00:00', '--job-id', '176', '--raw', '--subdir', 'DAGS_FOLDER/ecommerce_dw_dag.py', '--cfg-path', '/tmp/tmppcs3qx1t']
[2025-05-09T07:07:47.965+0000] {standard_task_runner.py:91} INFO - Job 176: Subtask load.load_dim_geolocation
[2025-05-09T07:07:48.041+0000] {task_command.py:426} INFO - Running <TaskInstance: e_commerce_dw_etl_decorator.load.load_dim_geolocation scheduled__2025-05-08T00:00:00+00:00 [running]> on host 335a73e8cf0f
[2025-05-09T07:07:48.232+0000] {taskinstance.py:2648} INFO - Exporting env vars: AIRFLOW_CTX_DAG_OWNER='***' AIRFLOW_CTX_DAG_ID='e_commerce_dw_etl_decorator' AIRFLOW_CTX_TASK_ID='load.load_dim_geolocation' AIRFLOW_CTX_EXECUTION_DATE='2025-05-08T00:00:00+00:00' AIRFLOW_CTX_TRY_NUMBER='1' AIRFLOW_CTX_DAG_RUN_ID='scheduled__2025-05-08T00:00:00+00:00'
[2025-05-09T07:07:48.233+0000] {taskinstance.py:430} INFO - ::endgroup::
[2025-05-09T07:07:48.236+0000] {logging_mixin.py:188} INFO - Loading latest file: /tmp/dim_geolocation_09May2025.parquet
[2025-05-09T07:07:48.404+0000] {base.py:84} INFO - Using connection ID 'postgres' for task execution.
[2025-05-09T07:07:49.715+0000] {logging_mixin.py:188} INFO - Loaded data to dim_geolocation successfully.
[2025-05-09T07:07:49.717+0000] {python.py:237} INFO - Done. Returned value was: None
[2025-05-09T07:07:49.717+0000] {taskinstance.py:441} INFO - ::group::Post task execution logs
[2025-05-09T07:07:49.728+0000] {taskinstance.py:1206} INFO - Marking task as SUCCESS. dag_id=e_commerce_dw_etl_decorator, task_id=load.load_dim_geolocation, run_id=scheduled__2025-05-08T00:00:00+00:00, execution_date=20250508T000000, start_date=20250509T070747, end_date=20250509T070749
[2025-05-09T07:07:49.778+0000] {local_task_job_runner.py:240} INFO - Task exited with return code 0
[2025-05-09T07:07:49.797+0000] {taskinstance.py:3503} INFO - 0 downstream tasks scheduled from follow-on schedule check
[2025-05-09T07:07:49.800+0000] {local_task_job_runner.py:222} INFO - ::endgroup::
