[2025-05-08T14:59:41.903+0000] {local_task_job_runner.py:120} INFO - ::group::Pre task execution logs
[2025-05-08T14:59:41.974+0000] {taskinstance.py:2076} INFO - Dependencies all met for dep_context=non-requeueable deps ti=<TaskInstance: e_commerce_dw_etl_decorator.load.load_dim_sellers manual__2025-05-08T14:58:40.551626+00:00 [queued]>
[2025-05-08T14:59:42.006+0000] {taskinstance.py:2076} INFO - Dependencies all met for dep_context=requeueable deps ti=<TaskInstance: e_commerce_dw_etl_decorator.load.load_dim_sellers manual__2025-05-08T14:58:40.551626+00:00 [queued]>
[2025-05-08T14:59:42.007+0000] {taskinstance.py:2306} INFO - Starting attempt 1 of 1
[2025-05-08T14:59:42.093+0000] {taskinstance.py:2330} INFO - Executing <Task(PythonOperator): load.load_dim_sellers> on 2025-05-08 14:58:40.551626+00:00
[2025-05-08T14:59:42.107+0000] {standard_task_runner.py:63} INFO - Started process 10869 to run task
[2025-05-08T14:59:42.111+0000] {standard_task_runner.py:90} INFO - Running: ['***', 'tasks', 'run', 'e_commerce_dw_etl_decorator', 'load.load_dim_sellers', 'manual__2025-05-08T14:58:40.551626+00:00', '--job-id', '122', '--raw', '--subdir', 'DAGS_FOLDER/ecommerce_dw_dag.py', '--cfg-path', '/tmp/tmpug44wnuk']
[2025-05-08T14:59:42.126+0000] {standard_task_runner.py:91} INFO - Job 122: Subtask load.load_dim_sellers
[2025-05-08T14:59:42.268+0000] {task_command.py:426} INFO - Running <TaskInstance: e_commerce_dw_etl_decorator.load.load_dim_sellers manual__2025-05-08T14:58:40.551626+00:00 [running]> on host ebff8b55cad8
[2025-05-08T14:59:42.511+0000] {taskinstance.py:2648} INFO - Exporting env vars: AIRFLOW_CTX_DAG_OWNER='***' AIRFLOW_CTX_DAG_ID='e_commerce_dw_etl_decorator' AIRFLOW_CTX_TASK_ID='load.load_dim_sellers' AIRFLOW_CTX_EXECUTION_DATE='2025-05-08T14:58:40.551626+00:00' AIRFLOW_CTX_TRY_NUMBER='1' AIRFLOW_CTX_DAG_RUN_ID='manual__2025-05-08T14:58:40.551626+00:00'
[2025-05-08T14:59:42.514+0000] {taskinstance.py:430} INFO - ::endgroup::
[2025-05-08T14:59:42.516+0000] {logging_mixin.py:188} INFO - Loading latest file: /tmp/dim_sellers_08May2025.parquet
[2025-05-08T14:59:42.745+0000] {base.py:84} INFO - Using connection ID 'postgres' for task execution.
[2025-05-08T14:59:43.346+0000] {logging_mixin.py:188} INFO - Loaded data to dim_sellers successfully.
[2025-05-08T14:59:43.347+0000] {python.py:237} INFO - Done. Returned value was: None
[2025-05-08T14:59:43.349+0000] {taskinstance.py:441} INFO - ::group::Post task execution logs
[2025-05-08T14:59:43.362+0000] {taskinstance.py:1206} INFO - Marking task as SUCCESS. dag_id=e_commerce_dw_etl_decorator, task_id=load.load_dim_sellers, run_id=manual__2025-05-08T14:58:40.551626+00:00, execution_date=20250508T145840, start_date=20250508T145941, end_date=20250508T145943
[2025-05-08T14:59:43.412+0000] {local_task_job_runner.py:240} INFO - Task exited with return code 0
[2025-05-08T14:59:43.435+0000] {taskinstance.py:3503} INFO - 0 downstream tasks scheduled from follow-on schedule check
[2025-05-08T14:59:43.438+0000] {local_task_job_runner.py:222} INFO - ::endgroup::
