[2025-04-29T07:49:57.289+0000] {manager.py:470} INFO - Processing files using up to 2 processes at a time 
[2025-04-29T07:49:57.290+0000] {manager.py:471} INFO - Process each file at most once every 30 seconds
[2025-04-29T07:49:57.291+0000] {manager.py:472} INFO - Checking for new files in /opt/airflow/dags every 300 seconds
[2025-04-29T07:49:57.292+0000] {manager.py:737} INFO - Searching for files in /opt/airflow/dags
[2025-04-29T07:49:57.295+0000] {manager.py:740} INFO - There are 0 files in /opt/airflow/dags
[2025-04-29T07:49:58.813+0000] {manager.py:452} INFO - Exiting gracefully upon receiving signal 15
[2025-04-29T07:51:26.780+0000] {manager.py:470} INFO - Processing files using up to 2 processes at a time 
[2025-04-29T07:51:26.781+0000] {manager.py:471} INFO - Process each file at most once every 30 seconds
[2025-04-29T07:51:26.782+0000] {manager.py:472} INFO - Checking for new files in /opt/airflow/dags every 300 seconds
[2025-04-29T07:51:26.783+0000] {manager.py:737} INFO - Searching for files in /opt/airflow/dags
[2025-04-29T07:51:26.787+0000] {manager.py:740} INFO - There are 0 files in /opt/airflow/dags
[2025-04-29T07:56:26.963+0000] {manager.py:737} INFO - Searching for files in /opt/airflow/dags
[2025-04-29T07:56:26.967+0000] {manager.py:740} INFO - There are 0 files in /opt/airflow/dags
[2025-04-29T08:05:52.720+0000] {manager.py:470} INFO - Processing files using up to 2 processes at a time 
[2025-04-29T08:05:52.722+0000] {manager.py:471} INFO - Process each file at most once every 30 seconds
[2025-04-29T08:05:52.723+0000] {manager.py:472} INFO - Checking for new files in /opt/airflow/dags every 300 seconds
[2025-04-29T08:05:52.724+0000] {manager.py:737} INFO - Searching for files in /opt/airflow/dags
[2025-04-29T08:05:52.733+0000] {manager.py:740} INFO - There are 0 files in /opt/airflow/dags
[2025-04-29T08:08:20.473+0000] {manager.py:470} INFO - Processing files using up to 2 processes at a time 
[2025-04-29T08:08:20.474+0000] {manager.py:471} INFO - Process each file at most once every 30 seconds
[2025-04-29T08:08:20.475+0000] {manager.py:472} INFO - Checking for new files in /opt/airflow/dags every 300 seconds
[2025-04-29T08:08:20.476+0000] {manager.py:737} INFO - Searching for files in /opt/airflow/dags
[2025-04-29T08:08:20.485+0000] {manager.py:740} INFO - There are 0 files in /opt/airflow/dags
[2025-04-29T08:13:21.268+0000] {manager.py:737} INFO - Searching for files in /opt/airflow/dags
[2025-04-29T08:13:21.285+0000] {manager.py:740} INFO - There are 0 files in /opt/airflow/dags
[2025-04-29T08:18:00.638+0000] {manager.py:452} INFO - Exiting gracefully upon receiving signal 15
[2025-05-04T02:16:36.155+0000] {manager.py:470} INFO - Processing files using up to 2 processes at a time 
[2025-05-04T02:16:36.204+0000] {manager.py:471} INFO - Process each file at most once every 30 seconds
[2025-05-04T02:16:36.204+0000] {manager.py:472} INFO - Checking for new files in /opt/airflow/dags every 300 seconds
[2025-05-04T02:16:36.206+0000] {manager.py:737} INFO - Searching for files in /opt/airflow/dags
[2025-05-04T02:16:36.223+0000] {manager.py:740} INFO - There are 0 files in /opt/airflow/dags
[2025-05-04T02:21:36.640+0000] {manager.py:737} INFO - Searching for files in /opt/airflow/dags
[2025-05-04T02:21:36.656+0000] {manager.py:740} INFO - There are 0 files in /opt/airflow/dags
[2025-05-04T02:26:37.069+0000] {manager.py:737} INFO - Searching for files in /opt/airflow/dags
[2025-05-04T02:26:37.079+0000] {manager.py:740} INFO - There are 0 files in /opt/airflow/dags
[2025-05-04T02:27:52.932+0000] {manager.py:452} INFO - Exiting gracefully upon receiving signal 15
[2025-05-04T02:32:17.619+0000] {manager.py:470} INFO - Processing files using up to 2 processes at a time 
[2025-05-04T02:32:17.658+0000] {manager.py:471} INFO - Process each file at most once every 30 seconds
[2025-05-04T02:32:17.660+0000] {manager.py:472} INFO - Checking for new files in /opt/airflow/dags every 300 seconds
[2025-05-04T02:32:17.661+0000] {manager.py:737} INFO - Searching for files in /opt/airflow/dags
[2025-05-04T02:32:17.668+0000] {manager.py:740} INFO - There are 0 files in /opt/airflow/dags
[2025-05-04T02:34:10.292+0000] {manager.py:452} INFO - Exiting gracefully upon receiving signal 15
[2025-05-04T02:35:49.014+0000] {manager.py:470} INFO - Processing files using up to 2 processes at a time 
[2025-05-04T02:35:49.015+0000] {manager.py:471} INFO - Process each file at most once every 30 seconds
[2025-05-04T02:35:49.016+0000] {manager.py:472} INFO - Checking for new files in /opt/airflow/dags every 300 seconds
[2025-05-04T02:35:49.017+0000] {manager.py:737} INFO - Searching for files in /opt/airflow/dags
[2025-05-04T02:35:49.025+0000] {manager.py:740} INFO - There are 0 files in /opt/airflow/dags
[2025-05-04T02:40:49.720+0000] {manager.py:737} INFO - Searching for files in /opt/airflow/dags
[2025-05-04T02:40:49.730+0000] {manager.py:740} INFO - There are 0 files in /opt/airflow/dags
[2025-05-04T02:45:50.515+0000] {manager.py:737} INFO - Searching for files in /opt/airflow/dags
[2025-05-04T02:45:50.525+0000] {manager.py:740} INFO - There are 0 files in /opt/airflow/dags
[2025-05-04T02:50:51.264+0000] {manager.py:737} INFO - Searching for files in /opt/airflow/dags
[2025-05-04T02:50:51.272+0000] {manager.py:740} INFO - There are 0 files in /opt/airflow/dags
[2025-05-04T02:55:51.991+0000] {manager.py:737} INFO - Searching for files in /opt/airflow/dags
[2025-05-04T02:55:51.999+0000] {manager.py:740} INFO - There are 0 files in /opt/airflow/dags
[2025-05-04T03:00:52.692+0000] {manager.py:737} INFO - Searching for files in /opt/airflow/dags
[2025-05-04T03:00:52.700+0000] {manager.py:740} INFO - There are 0 files in /opt/airflow/dags
[2025-05-04T03:05:53.359+0000] {manager.py:737} INFO - Searching for files in /opt/airflow/dags
[2025-05-04T03:05:53.368+0000] {manager.py:740} INFO - There are 0 files in /opt/airflow/dags
[2025-05-04T03:10:53.898+0000] {manager.py:737} INFO - Searching for files in /opt/airflow/dags
[2025-05-04T03:10:53.911+0000] {manager.py:740} INFO - There are 0 files in /opt/airflow/dags
[2025-05-04T03:15:54.422+0000] {manager.py:737} INFO - Searching for files in /opt/airflow/dags
[2025-05-04T03:15:54.432+0000] {manager.py:740} INFO - There are 0 files in /opt/airflow/dags
[2025-05-04T03:20:54.913+0000] {manager.py:737} INFO - Searching for files in /opt/airflow/dags
[2025-05-04T03:20:54.922+0000] {manager.py:740} INFO - There are 0 files in /opt/airflow/dags
[2025-05-04T03:25:55.415+0000] {manager.py:737} INFO - Searching for files in /opt/airflow/dags
[2025-05-04T03:25:55.423+0000] {manager.py:740} INFO - There are 0 files in /opt/airflow/dags
[2025-05-04T03:30:55.792+0000] {manager.py:737} INFO - Searching for files in /opt/airflow/dags
[2025-05-04T03:30:55.802+0000] {manager.py:740} INFO - There are 0 files in /opt/airflow/dags
[2025-05-04T03:35:56.060+0000] {manager.py:737} INFO - Searching for files in /opt/airflow/dags
[2025-05-04T03:35:56.069+0000] {manager.py:740} INFO - There are 0 files in /opt/airflow/dags
[2025-05-04T03:40:56.249+0000] {manager.py:737} INFO - Searching for files in /opt/airflow/dags
[2025-05-04T03:40:56.256+0000] {manager.py:740} INFO - There are 0 files in /opt/airflow/dags
[2025-05-04T03:45:56.262+0000] {manager.py:737} INFO - Searching for files in /opt/airflow/dags
[2025-05-04T03:45:56.273+0000] {manager.py:740} INFO - There are 0 files in /opt/airflow/dags
[2025-05-04T03:50:57.213+0000] {manager.py:737} INFO - Searching for files in /opt/airflow/dags
[2025-05-04T03:50:57.222+0000] {manager.py:740} INFO - There are 0 files in /opt/airflow/dags
[2025-05-04T03:55:58.137+0000] {manager.py:737} INFO - Searching for files in /opt/airflow/dags
[2025-05-04T03:55:58.145+0000] {manager.py:740} INFO - There are 0 files in /opt/airflow/dags
[2025-05-04T04:00:58.940+0000] {manager.py:737} INFO - Searching for files in /opt/airflow/dags
[2025-05-04T04:00:58.946+0000] {manager.py:740} INFO - There are 0 files in /opt/airflow/dags
[2025-05-04T04:05:59.709+0000] {manager.py:737} INFO - Searching for files in /opt/airflow/dags
[2025-05-04T04:05:59.718+0000] {manager.py:740} INFO - There are 0 files in /opt/airflow/dags
[2025-05-04T04:11:00.333+0000] {manager.py:737} INFO - Searching for files in /opt/airflow/dags
[2025-05-04T04:11:00.343+0000] {manager.py:740} INFO - There are 0 files in /opt/airflow/dags
[2025-05-04T04:16:00.870+0000] {manager.py:737} INFO - Searching for files in /opt/airflow/dags
[2025-05-04T04:16:00.878+0000] {manager.py:740} INFO - There are 0 files in /opt/airflow/dags
[2025-05-04T04:21:01.271+0000] {manager.py:737} INFO - Searching for files in /opt/airflow/dags
[2025-05-04T04:21:01.277+0000] {manager.py:740} INFO - There are 0 files in /opt/airflow/dags
[2025-05-04T04:26:01.596+0000] {manager.py:737} INFO - Searching for files in /opt/airflow/dags
[2025-05-04T04:26:01.607+0000] {manager.py:740} INFO - There are 0 files in /opt/airflow/dags
[2025-05-04T04:31:01.928+0000] {manager.py:737} INFO - Searching for files in /opt/airflow/dags
[2025-05-04T04:31:01.935+0000] {manager.py:740} INFO - There are 0 files in /opt/airflow/dags
[2025-05-04T04:36:02.242+0000] {manager.py:737} INFO - Searching for files in /opt/airflow/dags
[2025-05-04T04:36:02.252+0000] {manager.py:740} INFO - There are 0 files in /opt/airflow/dags
[2025-05-04T04:41:02.546+0000] {manager.py:737} INFO - Searching for files in /opt/airflow/dags
[2025-05-04T04:41:02.553+0000] {manager.py:740} INFO - There are 0 files in /opt/airflow/dags
[2025-05-04T04:46:02.740+0000] {manager.py:737} INFO - Searching for files in /opt/airflow/dags
[2025-05-04T04:46:02.750+0000] {manager.py:740} INFO - There are 0 files in /opt/airflow/dags
[2025-05-04T04:51:03.010+0000] {manager.py:737} INFO - Searching for files in /opt/airflow/dags
[2025-05-04T04:51:03.017+0000] {manager.py:740} INFO - There are 0 files in /opt/airflow/dags
[2025-05-04T04:56:03.166+0000] {manager.py:737} INFO - Searching for files in /opt/airflow/dags
[2025-05-04T04:56:03.177+0000] {manager.py:740} INFO - There are 0 files in /opt/airflow/dags
[2025-05-04T05:01:03.331+0000] {manager.py:737} INFO - Searching for files in /opt/airflow/dags
[2025-05-04T05:01:03.338+0000] {manager.py:740} INFO - There are 0 files in /opt/airflow/dags
[2025-05-04T05:06:03.434+0000] {manager.py:737} INFO - Searching for files in /opt/airflow/dags
[2025-05-04T05:06:03.440+0000] {manager.py:740} INFO - There are 0 files in /opt/airflow/dags
[2025-05-04T05:11:03.546+0000] {manager.py:737} INFO - Searching for files in /opt/airflow/dags
[2025-05-04T05:11:03.552+0000] {manager.py:740} INFO - There are 0 files in /opt/airflow/dags
[2025-05-04T05:16:03.594+0000] {manager.py:737} INFO - Searching for files in /opt/airflow/dags
[2025-05-04T05:16:03.603+0000] {manager.py:740} INFO - There are 0 files in /opt/airflow/dags
[2025-05-04T05:21:04.596+0000] {manager.py:737} INFO - Searching for files in /opt/airflow/dags
[2025-05-04T05:21:04.607+0000] {manager.py:740} INFO - There are 0 files in /opt/airflow/dags
[2025-05-04T05:26:05.514+0000] {manager.py:737} INFO - Searching for files in /opt/airflow/dags
[2025-05-04T05:26:05.522+0000] {manager.py:740} INFO - There are 0 files in /opt/airflow/dags
[2025-05-04T05:31:06.344+0000] {manager.py:737} INFO - Searching for files in /opt/airflow/dags
[2025-05-04T05:31:06.355+0000] {manager.py:740} INFO - There are 0 files in /opt/airflow/dags
[2025-05-04T05:36:07.176+0000] {manager.py:737} INFO - Searching for files in /opt/airflow/dags
[2025-05-04T05:36:07.184+0000] {manager.py:740} INFO - There are 0 files in /opt/airflow/dags
[2025-05-04T05:41:08.074+0000] {manager.py:737} INFO - Searching for files in /opt/airflow/dags
[2025-05-04T05:41:08.082+0000] {manager.py:740} INFO - There are 0 files in /opt/airflow/dags
[2025-05-04T05:46:08.815+0000] {manager.py:737} INFO - Searching for files in /opt/airflow/dags
[2025-05-04T05:46:08.824+0000] {manager.py:740} INFO - There are 0 files in /opt/airflow/dags
[2025-05-04T05:51:09.540+0000] {manager.py:737} INFO - Searching for files in /opt/airflow/dags
[2025-05-04T05:51:09.546+0000] {manager.py:740} INFO - There are 0 files in /opt/airflow/dags
[2025-05-04T05:56:10.199+0000] {manager.py:737} INFO - Searching for files in /opt/airflow/dags
[2025-05-04T05:56:10.206+0000] {manager.py:740} INFO - There are 0 files in /opt/airflow/dags
[2025-05-04T06:01:10.937+0000] {manager.py:737} INFO - Searching for files in /opt/airflow/dags
[2025-05-04T06:01:10.944+0000] {manager.py:740} INFO - There are 0 files in /opt/airflow/dags
[2025-05-04T06:06:11.605+0000] {manager.py:737} INFO - Searching for files in /opt/airflow/dags
[2025-05-04T06:06:11.614+0000] {manager.py:740} INFO - There are 0 files in /opt/airflow/dags
[2025-05-04T06:11:12.027+0000] {manager.py:737} INFO - Searching for files in /opt/airflow/dags
[2025-05-04T06:11:12.034+0000] {manager.py:740} INFO - There are 0 files in /opt/airflow/dags
[2025-05-04T06:16:12.373+0000] {manager.py:737} INFO - Searching for files in /opt/airflow/dags
[2025-05-04T06:16:12.382+0000] {manager.py:740} INFO - There are 0 files in /opt/airflow/dags
[2025-05-04T06:21:12.687+0000] {manager.py:737} INFO - Searching for files in /opt/airflow/dags
[2025-05-04T06:21:12.695+0000] {manager.py:740} INFO - There are 0 files in /opt/airflow/dags
[2025-05-04T06:26:13.143+0000] {manager.py:737} INFO - Searching for files in /opt/airflow/dags
[2025-05-04T06:26:13.151+0000] {manager.py:740} INFO - There are 0 files in /opt/airflow/dags
[2025-05-04T06:31:13.523+0000] {manager.py:737} INFO - Searching for files in /opt/airflow/dags
[2025-05-04T06:31:13.531+0000] {manager.py:740} INFO - There are 0 files in /opt/airflow/dags
[2025-05-04T06:36:13.881+0000] {manager.py:737} INFO - Searching for files in /opt/airflow/dags
[2025-05-04T06:36:13.889+0000] {manager.py:740} INFO - There are 0 files in /opt/airflow/dags
[2025-05-04T06:41:14.206+0000] {manager.py:737} INFO - Searching for files in /opt/airflow/dags
[2025-05-04T06:41:14.212+0000] {manager.py:740} INFO - There are 0 files in /opt/airflow/dags
[2025-05-04T06:46:14.540+0000] {manager.py:737} INFO - Searching for files in /opt/airflow/dags
[2025-05-04T06:46:14.549+0000] {manager.py:740} INFO - There are 0 files in /opt/airflow/dags
[2025-05-04T06:51:14.827+0000] {manager.py:737} INFO - Searching for files in /opt/airflow/dags
[2025-05-04T06:51:14.835+0000] {manager.py:740} INFO - There are 0 files in /opt/airflow/dags
[2025-05-04T06:56:15.096+0000] {manager.py:737} INFO - Searching for files in /opt/airflow/dags
[2025-05-04T06:56:15.106+0000] {manager.py:740} INFO - There are 0 files in /opt/airflow/dags
[2025-05-04T07:01:15.282+0000] {manager.py:737} INFO - Searching for files in /opt/airflow/dags
[2025-05-04T07:01:15.292+0000] {manager.py:740} INFO - There are 0 files in /opt/airflow/dags
[2025-05-04T07:06:15.429+0000] {manager.py:737} INFO - Searching for files in /opt/airflow/dags
[2025-05-04T07:06:15.437+0000] {manager.py:740} INFO - There are 0 files in /opt/airflow/dags
[2025-05-04T07:06:57.474+0000] {manager.py:452} INFO - Exiting gracefully upon receiving signal 15
[2025-05-04T07:11:29.367+0000] {manager.py:470} INFO - Processing files using up to 2 processes at a time 
[2025-05-04T07:11:29.371+0000] {manager.py:471} INFO - Process each file at most once every 30 seconds
[2025-05-04T07:11:29.372+0000] {manager.py:472} INFO - Checking for new files in /opt/airflow/dags every 300 seconds
[2025-05-04T07:11:29.373+0000] {manager.py:737} INFO - Searching for files in /opt/airflow/dags
[2025-05-04T07:11:29.382+0000] {manager.py:740} INFO - There are 0 files in /opt/airflow/dags
[2025-05-04T07:16:30.199+0000] {manager.py:737} INFO - Searching for files in /opt/airflow/dags
[2025-05-04T07:16:30.206+0000] {manager.py:740} INFO - There are 0 files in /opt/airflow/dags
[2025-05-04T07:21:30.476+0000] {manager.py:737} INFO - Searching for files in /opt/airflow/dags
[2025-05-04T07:21:30.488+0000] {manager.py:740} INFO - There are 0 files in /opt/airflow/dags
[2025-05-04T07:26:31.316+0000] {manager.py:737} INFO - Searching for files in /opt/airflow/dags
[2025-05-04T07:26:31.323+0000] {manager.py:740} INFO - There are 0 files in /opt/airflow/dags
[2025-05-04T07:31:32.159+0000] {manager.py:737} INFO - Searching for files in /opt/airflow/dags
[2025-05-04T07:31:32.171+0000] {manager.py:740} INFO - There are 0 files in /opt/airflow/dags
[2025-05-04T07:36:32.579+0000] {manager.py:737} INFO - Searching for files in /opt/airflow/dags
[2025-05-04T07:36:32.588+0000] {manager.py:740} INFO - There are 0 files in /opt/airflow/dags
[2025-05-04T07:41:33.011+0000] {manager.py:737} INFO - Searching for files in /opt/airflow/dags
[2025-05-04T07:41:33.020+0000] {manager.py:740} INFO - There are 0 files in /opt/airflow/dags
[2025-05-04T07:46:33.130+0000] {manager.py:737} INFO - Searching for files in /opt/airflow/dags
[2025-05-04T07:46:33.137+0000] {manager.py:740} INFO - There are 0 files in /opt/airflow/dags
[2025-05-04T07:51:33.992+0000] {manager.py:737} INFO - Searching for files in /opt/airflow/dags
[2025-05-04T07:51:34.002+0000] {manager.py:740} INFO - There are 0 files in /opt/airflow/dags
[2025-05-04T07:56:34.791+0000] {manager.py:737} INFO - Searching for files in /opt/airflow/dags
[2025-05-04T07:56:34.801+0000] {manager.py:740} INFO - There are 0 files in /opt/airflow/dags
[2025-05-04T08:01:35.135+0000] {manager.py:737} INFO - Searching for files in /opt/airflow/dags
[2025-05-04T08:01:35.142+0000] {manager.py:740} INFO - There are 0 files in /opt/airflow/dags
[2025-05-04T08:06:35.583+0000] {manager.py:737} INFO - Searching for files in /opt/airflow/dags
[2025-05-04T08:06:35.592+0000] {manager.py:740} INFO - There are 0 files in /opt/airflow/dags
[2025-05-04T08:11:35.907+0000] {manager.py:737} INFO - Searching for files in /opt/airflow/dags
[2025-05-04T08:11:35.920+0000] {manager.py:740} INFO - There are 0 files in /opt/airflow/dags
[2025-05-04T08:16:36.614+0000] {manager.py:737} INFO - Searching for files in /opt/airflow/dags
[2025-05-04T08:16:36.627+0000] {manager.py:740} INFO - There are 0 files in /opt/airflow/dags
[2025-05-04T08:17:34.857+0000] {manager.py:452} INFO - Exiting gracefully upon receiving signal 15
[2025-05-04T08:18:46.275+0000] {manager.py:470} INFO - Processing files using up to 2 processes at a time 
[2025-05-04T08:18:46.276+0000] {manager.py:471} INFO - Process each file at most once every 30 seconds
[2025-05-04T08:18:46.277+0000] {manager.py:472} INFO - Checking for new files in /opt/airflow/dags every 300 seconds
[2025-05-04T08:18:46.278+0000] {manager.py:737} INFO - Searching for files in /opt/airflow/dags
[2025-05-04T08:18:46.287+0000] {manager.py:740} INFO - There are 0 files in /opt/airflow/dags
[2025-05-04T08:23:46.687+0000] {manager.py:737} INFO - Searching for files in /opt/airflow/dags
[2025-05-04T08:23:46.699+0000] {manager.py:740} INFO - There are 0 files in /opt/airflow/dags
[2025-05-04T08:28:47.120+0000] {manager.py:737} INFO - Searching for files in /opt/airflow/dags
[2025-05-04T08:28:47.132+0000] {manager.py:740} INFO - There are 0 files in /opt/airflow/dags
[2025-05-04T08:33:47.494+0000] {manager.py:737} INFO - Searching for files in /opt/airflow/dags
[2025-05-04T08:33:47.503+0000] {manager.py:740} INFO - There are 0 files in /opt/airflow/dags
[2025-05-04T08:38:48.464+0000] {manager.py:737} INFO - Searching for files in /opt/airflow/dags
[2025-05-04T08:38:48.477+0000] {manager.py:740} INFO - There are 0 files in /opt/airflow/dags
[2025-05-04T08:41:18.112+0000] {manager.py:452} INFO - Exiting gracefully upon receiving signal 15
[2025-05-04T08:42:40.584+0000] {manager.py:470} INFO - Processing files using up to 2 processes at a time 
[2025-05-04T08:42:40.586+0000] {manager.py:471} INFO - Process each file at most once every 30 seconds
[2025-05-04T08:42:40.587+0000] {manager.py:472} INFO - Checking for new files in /opt/airflow/dags every 300 seconds
[2025-05-04T08:42:40.589+0000] {manager.py:737} INFO - Searching for files in /opt/airflow/dags
[2025-05-04T08:42:40.597+0000] {manager.py:740} INFO - There are 0 files in /opt/airflow/dags
[2025-05-04T08:47:41.175+0000] {manager.py:737} INFO - Searching for files in /opt/airflow/dags
[2025-05-04T08:47:41.184+0000] {manager.py:740} INFO - There are 0 files in /opt/airflow/dags
[2025-05-04T08:52:41.631+0000] {manager.py:737} INFO - Searching for files in /opt/airflow/dags
[2025-05-04T08:52:41.639+0000] {manager.py:740} INFO - There are 0 files in /opt/airflow/dags
[2025-05-04T08:53:12.265+0000] {manager.py:452} INFO - Exiting gracefully upon receiving signal 15
[2025-05-04T08:54:21.863+0000] {manager.py:470} INFO - Processing files using up to 2 processes at a time 
[2025-05-04T08:54:21.864+0000] {manager.py:471} INFO - Process each file at most once every 30 seconds
[2025-05-04T08:54:21.865+0000] {manager.py:472} INFO - Checking for new files in /opt/airflow/dags every 300 seconds
[2025-05-04T08:54:21.866+0000] {manager.py:737} INFO - Searching for files in /opt/airflow/dags
[2025-05-04T08:54:21.873+0000] {manager.py:740} INFO - There are 0 files in /opt/airflow/dags
[2025-05-04T08:55:40.521+0000] {manager.py:452} INFO - Exiting gracefully upon receiving signal 15
[2025-05-04T08:59:22.694+0000] {manager.py:470} INFO - Processing files using up to 2 processes at a time 
[2025-05-04T08:59:22.695+0000] {manager.py:471} INFO - Process each file at most once every 30 seconds
[2025-05-04T08:59:22.696+0000] {manager.py:472} INFO - Checking for new files in /opt/airflow/dags every 300 seconds
[2025-05-04T08:59:22.697+0000] {manager.py:737} INFO - Searching for files in /opt/airflow/dags
[2025-05-04T08:59:22.704+0000] {manager.py:740} INFO - There are 0 files in /opt/airflow/dags
[2025-05-04T08:59:40.719+0000] {manager.py:452} INFO - Exiting gracefully upon receiving signal 15
[2025-05-04T09:00:35.314+0000] {manager.py:470} INFO - Processing files using up to 2 processes at a time 
[2025-05-04T09:00:35.315+0000] {manager.py:471} INFO - Process each file at most once every 30 seconds
[2025-05-04T09:00:35.316+0000] {manager.py:472} INFO - Checking for new files in /opt/airflow/dags every 300 seconds
[2025-05-04T09:00:35.317+0000] {manager.py:737} INFO - Searching for files in /opt/airflow/dags
[2025-05-04T09:00:35.326+0000] {manager.py:740} INFO - There are 0 files in /opt/airflow/dags
[2025-05-04T09:01:12.970+0000] {manager.py:452} INFO - Exiting gracefully upon receiving signal 15
[2025-05-04T09:02:22.872+0000] {manager.py:470} INFO - Processing files using up to 2 processes at a time 
[2025-05-04T09:02:22.874+0000] {manager.py:471} INFO - Process each file at most once every 30 seconds
[2025-05-04T09:02:22.875+0000] {manager.py:472} INFO - Checking for new files in /opt/airflow/dags every 300 seconds
[2025-05-04T09:02:22.876+0000] {manager.py:737} INFO - Searching for files in /opt/airflow/dags
[2025-05-04T09:02:22.889+0000] {manager.py:740} INFO - There are 0 files in /opt/airflow/dags
[2025-05-04T09:07:23.399+0000] {manager.py:737} INFO - Searching for files in /opt/airflow/dags
[2025-05-04T09:07:23.405+0000] {manager.py:740} INFO - There are 0 files in /opt/airflow/dags
[2025-05-04T09:12:24.012+0000] {manager.py:737} INFO - Searching for files in /opt/airflow/dags
[2025-05-04T09:12:24.024+0000] {manager.py:740} INFO - There are 0 files in /opt/airflow/dags
[2025-05-04T09:17:24.406+0000] {manager.py:737} INFO - Searching for files in /opt/airflow/dags
[2025-05-04T09:17:24.459+0000] {manager.py:740} INFO - There are 0 files in /opt/airflow/dags
[2025-05-04T09:22:24.688+0000] {manager.py:737} INFO - Searching for files in /opt/airflow/dags
[2025-05-04T09:22:24.698+0000] {manager.py:740} INFO - There are 0 files in /opt/airflow/dags
[2025-05-04T09:27:24.696+0000] {manager.py:737} INFO - Searching for files in /opt/airflow/dags
[2025-05-04T09:27:24.808+0000] {manager.py:740} INFO - There are 0 files in /opt/airflow/dags
[2025-05-04T09:32:25.129+0000] {manager.py:737} INFO - Searching for files in /opt/airflow/dags
[2025-05-04T09:32:25.141+0000] {manager.py:740} INFO - There are 0 files in /opt/airflow/dags
[2025-05-04T09:37:25.802+0000] {manager.py:737} INFO - Searching for files in /opt/airflow/dags
[2025-05-04T09:37:25.815+0000] {manager.py:740} INFO - There are 0 files in /opt/airflow/dags
[2025-05-04T09:42:26.140+0000] {manager.py:737} INFO - Searching for files in /opt/airflow/dags
[2025-05-04T09:42:26.146+0000] {manager.py:740} INFO - There are 0 files in /opt/airflow/dags
[2025-05-04T09:47:26.356+0000] {manager.py:737} INFO - Searching for files in /opt/airflow/dags
[2025-05-04T09:47:26.382+0000] {manager.py:740} INFO - There are 0 files in /opt/airflow/dags
[2025-05-04T09:52:27.337+0000] {manager.py:737} INFO - Searching for files in /opt/airflow/dags
[2025-05-04T09:52:27.346+0000] {manager.py:740} INFO - There are 0 files in /opt/airflow/dags
[2025-05-04T09:57:27.936+0000] {manager.py:737} INFO - Searching for files in /opt/airflow/dags
[2025-05-04T09:57:27.959+0000] {manager.py:740} INFO - There are 0 files in /opt/airflow/dags
[2025-05-04T10:02:28.731+0000] {manager.py:737} INFO - Searching for files in /opt/airflow/dags
[2025-05-04T10:02:28.751+0000] {manager.py:740} INFO - There are 0 files in /opt/airflow/dags
[2025-05-04T10:07:29.575+0000] {manager.py:737} INFO - Searching for files in /opt/airflow/dags
[2025-05-04T10:07:29.589+0000] {manager.py:740} INFO - There are 0 files in /opt/airflow/dags
[2025-05-04T10:12:30.493+0000] {manager.py:737} INFO - Searching for files in /opt/airflow/dags
[2025-05-04T10:12:30.523+0000] {manager.py:740} INFO - There are 0 files in /opt/airflow/dags
[2025-05-04T10:17:31.007+0000] {manager.py:737} INFO - Searching for files in /opt/airflow/dags
[2025-05-04T10:17:31.027+0000] {manager.py:740} INFO - There are 0 files in /opt/airflow/dags
[2025-05-04T10:22:31.655+0000] {manager.py:737} INFO - Searching for files in /opt/airflow/dags
[2025-05-04T10:22:31.682+0000] {manager.py:740} INFO - There are 0 files in /opt/airflow/dags
[2025-05-04T10:27:32.500+0000] {manager.py:737} INFO - Searching for files in /opt/airflow/dags
[2025-05-04T10:27:32.519+0000] {manager.py:740} INFO - There are 0 files in /opt/airflow/dags
[2025-05-04T10:32:33.348+0000] {manager.py:737} INFO - Searching for files in /opt/airflow/dags
[2025-05-04T10:32:33.367+0000] {manager.py:740} INFO - There are 0 files in /opt/airflow/dags
[2025-05-04T10:37:34.326+0000] {manager.py:737} INFO - Searching for files in /opt/airflow/dags
[2025-05-04T10:37:34.344+0000] {manager.py:740} INFO - There are 0 files in /opt/airflow/dags
[2025-05-04T10:42:34.564+0000] {manager.py:737} INFO - Searching for files in /opt/airflow/dags
[2025-05-04T10:42:34.585+0000] {manager.py:740} INFO - There are 0 files in /opt/airflow/dags
[2025-05-04T10:47:34.681+0000] {manager.py:737} INFO - Searching for files in /opt/airflow/dags
[2025-05-04T10:47:34.703+0000] {manager.py:740} INFO - There are 0 files in /opt/airflow/dags
[2025-05-04T10:52:35.154+0000] {manager.py:737} INFO - Searching for files in /opt/airflow/dags
[2025-05-04T10:52:35.178+0000] {manager.py:740} INFO - There are 0 files in /opt/airflow/dags
[2025-05-04T10:57:36.031+0000] {manager.py:737} INFO - Searching for files in /opt/airflow/dags
[2025-05-04T10:57:36.063+0000] {manager.py:740} INFO - There are 0 files in /opt/airflow/dags
[2025-05-04T11:02:36.864+0000] {manager.py:737} INFO - Searching for files in /opt/airflow/dags
[2025-05-04T11:02:36.889+0000] {manager.py:740} INFO - There are 0 files in /opt/airflow/dags
[2025-05-04T11:07:37.447+0000] {manager.py:737} INFO - Searching for files in /opt/airflow/dags
[2025-05-04T11:07:37.472+0000] {manager.py:740} INFO - There are 0 files in /opt/airflow/dags
[2025-05-04T13:02:58.462+0000] {manager.py:737} INFO - Searching for files in /opt/airflow/dags
[2025-05-04T13:02:58.525+0000] {manager.py:740} INFO - There are 0 files in /opt/airflow/dags
[2025-05-04T13:07:58.493+0000] {manager.py:737} INFO - Searching for files in /opt/airflow/dags
[2025-05-04T13:07:58.511+0000] {manager.py:740} INFO - There are 0 files in /opt/airflow/dags
[2025-05-04T13:12:58.652+0000] {manager.py:737} INFO - Searching for files in /opt/airflow/dags
[2025-05-04T13:12:58.660+0000] {manager.py:740} INFO - There are 0 files in /opt/airflow/dags
[2025-05-04T13:17:59.549+0000] {manager.py:737} INFO - Searching for files in /opt/airflow/dags
[2025-05-04T13:17:59.558+0000] {manager.py:740} INFO - There are 0 files in /opt/airflow/dags
[2025-05-04T13:23:00.465+0000] {manager.py:737} INFO - Searching for files in /opt/airflow/dags
[2025-05-04T13:23:00.474+0000] {manager.py:740} INFO - There are 0 files in /opt/airflow/dags
[2025-05-04T13:28:00.545+0000] {manager.py:737} INFO - Searching for files in /opt/airflow/dags
[2025-05-04T13:28:00.560+0000] {manager.py:740} INFO - There are 0 files in /opt/airflow/dags
[2025-05-04T13:33:01.393+0000] {manager.py:737} INFO - Searching for files in /opt/airflow/dags
[2025-05-04T13:33:01.408+0000] {manager.py:740} INFO - There are 0 files in /opt/airflow/dags
[2025-05-04T13:38:01.494+0000] {manager.py:737} INFO - Searching for files in /opt/airflow/dags
[2025-05-04T13:38:01.504+0000] {manager.py:740} INFO - There are 0 files in /opt/airflow/dags
[2025-05-04T13:43:02.302+0000] {manager.py:737} INFO - Searching for files in /opt/airflow/dags
[2025-05-04T13:43:02.311+0000] {manager.py:740} INFO - There are 0 files in /opt/airflow/dags
[2025-05-04T13:48:03.065+0000] {manager.py:737} INFO - Searching for files in /opt/airflow/dags
[2025-05-04T13:48:03.075+0000] {manager.py:740} INFO - There are 0 files in /opt/airflow/dags
[2025-05-04T13:53:03.323+0000] {manager.py:737} INFO - Searching for files in /opt/airflow/dags
[2025-05-04T13:53:03.331+0000] {manager.py:740} INFO - There are 0 files in /opt/airflow/dags
[2025-05-04T13:58:03.790+0000] {manager.py:737} INFO - Searching for files in /opt/airflow/dags
[2025-05-04T13:58:03.807+0000] {manager.py:740} INFO - There are 0 files in /opt/airflow/dags
[2025-05-04T14:03:04.708+0000] {manager.py:737} INFO - Searching for files in /opt/airflow/dags
[2025-05-04T14:03:04.717+0000] {manager.py:740} INFO - There are 0 files in /opt/airflow/dags
[2025-05-04T14:04:42.822+0000] {manager.py:452} INFO - Exiting gracefully upon receiving signal 15
[2025-05-04T14:05:21.476+0000] {manager.py:470} INFO - Processing files using up to 2 processes at a time 
[2025-05-04T14:05:21.477+0000] {manager.py:471} INFO - Process each file at most once every 30 seconds
[2025-05-04T14:05:21.478+0000] {manager.py:472} INFO - Checking for new files in /opt/airflow/dags every 300 seconds
[2025-05-04T14:05:21.479+0000] {manager.py:737} INFO - Searching for files in /opt/airflow/dags
[2025-05-04T14:05:21.487+0000] {manager.py:740} INFO - There are 0 files in /opt/airflow/dags
[2025-05-04T14:08:44.884+0000] {manager.py:452} INFO - Exiting gracefully upon receiving signal 15
[2025-05-04T14:37:38.870+0000] {manager.py:470} INFO - Processing files using up to 2 processes at a time 
[2025-05-04T14:37:38.911+0000] {manager.py:471} INFO - Process each file at most once every 30 seconds
[2025-05-04T14:37:38.912+0000] {manager.py:472} INFO - Checking for new files in /opt/airflow/dags every 300 seconds
[2025-05-04T14:37:38.913+0000] {manager.py:737} INFO - Searching for files in /opt/airflow/dags
[2025-05-04T14:37:38.920+0000] {manager.py:740} INFO - There are 0 files in /opt/airflow/dags
[2025-05-05T01:35:33.479+0000] {manager.py:470} INFO - Processing files using up to 2 processes at a time 
[2025-05-05T01:35:33.482+0000] {manager.py:471} INFO - Process each file at most once every 30 seconds
[2025-05-05T01:35:33.484+0000] {manager.py:472} INFO - Checking for new files in /opt/airflow/dags every 300 seconds
[2025-05-05T01:35:33.485+0000] {manager.py:737} INFO - Searching for files in /opt/airflow/dags
[2025-05-05T01:35:33.493+0000] {manager.py:740} INFO - There are 0 files in /opt/airflow/dags
[2025-05-05T01:40:34.489+0000] {manager.py:737} INFO - Searching for files in /opt/airflow/dags
[2025-05-05T01:40:34.499+0000] {manager.py:740} INFO - There are 0 files in /opt/airflow/dags
[2025-05-05T01:45:35.030+0000] {manager.py:737} INFO - Searching for files in /opt/airflow/dags
[2025-05-05T01:45:35.041+0000] {manager.py:740} INFO - There are 0 files in /opt/airflow/dags
[2025-05-05T01:46:59.841+0000] {manager.py:452} INFO - Exiting gracefully upon receiving signal 15
[2025-05-05T02:05:14.621+0000] {manager.py:470} INFO - Processing files using up to 2 processes at a time 
[2025-05-05T02:05:14.622+0000] {manager.py:471} INFO - Process each file at most once every 30 seconds
[2025-05-05T02:05:14.623+0000] {manager.py:472} INFO - Checking for new files in /opt/airflow/dags every 300 seconds
[2025-05-05T02:05:14.624+0000] {manager.py:737} INFO - Searching for files in /opt/airflow/dags
[2025-05-05T02:05:14.672+0000] {manager.py:740} INFO - There are 0 files in /opt/airflow/dags
[2025-05-05T02:10:15.392+0000] {manager.py:737} INFO - Searching for files in /opt/airflow/dags
[2025-05-05T02:10:15.406+0000] {manager.py:740} INFO - There are 0 files in /opt/airflow/dags
[2025-05-05T02:15:16.273+0000] {manager.py:737} INFO - Searching for files in /opt/airflow/dags
[2025-05-05T02:15:16.285+0000] {manager.py:740} INFO - There are 0 files in /opt/airflow/dags
[2025-05-05T02:20:16.703+0000] {manager.py:737} INFO - Searching for files in /opt/airflow/dags
[2025-05-05T02:20:16.710+0000] {manager.py:740} INFO - There are 0 files in /opt/airflow/dags
[2025-05-05T02:25:16.739+0000] {manager.py:737} INFO - Searching for files in /opt/airflow/dags
[2025-05-05T02:25:16.747+0000] {manager.py:740} INFO - There are 0 files in /opt/airflow/dags
[2025-05-05T02:30:17.499+0000] {manager.py:737} INFO - Searching for files in /opt/airflow/dags
[2025-05-05T02:30:17.507+0000] {manager.py:740} INFO - There are 0 files in /opt/airflow/dags
[2025-05-05T02:35:18.315+0000] {manager.py:737} INFO - Searching for files in /opt/airflow/dags
[2025-05-05T02:35:18.325+0000] {manager.py:740} INFO - There are 0 files in /opt/airflow/dags
[2025-05-05T02:40:19.043+0000] {manager.py:737} INFO - Searching for files in /opt/airflow/dags
[2025-05-05T02:40:19.051+0000] {manager.py:740} INFO - There are 0 files in /opt/airflow/dags
[2025-05-05T02:45:19.622+0000] {manager.py:737} INFO - Searching for files in /opt/airflow/dags
[2025-05-05T02:45:19.630+0000] {manager.py:740} INFO - There are 0 files in /opt/airflow/dags
[2025-05-05T02:50:19.792+0000] {manager.py:737} INFO - Searching for files in /opt/airflow/dags
[2025-05-05T02:50:19.800+0000] {manager.py:740} INFO - There are 0 files in /opt/airflow/dags
[2025-05-05T02:55:20.372+0000] {manager.py:737} INFO - Searching for files in /opt/airflow/dags
[2025-05-05T02:55:20.378+0000] {manager.py:740} INFO - There are 0 files in /opt/airflow/dags
[2025-05-05T03:00:21.363+0000] {manager.py:737} INFO - Searching for files in /opt/airflow/dags
[2025-05-05T03:00:21.371+0000] {manager.py:740} INFO - There are 0 files in /opt/airflow/dags
[2025-05-05T03:01:57.816+0000] {manager.py:452} INFO - Exiting gracefully upon receiving signal 15
[2025-05-05T03:03:05.617+0000] {manager.py:470} INFO - Processing files using up to 2 processes at a time 
[2025-05-05T03:03:05.618+0000] {manager.py:471} INFO - Process each file at most once every 30 seconds
[2025-05-05T03:03:05.619+0000] {manager.py:472} INFO - Checking for new files in /opt/airflow/dags every 300 seconds
[2025-05-05T03:03:05.620+0000] {manager.py:737} INFO - Searching for files in /opt/airflow/dags
[2025-05-05T03:03:05.630+0000] {manager.py:740} INFO - There are 0 files in /opt/airflow/dags
[2025-05-05T03:04:34.718+0000] {manager.py:452} INFO - Exiting gracefully upon receiving signal 15
[2025-05-05T03:14:15.276+0000] {manager.py:470} INFO - Processing files using up to 2 processes at a time 
[2025-05-05T03:14:15.277+0000] {manager.py:471} INFO - Process each file at most once every 30 seconds
[2025-05-05T03:14:15.278+0000] {manager.py:472} INFO - Checking for new files in /opt/airflow/dags every 300 seconds
[2025-05-05T03:14:15.279+0000] {manager.py:737} INFO - Searching for files in /opt/airflow/dags
[2025-05-05T03:14:15.286+0000] {manager.py:740} INFO - There are 0 files in /opt/airflow/dags
[2025-05-05T03:19:15.474+0000] {manager.py:737} INFO - Searching for files in /opt/airflow/dags
[2025-05-05T03:19:15.483+0000] {manager.py:740} INFO - There are 0 files in /opt/airflow/dags
[2025-05-05T03:24:15.957+0000] {manager.py:737} INFO - Searching for files in /opt/airflow/dags
[2025-05-05T03:24:15.965+0000] {manager.py:740} INFO - There are 0 files in /opt/airflow/dags
[2025-05-05T03:27:08.275+0000] {manager.py:452} INFO - Exiting gracefully upon receiving signal 15
[2025-05-05T03:31:04.853+0000] {manager.py:470} INFO - Processing files using up to 2 processes at a time 
[2025-05-05T03:31:04.855+0000] {manager.py:471} INFO - Process each file at most once every 30 seconds
[2025-05-05T03:31:04.856+0000] {manager.py:472} INFO - Checking for new files in /opt/airflow/dags every 300 seconds
[2025-05-05T03:31:04.857+0000] {manager.py:737} INFO - Searching for files in /opt/airflow/dags
[2025-05-05T03:31:04.867+0000] {manager.py:740} INFO - There are 0 files in /opt/airflow/dags
[2025-05-05T03:36:05.806+0000] {manager.py:737} INFO - Searching for files in /opt/airflow/dags
[2025-05-05T03:36:05.815+0000] {manager.py:740} INFO - There are 0 files in /opt/airflow/dags
[2025-05-05T03:41:06.328+0000] {manager.py:737} INFO - Searching for files in /opt/airflow/dags
[2025-05-05T03:41:06.336+0000] {manager.py:740} INFO - There are 0 files in /opt/airflow/dags
[2025-05-05T03:46:06.611+0000] {manager.py:737} INFO - Searching for files in /opt/airflow/dags
[2025-05-05T03:46:06.618+0000] {manager.py:740} INFO - There are 0 files in /opt/airflow/dags
[2025-05-05T03:49:15.404+0000] {manager.py:452} INFO - Exiting gracefully upon receiving signal 15
