[2025-05-08T14:54:03.733+0000] {local_task_job_runner.py:120} INFO - ::group::Pre task execution logs
[2025-05-08T14:54:03.777+0000] {taskinstance.py:2076} INFO - Dependencies all met for dep_context=non-requeueable deps ti=<TaskInstance: e_commerce_dw_etl_decorator.transform.transform_dim_payments manual__2025-05-08T14:53:03.007934+00:00 [queued]>
[2025-05-08T14:54:03.792+0000] {taskinstance.py:2076} INFO - Dependencies all met for dep_context=requeueable deps ti=<TaskInstance: e_commerce_dw_etl_decorator.transform.transform_dim_payments manual__2025-05-08T14:53:03.007934+00:00 [queued]>
[2025-05-08T14:54:03.793+0000] {taskinstance.py:2306} INFO - Starting attempt 1 of 1
[2025-05-08T14:54:03.816+0000] {taskinstance.py:2330} INFO - Executing <Task(PythonOperator): transform.transform_dim_payments> on 2025-05-08 14:53:03.007934+00:00
[2025-05-08T14:54:03.845+0000] {standard_task_runner.py:63} INFO - Started process 10455 to run task
[2025-05-08T14:54:03.856+0000] {standard_task_runner.py:90} INFO - Running: ['***', 'tasks', 'run', 'e_commerce_dw_etl_decorator', 'transform.transform_dim_payments', 'manual__2025-05-08T14:53:03.007934+00:00', '--job-id', '112', '--raw', '--subdir', 'DAGS_FOLDER/ecommerce_dw_dag.py', '--cfg-path', '/tmp/tmpbelr345q']
[2025-05-08T14:54:03.864+0000] {standard_task_runner.py:91} INFO - Job 112: Subtask transform.transform_dim_payments
[2025-05-08T14:54:03.956+0000] {task_command.py:426} INFO - Running <TaskInstance: e_commerce_dw_etl_decorator.transform.transform_dim_payments manual__2025-05-08T14:53:03.007934+00:00 [running]> on host ebff8b55cad8
[2025-05-08T14:54:04.117+0000] {taskinstance.py:2648} INFO - Exporting env vars: AIRFLOW_CTX_DAG_OWNER='***' AIRFLOW_CTX_DAG_ID='e_commerce_dw_etl_decorator' AIRFLOW_CTX_TASK_ID='transform.transform_dim_payments' AIRFLOW_CTX_EXECUTION_DATE='2025-05-08T14:53:03.007934+00:00' AIRFLOW_CTX_TRY_NUMBER='1' AIRFLOW_CTX_DAG_RUN_ID='manual__2025-05-08T14:53:03.007934+00:00'
[2025-05-08T14:54:04.121+0000] {taskinstance.py:430} INFO - ::endgroup::
[2025-05-08T14:54:04.135+0000] {base.py:84} INFO - Using connection ID 'postgres' for task execution.
[2025-05-08T14:54:04.157+0000] {logging_mixin.py:188} WARNING - /home/***/.local/lib/python3.10/site-packages/***/providers/common/sql/hooks/sql.py:263 UserWarning: pandas only supports SQLAlchemy connectable (engine/connection) or database string URI or sqlite3 DBAPI2 connection. Other DBAPI2 objects are not tested. Please consider using SQLAlchemy.
[2025-05-08T14:54:04.745+0000] {logging_mixin.py:188} INFO - Transformed and loaded data to dim_payments
[2025-05-08T14:54:04.745+0000] {python.py:237} INFO - Done. Returned value was: None
[2025-05-08T14:54:04.746+0000] {taskinstance.py:441} INFO - ::group::Post task execution logs
[2025-05-08T14:54:04.757+0000] {taskinstance.py:1206} INFO - Marking task as SUCCESS. dag_id=e_commerce_dw_etl_decorator, task_id=transform.transform_dim_payments, run_id=manual__2025-05-08T14:53:03.007934+00:00, execution_date=20250508T145303, start_date=20250508T145403, end_date=20250508T145404
[2025-05-08T14:54:04.801+0000] {local_task_job_runner.py:240} INFO - Task exited with return code 0
[2025-05-08T14:54:04.850+0000] {taskinstance.py:3503} INFO - 0 downstream tasks scheduled from follow-on schedule check
[2025-05-08T14:54:04.855+0000] {local_task_job_runner.py:222} INFO - ::endgroup::
