[2025-05-08T15:11:50.277+0000] {local_task_job_runner.py:120} INFO - ::group::Pre task execution logs
[2025-05-08T15:11:50.328+0000] {taskinstance.py:2076} INFO - Dependencies all met for dep_context=non-requeueable deps ti=<TaskInstance: e_commerce_dw_etl_decorator.load.load_dim_geolocation manual__2025-05-08T15:10:54.446886+00:00 [queued]>
[2025-05-08T15:11:50.342+0000] {taskinstance.py:2076} INFO - Dependencies all met for dep_context=requeueable deps ti=<TaskInstance: e_commerce_dw_etl_decorator.load.load_dim_geolocation manual__2025-05-08T15:10:54.446886+00:00 [queued]>
[2025-05-08T15:11:50.344+0000] {taskinstance.py:2306} INFO - Starting attempt 1 of 1
[2025-05-08T15:11:50.366+0000] {taskinstance.py:2330} INFO - Executing <Task(PythonOperator): load.load_dim_geolocation> on 2025-05-08 15:10:54.446886+00:00
[2025-05-08T15:11:50.377+0000] {standard_task_runner.py:63} INFO - Started process 11720 to run task
[2025-05-08T15:11:50.383+0000] {standard_task_runner.py:90} INFO - Running: ['***', 'tasks', 'run', 'e_commerce_dw_etl_decorator', 'load.load_dim_geolocation', 'manual__2025-05-08T15:10:54.446886+00:00', '--job-id', '140', '--raw', '--subdir', 'DAGS_FOLDER/ecommerce_dw_dag.py', '--cfg-path', '/tmp/tmpzaoj6m2r']
[2025-05-08T15:11:50.386+0000] {standard_task_runner.py:91} INFO - Job 140: Subtask load.load_dim_geolocation
[2025-05-08T15:11:50.462+0000] {task_command.py:426} INFO - Running <TaskInstance: e_commerce_dw_etl_decorator.load.load_dim_geolocation manual__2025-05-08T15:10:54.446886+00:00 [running]> on host ebff8b55cad8
[2025-05-08T15:11:50.601+0000] {taskinstance.py:2648} INFO - Exporting env vars: AIRFLOW_CTX_DAG_OWNER='***' AIRFLOW_CTX_DAG_ID='e_commerce_dw_etl_decorator' AIRFLOW_CTX_TASK_ID='load.load_dim_geolocation' AIRFLOW_CTX_EXECUTION_DATE='2025-05-08T15:10:54.446886+00:00' AIRFLOW_CTX_TRY_NUMBER='1' AIRFLOW_CTX_DAG_RUN_ID='manual__2025-05-08T15:10:54.446886+00:00'
[2025-05-08T15:11:50.603+0000] {taskinstance.py:430} INFO - ::endgroup::
[2025-05-08T15:11:50.605+0000] {logging_mixin.py:188} INFO - Loading latest file: /tmp/dim_geolocation_08May2025.parquet
[2025-05-08T15:11:50.754+0000] {base.py:84} INFO - Using connection ID 'postgres' for task execution.
[2025-05-08T15:11:51.823+0000] {logging_mixin.py:188} INFO - Loaded data to dim_geolocation successfully.
[2025-05-08T15:11:51.825+0000] {python.py:237} INFO - Done. Returned value was: None
[2025-05-08T15:11:51.826+0000] {taskinstance.py:441} INFO - ::group::Post task execution logs
[2025-05-08T15:11:51.838+0000] {taskinstance.py:1206} INFO - Marking task as SUCCESS. dag_id=e_commerce_dw_etl_decorator, task_id=load.load_dim_geolocation, run_id=manual__2025-05-08T15:10:54.446886+00:00, execution_date=20250508T151054, start_date=20250508T151150, end_date=20250508T151151
[2025-05-08T15:11:51.901+0000] {local_task_job_runner.py:240} INFO - Task exited with return code 0
[2025-05-08T15:11:51.927+0000] {taskinstance.py:3503} INFO - 0 downstream tasks scheduled from follow-on schedule check
[2025-05-08T15:11:51.931+0000] {local_task_job_runner.py:222} INFO - ::endgroup::
