[2025-05-08T12:11:53.218+0000] {local_task_job_runner.py:120} INFO - ::group::Pre task execution logs
[2025-05-08T12:11:53.273+0000] {taskinstance.py:2076} INFO - Dependencies all met for dep_context=non-requeueable deps ti=<TaskInstance: e_commerce_dw_etl_decorator.extract.extract_and_load_to_staging manual__2025-05-08T12:11:51.889487+00:00 [queued]>
[2025-05-08T12:11:53.285+0000] {taskinstance.py:2076} INFO - Dependencies all met for dep_context=requeueable deps ti=<TaskInstance: e_commerce_dw_etl_decorator.extract.extract_and_load_to_staging manual__2025-05-08T12:11:51.889487+00:00 [queued]>
[2025-05-08T12:11:53.287+0000] {taskinstance.py:2306} INFO - Starting attempt 1 of 1
[2025-05-08T12:11:53.303+0000] {taskinstance.py:2330} INFO - Executing <Task(PythonOperator): extract.extract_and_load_to_staging> on 2025-05-08 12:11:51.889487+00:00
[2025-05-08T12:11:53.313+0000] {standard_task_runner.py:63} INFO - Started process 401 to run task
[2025-05-08T12:11:53.318+0000] {standard_task_runner.py:90} INFO - Running: ['***', 'tasks', 'run', 'e_commerce_dw_etl_decorator', 'extract.extract_and_load_to_staging', 'manual__2025-05-08T12:11:51.889487+00:00', '--job-id', '104', '--raw', '--subdir', 'DAGS_FOLDER/ecommerce_dw_dag.py', '--cfg-path', '/tmp/tmpv0a0rx62']
[2025-05-08T12:11:53.322+0000] {standard_task_runner.py:91} INFO - Job 104: Subtask extract.extract_and_load_to_staging
[2025-05-08T12:11:53.401+0000] {task_command.py:426} INFO - Running <TaskInstance: e_commerce_dw_etl_decorator.extract.extract_and_load_to_staging manual__2025-05-08T12:11:51.889487+00:00 [running]> on host ebff8b55cad8
[2025-05-08T12:11:53.522+0000] {taskinstance.py:2648} INFO - Exporting env vars: AIRFLOW_CTX_DAG_OWNER='***' AIRFLOW_CTX_DAG_ID='e_commerce_dw_etl_decorator' AIRFLOW_CTX_TASK_ID='extract.extract_and_load_to_staging' AIRFLOW_CTX_EXECUTION_DATE='2025-05-08T12:11:51.889487+00:00' AIRFLOW_CTX_TRY_NUMBER='1' AIRFLOW_CTX_DAG_RUN_ID='manual__2025-05-08T12:11:51.889487+00:00'
[2025-05-08T12:11:53.524+0000] {taskinstance.py:430} INFO - ::endgroup::
[2025-05-08T12:11:53.534+0000] {base.py:84} INFO - Using connection ID 'mysql' for task execution.
[2025-05-08T12:11:53.576+0000] {base.py:84} INFO - Using connection ID 'mysql' for task execution.
[2025-05-08T12:11:53.589+0000] {logging_mixin.py:188} WARNING - /home/***/.local/lib/python3.10/site-packages/***/providers/common/sql/hooks/sql.py:263 UserWarning: pandas only supports SQLAlchemy connectable (engine/connection) or database string URI or sqlite3 DBAPI2 connection. Other DBAPI2 objects are not tested. Please consider using SQLAlchemy.
[2025-05-08T12:11:54.190+0000] {base.py:84} INFO - Using connection ID 'postgres' for task execution.
[2025-05-08T12:11:59.121+0000] {logging_mixin.py:188} INFO - Extracted and saved order_items from MySQL to PostgreSQL staging
[2025-05-08T12:11:59.129+0000] {base.py:84} INFO - Using connection ID 'mysql' for task execution.
[2025-05-08T12:11:59.133+0000] {logging_mixin.py:188} WARNING - /home/***/.local/lib/python3.10/site-packages/***/providers/common/sql/hooks/sql.py:263 UserWarning: pandas only supports SQLAlchemy connectable (engine/connection) or database string URI or sqlite3 DBAPI2 connection. Other DBAPI2 objects are not tested. Please consider using SQLAlchemy.
[2025-05-08T12:11:59.647+0000] {base.py:84} INFO - Using connection ID 'postgres' for task execution.
[2025-05-08T12:12:02.893+0000] {logging_mixin.py:188} INFO - Extracted and saved order_reviews from MySQL to PostgreSQL staging
[2025-05-08T12:12:02.901+0000] {base.py:84} INFO - Using connection ID 'mysql' for task execution.
[2025-05-08T12:12:02.905+0000] {logging_mixin.py:188} WARNING - /home/***/.local/lib/python3.10/site-packages/***/providers/common/sql/hooks/sql.py:263 UserWarning: pandas only supports SQLAlchemy connectable (engine/connection) or database string URI or sqlite3 DBAPI2 connection. Other DBAPI2 objects are not tested. Please consider using SQLAlchemy.
[2025-05-08T12:12:03.324+0000] {base.py:84} INFO - Using connection ID 'postgres' for task execution.
[2025-05-08T12:12:05.651+0000] {logging_mixin.py:188} INFO - Extracted and saved customers from MySQL to PostgreSQL staging
[2025-05-08T12:12:05.660+0000] {base.py:84} INFO - Using connection ID 'mysql' for task execution.
[2025-05-08T12:12:05.663+0000] {logging_mixin.py:188} WARNING - /home/***/.local/lib/python3.10/site-packages/***/providers/common/sql/hooks/sql.py:263 UserWarning: pandas only supports SQLAlchemy connectable (engine/connection) or database string URI or sqlite3 DBAPI2 connection. Other DBAPI2 objects are not tested. Please consider using SQLAlchemy.
[2025-05-08T12:12:05.694+0000] {base.py:84} INFO - Using connection ID 'postgres' for task execution.
[2025-05-08T12:12:05.768+0000] {logging_mixin.py:188} INFO - Extracted and saved sellers from MySQL to PostgreSQL staging
[2025-05-08T12:12:05.777+0000] {base.py:84} INFO - Using connection ID 'mysql' for task execution.
[2025-05-08T12:12:05.781+0000] {logging_mixin.py:188} WARNING - /home/***/.local/lib/python3.10/site-packages/***/providers/common/sql/hooks/sql.py:263 UserWarning: pandas only supports SQLAlchemy connectable (engine/connection) or database string URI or sqlite3 DBAPI2 connection. Other DBAPI2 objects are not tested. Please consider using SQLAlchemy.
[2025-05-08T12:12:06.669+0000] {base.py:84} INFO - Using connection ID 'postgres' for task execution.
[2025-05-08T12:12:10.849+0000] {logging_mixin.py:188} INFO - Extracted and saved orders from MySQL to PostgreSQL staging
[2025-05-08T12:12:10.862+0000] {base.py:84} INFO - Using connection ID 'mysql' for task execution.
[2025-05-08T12:12:10.868+0000] {logging_mixin.py:188} WARNING - /home/***/.local/lib/python3.10/site-packages/***/providers/common/sql/hooks/sql.py:263 UserWarning: pandas only supports SQLAlchemy connectable (engine/connection) or database string URI or sqlite3 DBAPI2 connection. Other DBAPI2 objects are not tested. Please consider using SQLAlchemy.
[2025-05-08T12:12:12.362+0000] {base.py:84} INFO - Using connection ID 'postgres' for task execution.
[2025-05-08T12:12:38.660+0000] {logging_mixin.py:188} INFO - Extracted and saved geolocation from MySQL to PostgreSQL staging
[2025-05-08T12:12:38.668+0000] {base.py:84} INFO - Using connection ID 'mysql' for task execution.
[2025-05-08T12:12:38.672+0000] {logging_mixin.py:188} WARNING - /home/***/.local/lib/python3.10/site-packages/***/providers/common/sql/hooks/sql.py:263 UserWarning: pandas only supports SQLAlchemy connectable (engine/connection) or database string URI or sqlite3 DBAPI2 connection. Other DBAPI2 objects are not tested. Please consider using SQLAlchemy.
[2025-05-08T12:12:38.968+0000] {base.py:84} INFO - Using connection ID 'postgres' for task execution.
[2025-05-08T12:12:41.470+0000] {logging_mixin.py:188} INFO - Extracted and saved payments from MySQL to PostgreSQL staging
[2025-05-08T12:12:41.477+0000] {base.py:84} INFO - Using connection ID 'mysql' for task execution.
[2025-05-08T12:12:41.482+0000] {logging_mixin.py:188} WARNING - /home/***/.local/lib/python3.10/site-packages/***/providers/common/sql/hooks/sql.py:263 UserWarning: pandas only supports SQLAlchemy connectable (engine/connection) or database string URI or sqlite3 DBAPI2 connection. Other DBAPI2 objects are not tested. Please consider using SQLAlchemy.
[2025-05-08T12:12:41.502+0000] {base.py:84} INFO - Using connection ID 'postgres' for task execution.
[2025-05-08T12:12:41.534+0000] {logging_mixin.py:188} INFO - Extracted and saved product_category_name_translation from MySQL to PostgreSQL staging
[2025-05-08T12:12:41.541+0000] {base.py:84} INFO - Using connection ID 'mysql' for task execution.
[2025-05-08T12:12:41.545+0000] {logging_mixin.py:188} WARNING - /home/***/.local/lib/python3.10/site-packages/***/providers/common/sql/hooks/sql.py:263 UserWarning: pandas only supports SQLAlchemy connectable (engine/connection) or database string URI or sqlite3 DBAPI2 connection. Other DBAPI2 objects are not tested. Please consider using SQLAlchemy.
[2025-05-08T12:12:41.356+0000] {base.py:84} INFO - Using connection ID 'postgres' for task execution.
[2025-05-08T12:12:42.145+0000] {logging_mixin.py:188} INFO - Extracted and saved products from MySQL to PostgreSQL staging
[2025-05-08T12:12:42.147+0000] {python.py:237} INFO - Done. Returned value was: None
[2025-05-08T12:12:42.147+0000] {taskinstance.py:441} INFO - ::group::Post task execution logs
[2025-05-08T12:12:42.161+0000] {taskinstance.py:1206} INFO - Marking task as SUCCESS. dag_id=e_commerce_dw_etl_decorator, task_id=extract.extract_and_load_to_staging, run_id=manual__2025-05-08T12:11:51.889487+00:00, execution_date=20250508T121151, start_date=20250508T121153, end_date=20250508T121242
[2025-05-08T12:12:42.213+0000] {local_task_job_runner.py:240} INFO - Task exited with return code 0
[2025-05-08T12:12:42.234+0000] {taskinstance.py:3503} INFO - 0 downstream tasks scheduled from follow-on schedule check
[2025-05-08T12:12:42.237+0000] {local_task_job_runner.py:222} INFO - ::endgroup::
