[2025-05-08T15:17:25.924+0000] {local_task_job_runner.py:120} INFO - ::group::Pre task execution logs
[2025-05-08T15:17:25.977+0000] {taskinstance.py:2076} INFO - Dependencies all met for dep_context=non-requeueable deps ti=<TaskInstance: e_commerce_dw_etl_decorator.extract.extract_and_load_to_staging manual__2025-05-08T15:17:25.111912+00:00 [queued]>
[2025-05-08T15:17:25.993+0000] {taskinstance.py:2076} INFO - Dependencies all met for dep_context=requeueable deps ti=<TaskInstance: e_commerce_dw_etl_decorator.extract.extract_and_load_to_staging manual__2025-05-08T15:17:25.111912+00:00 [queued]>
[2025-05-08T15:17:25.994+0000] {taskinstance.py:2306} INFO - Starting attempt 1 of 1
[2025-05-08T15:17:26.022+0000] {taskinstance.py:2330} INFO - Executing <Task(PythonOperator): extract.extract_and_load_to_staging> on 2025-05-08 15:17:25.111912+00:00
[2025-05-08T15:17:26.050+0000] {standard_task_runner.py:63} INFO - Started process 12130 to run task
[2025-05-08T15:17:26.056+0000] {standard_task_runner.py:90} INFO - Running: ['***', 'tasks', 'run', 'e_commerce_dw_etl_decorator', 'extract.extract_and_load_to_staging', 'manual__2025-05-08T15:17:25.111912+00:00', '--job-id', '143', '--raw', '--subdir', 'DAGS_FOLDER/ecommerce_dw_dag.py', '--cfg-path', '/tmp/tmp8nugm77u']
[2025-05-08T15:17:26.059+0000] {standard_task_runner.py:91} INFO - Job 143: Subtask extract.extract_and_load_to_staging
[2025-05-08T15:17:26.154+0000] {task_command.py:426} INFO - Running <TaskInstance: e_commerce_dw_etl_decorator.extract.extract_and_load_to_staging manual__2025-05-08T15:17:25.111912+00:00 [running]> on host ebff8b55cad8
[2025-05-08T15:17:26.284+0000] {taskinstance.py:2648} INFO - Exporting env vars: AIRFLOW_CTX_DAG_OWNER='***' AIRFLOW_CTX_DAG_ID='e_commerce_dw_etl_decorator' AIRFLOW_CTX_TASK_ID='extract.extract_and_load_to_staging' AIRFLOW_CTX_EXECUTION_DATE='2025-05-08T15:17:25.111912+00:00' AIRFLOW_CTX_TRY_NUMBER='1' AIRFLOW_CTX_DAG_RUN_ID='manual__2025-05-08T15:17:25.111912+00:00'
[2025-05-08T15:17:26.287+0000] {taskinstance.py:430} INFO - ::endgroup::
[2025-05-08T15:17:26.302+0000] {base.py:84} INFO - Using connection ID 'mysql' for task execution.
[2025-05-08T15:17:26.329+0000] {base.py:84} INFO - Using connection ID 'mysql' for task execution.
[2025-05-08T15:17:26.346+0000] {logging_mixin.py:188} WARNING - /home/***/.local/lib/python3.10/site-packages/***/providers/common/sql/hooks/sql.py:263 UserWarning: pandas only supports SQLAlchemy connectable (engine/connection) or database string URI or sqlite3 DBAPI2 connection. Other DBAPI2 objects are not tested. Please consider using SQLAlchemy.
[2025-05-08T15:17:27.046+0000] {base.py:84} INFO - Using connection ID 'postgres' for task execution.
[2025-05-08T15:17:31.653+0000] {logging_mixin.py:188} INFO - Extracted and saved order_items from MySQL to PostgreSQL staging
[2025-05-08T15:17:31.662+0000] {base.py:84} INFO - Using connection ID 'mysql' for task execution.
[2025-05-08T15:17:31.667+0000] {logging_mixin.py:188} WARNING - /home/***/.local/lib/python3.10/site-packages/***/providers/common/sql/hooks/sql.py:263 UserWarning: pandas only supports SQLAlchemy connectable (engine/connection) or database string URI or sqlite3 DBAPI2 connection. Other DBAPI2 objects are not tested. Please consider using SQLAlchemy.
[2025-05-08T15:17:32.191+0000] {base.py:84} INFO - Using connection ID 'postgres' for task execution.
[2025-05-08T15:17:35.698+0000] {logging_mixin.py:188} INFO - Extracted and saved order_reviews from MySQL to PostgreSQL staging
[2025-05-08T15:17:35.706+0000] {base.py:84} INFO - Using connection ID 'mysql' for task execution.
[2025-05-08T15:17:35.711+0000] {logging_mixin.py:188} WARNING - /home/***/.local/lib/python3.10/site-packages/***/providers/common/sql/hooks/sql.py:263 UserWarning: pandas only supports SQLAlchemy connectable (engine/connection) or database string URI or sqlite3 DBAPI2 connection. Other DBAPI2 objects are not tested. Please consider using SQLAlchemy.
[2025-05-08T15:17:35.931+0000] {base.py:84} INFO - Using connection ID 'postgres' for task execution.
[2025-05-08T15:17:38.435+0000] {logging_mixin.py:188} INFO - Extracted and saved customers from MySQL to PostgreSQL staging
[2025-05-08T15:17:38.443+0000] {base.py:84} INFO - Using connection ID 'mysql' for task execution.
[2025-05-08T15:17:38.448+0000] {logging_mixin.py:188} WARNING - /home/***/.local/lib/python3.10/site-packages/***/providers/common/sql/hooks/sql.py:263 UserWarning: pandas only supports SQLAlchemy connectable (engine/connection) or database string URI or sqlite3 DBAPI2 connection. Other DBAPI2 objects are not tested. Please consider using SQLAlchemy.
[2025-05-08T15:17:38.474+0000] {base.py:84} INFO - Using connection ID 'postgres' for task execution.
[2025-05-08T15:17:38.590+0000] {logging_mixin.py:188} INFO - Extracted and saved sellers from MySQL to PostgreSQL staging
[2025-05-08T15:17:38.599+0000] {base.py:84} INFO - Using connection ID 'mysql' for task execution.
[2025-05-08T15:17:38.606+0000] {logging_mixin.py:188} WARNING - /home/***/.local/lib/python3.10/site-packages/***/providers/common/sql/hooks/sql.py:263 UserWarning: pandas only supports SQLAlchemy connectable (engine/connection) or database string URI or sqlite3 DBAPI2 connection. Other DBAPI2 objects are not tested. Please consider using SQLAlchemy.
[2025-05-08T15:17:39.430+0000] {base.py:84} INFO - Using connection ID 'postgres' for task execution.
[2025-05-08T15:17:43.385+0000] {logging_mixin.py:188} INFO - Extracted and saved orders from MySQL to PostgreSQL staging
[2025-05-08T15:17:43.393+0000] {base.py:84} INFO - Using connection ID 'mysql' for task execution.
[2025-05-08T15:17:43.398+0000] {logging_mixin.py:188} WARNING - /home/***/.local/lib/python3.10/site-packages/***/providers/common/sql/hooks/sql.py:263 UserWarning: pandas only supports SQLAlchemy connectable (engine/connection) or database string URI or sqlite3 DBAPI2 connection. Other DBAPI2 objects are not tested. Please consider using SQLAlchemy.
[2025-05-08T15:17:45.949+0000] {base.py:84} INFO - Using connection ID 'postgres' for task execution.
[2025-05-08T15:18:10.911+0000] {logging_mixin.py:188} INFO - Extracted and saved geolocation from MySQL to PostgreSQL staging
[2025-05-08T15:18:10.920+0000] {base.py:84} INFO - Using connection ID 'mysql' for task execution.
[2025-05-08T15:18:10.925+0000] {logging_mixin.py:188} WARNING - /home/***/.local/lib/python3.10/site-packages/***/providers/common/sql/hooks/sql.py:263 UserWarning: pandas only supports SQLAlchemy connectable (engine/connection) or database string URI or sqlite3 DBAPI2 connection. Other DBAPI2 objects are not tested. Please consider using SQLAlchemy.
[2025-05-08T15:18:11.434+0000] {base.py:84} INFO - Using connection ID 'postgres' for task execution.
[2025-05-08T15:18:14.133+0000] {logging_mixin.py:188} INFO - Extracted and saved payments from MySQL to PostgreSQL staging
[2025-05-08T15:18:14.141+0000] {base.py:84} INFO - Using connection ID 'mysql' for task execution.
[2025-05-08T15:18:14.146+0000] {logging_mixin.py:188} WARNING - /home/***/.local/lib/python3.10/site-packages/***/providers/common/sql/hooks/sql.py:263 UserWarning: pandas only supports SQLAlchemy connectable (engine/connection) or database string URI or sqlite3 DBAPI2 connection. Other DBAPI2 objects are not tested. Please consider using SQLAlchemy.
[2025-05-08T15:18:14.162+0000] {base.py:84} INFO - Using connection ID 'postgres' for task execution.
[2025-05-08T15:18:14.216+0000] {logging_mixin.py:188} INFO - Extracted and saved product_category_name_translation from MySQL to PostgreSQL staging
[2025-05-08T15:18:14.224+0000] {base.py:84} INFO - Using connection ID 'mysql' for task execution.
[2025-05-08T15:18:14.228+0000] {logging_mixin.py:188} WARNING - /home/***/.local/lib/python3.10/site-packages/***/providers/common/sql/hooks/sql.py:263 UserWarning: pandas only supports SQLAlchemy connectable (engine/connection) or database string URI or sqlite3 DBAPI2 connection. Other DBAPI2 objects are not tested. Please consider using SQLAlchemy.
[2025-05-08T15:18:14.343+0000] {base.py:84} INFO - Using connection ID 'postgres' for task execution.
[2025-05-08T15:18:15.679+0000] {logging_mixin.py:188} INFO - Extracted and saved products from MySQL to PostgreSQL staging
[2025-05-08T15:18:15.680+0000] {logging_mixin.py:188} INFO - Done extracted data to staging
[2025-05-08T15:18:15.681+0000] {python.py:237} INFO - Done. Returned value was: None
[2025-05-08T15:18:15.682+0000] {taskinstance.py:441} INFO - ::group::Post task execution logs
[2025-05-08T15:18:15.692+0000] {taskinstance.py:1206} INFO - Marking task as SUCCESS. dag_id=e_commerce_dw_etl_decorator, task_id=extract.extract_and_load_to_staging, run_id=manual__2025-05-08T15:17:25.111912+00:00, execution_date=20250508T151725, start_date=20250508T151725, end_date=20250508T151815
[2025-05-08T15:18:15.747+0000] {local_task_job_runner.py:240} INFO - Task exited with return code 0
[2025-05-08T15:18:15.791+0000] {taskinstance.py:3503} INFO - 7 downstream tasks scheduled from follow-on schedule check
[2025-05-08T15:18:15.795+0000] {local_task_job_runner.py:222} INFO - ::endgroup::
