[2025-05-08T15:10:55.968+0000] {local_task_job_runner.py:120} INFO - ::group::Pre task execution logs
[2025-05-08T15:10:56.005+0000] {taskinstance.py:2076} INFO - Dependencies all met for dep_context=non-requeueable deps ti=<TaskInstance: e_commerce_dw_etl_decorator.extract.extract_and_load_to_staging manual__2025-05-08T15:10:54.446886+00:00 [queued]>
[2025-05-08T15:10:56.015+0000] {taskinstance.py:2076} INFO - Dependencies all met for dep_context=requeueable deps ti=<TaskInstance: e_commerce_dw_etl_decorator.extract.extract_and_load_to_staging manual__2025-05-08T15:10:54.446886+00:00 [queued]>
[2025-05-08T15:10:56.016+0000] {taskinstance.py:2306} INFO - Starting attempt 1 of 1
[2025-05-08T15:10:56.032+0000] {taskinstance.py:2330} INFO - Executing <Task(PythonOperator): extract.extract_and_load_to_staging> on 2025-05-08 15:10:54.446886+00:00
[2025-05-08T15:10:56.040+0000] {standard_task_runner.py:63} INFO - Started process 11617 to run task
[2025-05-08T15:10:56.044+0000] {standard_task_runner.py:90} INFO - Running: ['***', 'tasks', 'run', 'e_commerce_dw_etl_decorator', 'extract.extract_and_load_to_staging', 'manual__2025-05-08T15:10:54.446886+00:00', '--job-id', '128', '--raw', '--subdir', 'DAGS_FOLDER/ecommerce_dw_dag.py', '--cfg-path', '/tmp/tmpq1393jxu']
[2025-05-08T15:10:56.047+0000] {standard_task_runner.py:91} INFO - Job 128: Subtask extract.extract_and_load_to_staging
[2025-05-08T15:10:56.112+0000] {task_command.py:426} INFO - Running <TaskInstance: e_commerce_dw_etl_decorator.extract.extract_and_load_to_staging manual__2025-05-08T15:10:54.446886+00:00 [running]> on host ebff8b55cad8
[2025-05-08T15:10:56.224+0000] {taskinstance.py:2648} INFO - Exporting env vars: AIRFLOW_CTX_DAG_OWNER='***' AIRFLOW_CTX_DAG_ID='e_commerce_dw_etl_decorator' AIRFLOW_CTX_TASK_ID='extract.extract_and_load_to_staging' AIRFLOW_CTX_EXECUTION_DATE='2025-05-08T15:10:54.446886+00:00' AIRFLOW_CTX_TRY_NUMBER='1' AIRFLOW_CTX_DAG_RUN_ID='manual__2025-05-08T15:10:54.446886+00:00'
[2025-05-08T15:10:56.226+0000] {taskinstance.py:430} INFO - ::endgroup::
[2025-05-08T15:10:56.237+0000] {base.py:84} INFO - Using connection ID 'mysql' for task execution.
[2025-05-08T15:10:56.264+0000] {base.py:84} INFO - Using connection ID 'mysql' for task execution.
[2025-05-08T15:10:56.282+0000] {logging_mixin.py:188} WARNING - /home/***/.local/lib/python3.10/site-packages/***/providers/common/sql/hooks/sql.py:263 UserWarning: pandas only supports SQLAlchemy connectable (engine/connection) or database string URI or sqlite3 DBAPI2 connection. Other DBAPI2 objects are not tested. Please consider using SQLAlchemy.
[2025-05-08T15:10:56.909+0000] {base.py:84} INFO - Using connection ID 'postgres' for task execution.
[2025-05-08T15:10:59.256+0000] {logging_mixin.py:188} INFO - Extracted and saved order_items from MySQL to PostgreSQL staging
[2025-05-08T15:10:59.266+0000] {base.py:84} INFO - Using connection ID 'mysql' for task execution.
[2025-05-08T15:10:59.271+0000] {logging_mixin.py:188} WARNING - /home/***/.local/lib/python3.10/site-packages/***/providers/common/sql/hooks/sql.py:263 UserWarning: pandas only supports SQLAlchemy connectable (engine/connection) or database string URI or sqlite3 DBAPI2 connection. Other DBAPI2 objects are not tested. Please consider using SQLAlchemy.
[2025-05-08T15:10:59.808+0000] {base.py:84} INFO - Using connection ID 'postgres' for task execution.
[2025-05-08T15:11:03.340+0000] {logging_mixin.py:188} INFO - Extracted and saved order_reviews from MySQL to PostgreSQL staging
[2025-05-08T15:11:03.349+0000] {base.py:84} INFO - Using connection ID 'mysql' for task execution.
[2025-05-08T15:11:03.354+0000] {logging_mixin.py:188} WARNING - /home/***/.local/lib/python3.10/site-packages/***/providers/common/sql/hooks/sql.py:263 UserWarning: pandas only supports SQLAlchemy connectable (engine/connection) or database string URI or sqlite3 DBAPI2 connection. Other DBAPI2 objects are not tested. Please consider using SQLAlchemy.
[2025-05-08T15:11:03.650+0000] {base.py:84} INFO - Using connection ID 'postgres' for task execution.
[2025-05-08T15:11:06.029+0000] {logging_mixin.py:188} INFO - Extracted and saved customers from MySQL to PostgreSQL staging
[2025-05-08T15:11:06.037+0000] {base.py:84} INFO - Using connection ID 'mysql' for task execution.
[2025-05-08T15:11:06.042+0000] {logging_mixin.py:188} WARNING - /home/***/.local/lib/python3.10/site-packages/***/providers/common/sql/hooks/sql.py:263 UserWarning: pandas only supports SQLAlchemy connectable (engine/connection) or database string URI or sqlite3 DBAPI2 connection. Other DBAPI2 objects are not tested. Please consider using SQLAlchemy.
[2025-05-08T15:11:06.071+0000] {base.py:84} INFO - Using connection ID 'postgres' for task execution.
[2025-05-08T15:11:06.178+0000] {logging_mixin.py:188} INFO - Extracted and saved sellers from MySQL to PostgreSQL staging
[2025-05-08T15:11:06.186+0000] {base.py:84} INFO - Using connection ID 'mysql' for task execution.
[2025-05-08T15:11:06.191+0000] {logging_mixin.py:188} WARNING - /home/***/.local/lib/python3.10/site-packages/***/providers/common/sql/hooks/sql.py:263 UserWarning: pandas only supports SQLAlchemy connectable (engine/connection) or database string URI or sqlite3 DBAPI2 connection. Other DBAPI2 objects are not tested. Please consider using SQLAlchemy.
[2025-05-08T15:11:07.034+0000] {base.py:84} INFO - Using connection ID 'postgres' for task execution.
[2025-05-08T15:11:11.041+0000] {logging_mixin.py:188} INFO - Extracted and saved orders from MySQL to PostgreSQL staging
[2025-05-08T15:11:11.049+0000] {base.py:84} INFO - Using connection ID 'mysql' for task execution.
[2025-05-08T15:11:11.054+0000] {logging_mixin.py:188} WARNING - /home/***/.local/lib/python3.10/site-packages/***/providers/common/sql/hooks/sql.py:263 UserWarning: pandas only supports SQLAlchemy connectable (engine/connection) or database string URI or sqlite3 DBAPI2 connection. Other DBAPI2 objects are not tested. Please consider using SQLAlchemy.
[2025-05-08T15:11:13.164+0000] {base.py:84} INFO - Using connection ID 'postgres' for task execution.
[2025-05-08T15:11:39.897+0000] {logging_mixin.py:188} INFO - Extracted and saved geolocation from MySQL to PostgreSQL staging
[2025-05-08T15:11:39.909+0000] {base.py:84} INFO - Using connection ID 'mysql' for task execution.
[2025-05-08T15:11:39.917+0000] {logging_mixin.py:188} WARNING - /home/***/.local/lib/python3.10/site-packages/***/providers/common/sql/hooks/sql.py:263 UserWarning: pandas only supports SQLAlchemy connectable (engine/connection) or database string URI or sqlite3 DBAPI2 connection. Other DBAPI2 objects are not tested. Please consider using SQLAlchemy.
[2025-05-08T15:11:40.302+0000] {base.py:84} INFO - Using connection ID 'postgres' for task execution.
[2025-05-08T15:11:41.281+0000] {logging_mixin.py:188} INFO - Extracted and saved payments from MySQL to PostgreSQL staging
[2025-05-08T15:11:41.299+0000] {base.py:84} INFO - Using connection ID 'mysql' for task execution.
[2025-05-08T15:11:41.305+0000] {logging_mixin.py:188} WARNING - /home/***/.local/lib/python3.10/site-packages/***/providers/common/sql/hooks/sql.py:263 UserWarning: pandas only supports SQLAlchemy connectable (engine/connection) or database string URI or sqlite3 DBAPI2 connection. Other DBAPI2 objects are not tested. Please consider using SQLAlchemy.
[2025-05-08T15:11:41.323+0000] {base.py:84} INFO - Using connection ID 'postgres' for task execution.
[2025-05-08T15:11:41.379+0000] {logging_mixin.py:188} INFO - Extracted and saved product_category_name_translation from MySQL to PostgreSQL staging
[2025-05-08T15:11:41.386+0000] {base.py:84} INFO - Using connection ID 'mysql' for task execution.
[2025-05-08T15:11:41.390+0000] {logging_mixin.py:188} WARNING - /home/***/.local/lib/python3.10/site-packages/***/providers/common/sql/hooks/sql.py:263 UserWarning: pandas only supports SQLAlchemy connectable (engine/connection) or database string URI or sqlite3 DBAPI2 connection. Other DBAPI2 objects are not tested. Please consider using SQLAlchemy.
[2025-05-08T15:11:41.531+0000] {base.py:84} INFO - Using connection ID 'postgres' for task execution.
[2025-05-08T15:11:43.033+0000] {logging_mixin.py:188} INFO - Extracted and saved products from MySQL to PostgreSQL staging
[2025-05-08T15:11:43.034+0000] {logging_mixin.py:188} INFO - Done extracted data to staging
[2025-05-08T15:11:43.036+0000] {python.py:237} INFO - Done. Returned value was: None
[2025-05-08T15:11:43.037+0000] {taskinstance.py:441} INFO - ::group::Post task execution logs
[2025-05-08T15:11:43.050+0000] {taskinstance.py:1206} INFO - Marking task as SUCCESS. dag_id=e_commerce_dw_etl_decorator, task_id=extract.extract_and_load_to_staging, run_id=manual__2025-05-08T15:10:54.446886+00:00, execution_date=20250508T151054, start_date=20250508T151056, end_date=20250508T151143
[2025-05-08T15:11:43.091+0000] {local_task_job_runner.py:240} INFO - Task exited with return code 0
[2025-05-08T15:11:43.128+0000] {taskinstance.py:3503} INFO - 7 downstream tasks scheduled from follow-on schedule check
[2025-05-08T15:11:43.131+0000] {local_task_job_runner.py:222} INFO - ::endgroup::
