[2025-05-08T15:11:43.945+0000] {local_task_job_runner.py:120} INFO - ::group::Pre task execution logs
[2025-05-08T15:11:43.988+0000] {taskinstance.py:2076} INFO - Dependencies all met for dep_context=non-requeueable deps ti=<TaskInstance: e_commerce_dw_etl_decorator.transform.transform_dim_products manual__2025-05-08T15:10:54.446886+00:00 [queued]>
[2025-05-08T15:11:44.001+0000] {taskinstance.py:2076} INFO - Dependencies all met for dep_context=requeueable deps ti=<TaskInstance: e_commerce_dw_etl_decorator.transform.transform_dim_products manual__2025-05-08T15:10:54.446886+00:00 [queued]>
[2025-05-08T15:11:44.002+0000] {taskinstance.py:2306} INFO - Starting attempt 1 of 1
[2025-05-08T15:11:44.026+0000] {taskinstance.py:2330} INFO - Executing <Task(PythonOperator): transform.transform_dim_products> on 2025-05-08 15:10:54.446886+00:00
[2025-05-08T15:11:44.039+0000] {standard_task_runner.py:63} INFO - Started process 11682 to run task
[2025-05-08T15:11:44.046+0000] {standard_task_runner.py:90} INFO - Running: ['***', 'tasks', 'run', 'e_commerce_dw_etl_decorator', 'transform.transform_dim_products', 'manual__2025-05-08T15:10:54.446886+00:00', '--job-id', '135', '--raw', '--subdir', 'DAGS_FOLDER/ecommerce_dw_dag.py', '--cfg-path', '/tmp/tmp_qwprurq']
[2025-05-08T15:11:44.051+0000] {standard_task_runner.py:91} INFO - Job 135: Subtask transform.transform_dim_products
[2025-05-08T15:11:44.161+0000] {task_command.py:426} INFO - Running <TaskInstance: e_commerce_dw_etl_decorator.transform.transform_dim_products manual__2025-05-08T15:10:54.446886+00:00 [running]> on host ebff8b55cad8
[2025-05-08T15:11:44.316+0000] {taskinstance.py:2648} INFO - Exporting env vars: AIRFLOW_CTX_DAG_OWNER='***' AIRFLOW_CTX_DAG_ID='e_commerce_dw_etl_decorator' AIRFLOW_CTX_TASK_ID='transform.transform_dim_products' AIRFLOW_CTX_EXECUTION_DATE='2025-05-08T15:10:54.446886+00:00' AIRFLOW_CTX_TRY_NUMBER='1' AIRFLOW_CTX_DAG_RUN_ID='manual__2025-05-08T15:10:54.446886+00:00'
[2025-05-08T15:11:44.317+0000] {taskinstance.py:430} INFO - ::endgroup::
[2025-05-08T15:11:44.331+0000] {base.py:84} INFO - Using connection ID 'postgres' for task execution.
[2025-05-08T15:11:44.355+0000] {logging_mixin.py:188} WARNING - /home/***/.local/lib/python3.10/site-packages/***/providers/common/sql/hooks/sql.py:263 UserWarning: pandas only supports SQLAlchemy connectable (engine/connection) or database string URI or sqlite3 DBAPI2 connection. Other DBAPI2 objects are not tested. Please consider using SQLAlchemy.
[2025-05-08T15:11:44.556+0000] {base.py:84} INFO - Using connection ID 'postgres' for task execution.
[2025-05-08T15:11:44.565+0000] {logging_mixin.py:188} WARNING - /home/***/.local/lib/python3.10/site-packages/***/providers/common/sql/hooks/sql.py:263 UserWarning: pandas only supports SQLAlchemy connectable (engine/connection) or database string URI or sqlite3 DBAPI2 connection. Other DBAPI2 objects are not tested. Please consider using SQLAlchemy.
[2025-05-08T15:11:44.734+0000] {logging_mixin.py:188} INFO - Transformed and Saved data to dim_products
[2025-05-08T15:11:44.739+0000] {python.py:237} INFO - Done. Returned value was: None
[2025-05-08T15:11:44.740+0000] {taskinstance.py:441} INFO - ::group::Post task execution logs
[2025-05-08T15:11:44.757+0000] {taskinstance.py:1206} INFO - Marking task as SUCCESS. dag_id=e_commerce_dw_etl_decorator, task_id=transform.transform_dim_products, run_id=manual__2025-05-08T15:10:54.446886+00:00, execution_date=20250508T151054, start_date=20250508T151143, end_date=20250508T151144
[2025-05-08T15:11:44.826+0000] {local_task_job_runner.py:240} INFO - Task exited with return code 0
[2025-05-08T15:11:44.869+0000] {taskinstance.py:3503} INFO - 0 downstream tasks scheduled from follow-on schedule check
[2025-05-08T15:11:44.873+0000] {local_task_job_runner.py:222} INFO - ::endgroup::
